[main] INFO soot.jimple.infoflow.cmd.MainClass - Analyzing app /home/hedj/Work/CleanPathEdge/artifacts/benchmarks/sparsedroidBenchmark/com.ilm.sandwich_2.2.4f.apk (1 of 1)...
[main] INFO soot.jimple.infoflow.android.SetupApplication - Initializing Soot...
[main] INFO soot.jimple.infoflow.android.SetupApplication - Loading dex files...
[main] INFO soot.jimple.infoflow.android.SetupApplication - ARSC file parsing took 0.022008006 seconds
[main] INFO soot.jimple.infoflow.memory.MemoryWarningSystem - Registered a memory warning system for 184,320 MiB
[main] INFO soot.jimple.infoflow.android.entryPointCreators.AndroidEntryPointCreator - Creating Android entry point for 7 components...
[main] INFO soot.jimple.infoflow.android.SetupApplication - Constructing the callgraph...
[main] INFO soot.jimple.infoflow.android.callbacks.DefaultCallbackAnalyzer - Collecting callbacks in DEFAULT mode...
[main] INFO soot.jimple.infoflow.android.callbacks.DefaultCallbackAnalyzer - Callback analysis done.
[main] ERROR soot.jimple.infoflow.android.SetupApplication - Callback method abortGPS not found in class com.ilm.sandwich.GoogleMap
[main] INFO soot.jimple.infoflow.android.entryPointCreators.AndroidEntryPointCreator - Creating Android entry point for 7 components...
[main] INFO soot.jimple.infoflow.android.SetupApplication - Constructing the callgraph...
[main] INFO soot.jimple.infoflow.android.callbacks.DefaultCallbackAnalyzer - Running incremental callback analysis for 8 components...
[main] INFO soot.jimple.infoflow.android.callbacks.DefaultCallbackAnalyzer - Incremental callback analysis done.
[main] ERROR soot.jimple.infoflow.android.SetupApplication - Callback method abortGPS not found in class com.ilm.sandwich.GoogleMap
[main] INFO soot.jimple.infoflow.android.entryPointCreators.AndroidEntryPointCreator - Creating Android entry point for 7 components...
[main] INFO soot.jimple.infoflow.android.SetupApplication - Constructing the callgraph...
[main] INFO soot.jimple.infoflow.android.callbacks.DefaultCallbackAnalyzer - Running incremental callback analysis for 3 components...
[main] INFO soot.jimple.infoflow.android.callbacks.DefaultCallbackAnalyzer - Incremental callback analysis done.
[main] ERROR soot.jimple.infoflow.android.SetupApplication - Callback method abortGPS not found in class com.ilm.sandwich.GoogleMap
[main] INFO soot.jimple.infoflow.android.entryPointCreators.AndroidEntryPointCreator - Creating Android entry point for 7 components...
[main] INFO soot.jimple.infoflow.android.SetupApplication - Constructing the callgraph...
[main] INFO soot.jimple.infoflow.android.callbacks.DefaultCallbackAnalyzer - Running incremental callback analysis for 0 components...
[main] INFO soot.jimple.infoflow.android.callbacks.DefaultCallbackAnalyzer - Incremental callback analysis done.
[main] ERROR soot.jimple.infoflow.android.SetupApplication - Callback method abortGPS not found in class com.ilm.sandwich.GoogleMap
[main] INFO soot.jimple.infoflow.memory.MemoryWarningSystem - Shutting down the memory warning system...
[main] INFO soot.jimple.infoflow.android.SetupApplication - Callback analysis terminated normally
[main] INFO soot.jimple.infoflow.android.SetupApplication - Entry point calculation done.
[main] WARN soot.jimple.infoflow.android.data.parsers.PermissionMethodParser - Line does not match: <org.springframework.web.servlet.tags.UrlTag: java.lang.String createUrl)> -> _SINK_
[main] WARN soot.jimple.infoflow.android.data.parsers.PermissionMethodParser - Line does not match: <org.springframework.orm.hibernate3.support.ClobStringType: int[] sqlTypes)> -> _SINK_
[main] WARN soot.jimple.infoflow.android.data.parsers.PermissionMethodParser - Line does not match: <org.springframework.security.config.http.CsrfBeanDefinitionParser: org.springframework.beans.factory.config.BeanDefinition getCsrfLogoutHandler)> -> _SOURCE_
[main] WARN soot.jimple.infoflow.android.data.parsers.PermissionMethodParser - Line does not match: <java.io.File: java.io.File getAbsoluteFile)> -> _SOURCE_
[main] WARN soot.jimple.infoflow.android.data.parsers.PermissionMethodParser - Line does not match: <org.springframework.security.config.http.FormLoginBeanDefinitionParser: java.lang.String getLoginPage)> -> _SOURCE_
[main] WARN soot.jimple.infoflow.android.data.parsers.PermissionMethodParser - Line does not match: <com.google.auth.oauth2.UserCredentials: java.lang.String getClientSecret)> -> _SOURCE_
[main] WARN soot.jimple.infoflow.android.data.parsers.PermissionMethodParser - Line does not match: <org.springframework.web.servlet.tags.UrlTag: java.lang.String createUrl)> -> _SOURCE_
[main] WARN soot.jimple.infoflow.android.data.parsers.PermissionMethodParser - Line does not match: <java.io.File: java.io.File getCanonicalFile)> -> _SOURCE_
[main] WARN soot.jimple.infoflow.android.data.parsers.PermissionMethodParser - Line does not match: <org.apache.xmlrpc.webserver.RequestData: java.lang.String getMethod)> -> _SOURCE_
[main] WARN soot.jimple.infoflow.android.data.parsers.PermissionMethodParser - Line does not match: <org.dmfs.oauth2.client.http.requests.ResourceOwnerPasswordTokenRequest: org.dmfs.httpclient.HttpRequestEntity requestEntity)> -> _SOURCE_
[main] WARN soot.jimple.infoflow.android.data.parsers.PermissionMethodParser - Line does not match: <org.springframework.security.concurrent.DelegatingSecurityContextExecutorService: java.util.concurrent.ExecutorService getDelegate)> -> _SOURCE_
[main] WARN soot.jimple.infoflow.android.data.parsers.PermissionMethodParser - Line does not match: <org.springframework.security.config.annotation.web.builders.HttpSecurity: org.springframework.security.config.'annotation'.web.configurers.HeadersConfigurer headers)> -> _SOURCE_
[main] WARN soot.jimple.infoflow.android.data.parsers.PermissionMethodParser - Line does not match: <org.springframework.web.servlet.tags.EscapeBodyTag: java.lang.String readBodyContent)> -> _SOURCE_
[main] WARN soot.jimple.infoflow.android.data.parsers.PermissionMethodParser - Line does not match: <org.springframework.security.config.http.FormLoginBeanDefinitionParser: java.lang.String getLoginProcessingUrl)> -> _SOURCE_
[main] WARN soot.jimple.infoflow.android.data.parsers.PermissionMethodParser - Line does not match: <org.springframework.security.config.annotation.web.configurers.LogoutConfigurer: java.util.List getLogoutHandlers)> -> _SOURCE_
[main] WARN soot.jimple.infoflow.android.data.parsers.PermissionMethodParser - Line does not match: <org.apache.xmlrpc.webserver.RequestData: java.lang.String getHttpVersion)> -> _SOURCE_
[main] WARN soot.jimple.infoflow.android.data.parsers.PermissionMethodParser - Line does not match: <com.google.auth.oauth2.DefaultCredentialsProvider: java.io.File getWellKnownCredentialsFile)> -> _SOURCE_
[main] WARN soot.jimple.infoflow.android.data.parsers.PermissionMethodParser - Line does not match: <org.apache.xmlrpc.webserver.HttpServletRequestImpl: void parseParameters)> -> _SOURCE_
[main] WARN soot.jimple.infoflow.android.data.parsers.PermissionMethodParser - Line does not match:     
[main] INFO soot.jimple.infoflow.android.source.AccessPathBasedSourceSinkManager - Created a SourceSinkManager with 68 sources, 194 sinks, and 73 callback methods.
[main] INFO soot.jimple.infoflow.android.SetupApplication - Collecting callbacks and building a callgraph took 4 seconds
[main] INFO soot.jimple.infoflow.android.SetupApplication - Running data flow analysis on /home/hedj/Work/CleanPathEdge/artifacts/benchmarks/sparsedroidBenchmark/com.ilm.sandwich_2.2.4f.apk with 68 sources and 194 sinks...
[main] INFO soot.jimple.infoflow.InfoflowConfiguration - Implicit flow tracking is NOT enabled
[main] INFO soot.jimple.infoflow.InfoflowConfiguration - Exceptional flow tracking is enabled
[main] INFO soot.jimple.infoflow.InfoflowConfiguration - Running with a maximum access path length of 5
[main] INFO soot.jimple.infoflow.InfoflowConfiguration - Using path-agnostic result collection
[main] INFO soot.jimple.infoflow.InfoflowConfiguration - Recursive access path shortening is enabled
[main] INFO soot.jimple.infoflow.InfoflowConfiguration - Taint analysis enabled: true
[main] INFO soot.jimple.infoflow.InfoflowConfiguration - Using alias algorithm FlowSensitive
[main] INFO soot.jimple.infoflow.memory.MemoryWarningSystem - Registered a memory warning system for 184,320 MiB
[main] INFO soot.jimple.infoflow.android.SetupApplication$InPlaceInfoflow - Callgraph construction took 0 seconds
[main] INFO soot.jimple.infoflow.codeOptimization.InterproceduralConstantValuePropagator - Removing side-effect free methods is disabled
[main] INFO soot.jimple.infoflow.android.SetupApplication$InPlaceInfoflow - Dead code elimination took 0.156388983 seconds
[main] INFO soot.jimple.infoflow.android.SetupApplication$InPlaceInfoflow - Callgraph has 2947 edges
[main] INFO soot.jimple.infoflow.android.SetupApplication$InPlaceInfoflow - Starting Taint Analysis
[main] INFO soot.jimple.infoflow.android.SetupApplication$InPlaceInfoflow - Using fine-grained garbage-collecting solver
[main] INFO soot.jimple.infoflow.android.SetupApplication$InPlaceInfoflow - Using fine-grained garbage-collecting solver
[main] INFO soot.jimple.infoflow.memory.FlowDroidTimeoutWatcher - FlowDroid timeout watcher started
[main] WARN soot.jimple.infoflow.android.SetupApplication$InPlaceInfoflow - Running with limited join point abstractions can break context-sensitive path builders
[main] INFO soot.jimple.infoflow.android.SetupApplication$InPlaceInfoflow - Looking for sources and sinks...
[main] INFO soot.jimple.infoflow.android.SetupApplication$InPlaceInfoflow - Source lookup done, found 6 sources and 74 sinks.
[main] INFO soot.jimple.infoflow.solver.gcSolver.finegrain.IFDSSolver - sleep time is 6
[FlowDroid] INFO soot.jimple.infoflow.solver.gcSolver.finegrain.IFDSSolver - sleep time is 6
[main] INFO soot.jimple.infoflow.solver.gcSolver.finegrain.IFDSSolver - forward end Summary size: 22425
[main] INFO soot.jimple.infoflow.solver.gcSolver.finegrain.FineGrainedReferenceCountingGarbageCollector - GC removes 10029 abstractions
[main] INFO soot.jimple.infoflow.solver.gcSolver.finegrain.FineGrainedReferenceCountingGarbageCollector - GC removes 573618 path edges
[main] INFO soot.jimple.infoflow.solver.gcSolver.finegrain.FineGrainedReferenceCountingGarbageCollector - Remaining Path edges count is 45
[main] INFO soot.jimple.infoflow.solver.gcSolver.finegrain.FineGrainedReferenceCountingGarbageCollector - Recorded Maximum Path edges count is 432
[main] INFO soot.jimple.infoflow.solver.gcSolver.finegrain.FineGrainedReferenceCountingGarbageCollector - Recorded Maximum memory consumption is 2023
[main] INFO soot.jimple.infoflow.solver.gcSolver.finegrain.NormalGarbageCollector - class soot.jimple.infoflow.solver.cfg.InfoflowCFG
[main] INFO soot.jimple.infoflow.solver.gcSolver.finegrain.NormalGarbageCollector - #nodes of forward Abstraction Dependency Graph: 9140
[main] INFO soot.jimple.infoflow.solver.gcSolver.finegrain.NormalGarbageCollector - #edges of forward Abstraction Dependency Graph: 8952
[main] INFO soot.jimple.infoflow.solver.gcSolver.finegrain.NormalGarbageCollector - #dummy end summary edges of forward: 10013
[main] INFO soot.jimple.infoflow.solver.gcSolver.finegrain.NormalGarbageCollector - #end summary edges of forward: 22425
[main] INFO soot.jimple.infoflow.solver.gcSolver.finegrain.FineGrainedReferenceCountingGarbageCollector - GC removes 4057 abstractions
[main] INFO soot.jimple.infoflow.solver.gcSolver.finegrain.FineGrainedReferenceCountingGarbageCollector - GC removes 318864 path edges
[main] INFO soot.jimple.infoflow.solver.gcSolver.finegrain.FineGrainedReferenceCountingGarbageCollector - Remaining Path edges count is 0
[main] INFO soot.jimple.infoflow.solver.gcSolver.finegrain.FineGrainedReferenceCountingGarbageCollector - Recorded Maximum Path edges count is 0
[main] INFO soot.jimple.infoflow.solver.gcSolver.finegrain.FineGrainedReferenceCountingGarbageCollector - Recorded Maximum memory consumption is 2040
[main] INFO soot.jimple.infoflow.solver.gcSolver.finegrain.NormalGarbageCollector - class soot.jimple.infoflow.solver.cfg.BackwardsInfoflowCFG
[main] INFO soot.jimple.infoflow.solver.gcSolver.finegrain.NormalGarbageCollector - #nodes of backward Abstraction Dependency Graph: 1554
[main] INFO soot.jimple.infoflow.solver.gcSolver.finegrain.NormalGarbageCollector - #edges of backward Abstraction Dependency Graph: 1395
[main] INFO soot.jimple.infoflow.solver.gcSolver.finegrain.NormalGarbageCollector - #dummy end summary edges of backward: 4029
[main] INFO soot.jimple.infoflow.solver.gcSolver.finegrain.NormalGarbageCollector - #end summary edges of backward: 8562
[main] INFO soot.jimple.infoflow.android.SetupApplication$InPlaceInfoflow - Taint wrapper hits: 59764
[main] INFO soot.jimple.infoflow.android.SetupApplication$InPlaceInfoflow - Taint wrapper misses: 59098
[main] INFO soot.jimple.infoflow.android.SetupApplication$InPlaceInfoflow - IFDS problem with 573618 forward and 318468 backward edges solved in 5 seconds, processing 13 results...
[main] INFO soot.jimple.infoflow.android.SetupApplication$InPlaceInfoflow - Current memory consumption: 2056 MB
[main] INFO soot.jimple.infoflow.android.SetupApplication$InPlaceInfoflow - Memory consumption after cleanup: 154 MB
[main] INFO soot.jimple.infoflow.memory.FlowDroidTimeoutWatcher - FlowDroid timeout watcher started
[main] INFO soot.jimple.infoflow.data.pathBuilders.DefaultPathBuilderFactory$ShutdownBatchPathBuilder - Running path reconstruction batch 1 with 5 elements
[main] INFO soot.jimple.infoflow.data.pathBuilders.DefaultPathBuilderFactory$RepeatableContextSensitivePathBuilder - Obtainted 5 connections between sources and sinks
[main] INFO soot.jimple.infoflow.data.pathBuilders.DefaultPathBuilderFactory$RepeatableContextSensitivePathBuilder - Building path 1...
[main] INFO soot.jimple.infoflow.data.pathBuilders.DefaultPathBuilderFactory$RepeatableContextSensitivePathBuilder - Building path 2...
[main] INFO soot.jimple.infoflow.data.pathBuilders.DefaultPathBuilderFactory$RepeatableContextSensitivePathBuilder - Building path 3...
[main] INFO soot.jimple.infoflow.data.pathBuilders.DefaultPathBuilderFactory$RepeatableContextSensitivePathBuilder - Building path 4...
[main] INFO soot.jimple.infoflow.data.pathBuilders.DefaultPathBuilderFactory$RepeatableContextSensitivePathBuilder - Building path 5...
[FlowDroid Timeout Watcher] INFO soot.jimple.infoflow.memory.FlowDroidTimeoutWatcher - FlowDroid timeout watcher terminated
[main] INFO soot.jimple.infoflow.data.pathBuilders.DefaultPathBuilderFactory$ShutdownBatchPathBuilder - Running path reconstruction batch 2 with 5 elements
[main] INFO soot.jimple.infoflow.data.pathBuilders.DefaultPathBuilderFactory$RepeatableContextSensitivePathBuilder - Obtainted 5 connections between sources and sinks
[main] INFO soot.jimple.infoflow.data.pathBuilders.DefaultPathBuilderFactory$RepeatableContextSensitivePathBuilder - Building path 1...
[main] INFO soot.jimple.infoflow.data.pathBuilders.DefaultPathBuilderFactory$RepeatableContextSensitivePathBuilder - Building path 2...
[main] INFO soot.jimple.infoflow.data.pathBuilders.DefaultPathBuilderFactory$RepeatableContextSensitivePathBuilder - Building path 3...
[main] INFO soot.jimple.infoflow.data.pathBuilders.DefaultPathBuilderFactory$RepeatableContextSensitivePathBuilder - Building path 4...
[main] INFO soot.jimple.infoflow.data.pathBuilders.DefaultPathBuilderFactory$RepeatableContextSensitivePathBuilder - Building path 5...
[main] INFO soot.jimple.infoflow.data.pathBuilders.DefaultPathBuilderFactory$ShutdownBatchPathBuilder - Running path reconstruction batch 3 with 3 elements
[main] INFO soot.jimple.infoflow.data.pathBuilders.DefaultPathBuilderFactory$RepeatableContextSensitivePathBuilder - Obtainted 3 connections between sources and sinks
[main] INFO soot.jimple.infoflow.data.pathBuilders.DefaultPathBuilderFactory$RepeatableContextSensitivePathBuilder - Building path 1...
[main] INFO soot.jimple.infoflow.data.pathBuilders.DefaultPathBuilderFactory$RepeatableContextSensitivePathBuilder - Building path 2...
[main] INFO soot.jimple.infoflow.data.pathBuilders.DefaultPathBuilderFactory$RepeatableContextSensitivePathBuilder - Building path 3...
[main] INFO soot.jimple.infoflow.memory.MemoryWarningSystem - Shutting down the memory warning system...
[main] INFO soot.jimple.infoflow.android.SetupApplication$InPlaceInfoflow - Memory consumption after path building: 161 MB
[main] INFO soot.jimple.infoflow.android.SetupApplication$InPlaceInfoflow - Path reconstruction took 1 seconds
[main] INFO soot.jimple.infoflow.android.SetupApplication$InPlaceInfoflow - The sink virtualinvoke r8.<java.io.BufferedWriter: void write(java.lang.String)>($r4) in method <com.ilm.sandwich.tools.Core: void positionOutput()> was called with values from the following sources:
[main] INFO soot.jimple.infoflow.android.SetupApplication$InPlaceInfoflow - - $d2 = virtualinvoke $r1.<android.location.Location: double getLongitude()>() in method <com.ilm.sandwich.tools.Locationer: void onLocationChanged(android.location.Location)>
[main] INFO soot.jimple.infoflow.android.SetupApplication$InPlaceInfoflow - - d1 = virtualinvoke $r1.<android.location.Location: double getLatitude()>() in method <com.ilm.sandwich.tools.Locationer: void onLocationChanged(android.location.Location)>
[main] INFO soot.jimple.infoflow.android.SetupApplication$InPlaceInfoflow - The sink staticinvoke <android.util.Log: int i(java.lang.String,java.lang.String)>("Location-Status", $r3) in method <com.ilm.sandwich.tools.Core: void newStep(double)> was called with values from the following sources:
[main] INFO soot.jimple.infoflow.android.SetupApplication$InPlaceInfoflow - - $d2 = virtualinvoke $r1.<android.location.Location: double getLongitude()>() in method <com.ilm.sandwich.tools.Locationer: void onLocationChanged(android.location.Location)>
[main] INFO soot.jimple.infoflow.android.SetupApplication$InPlaceInfoflow - - d1 = virtualinvoke $r1.<android.location.Location: double getLatitude()>() in method <com.ilm.sandwich.tools.Locationer: void onLocationChanged(android.location.Location)>
[main] INFO soot.jimple.infoflow.android.SetupApplication$InPlaceInfoflow - The sink staticinvoke <android.util.Log: int i(java.lang.String,java.lang.String)>("Location-Status", $r1) in method <com.ilm.sandwich.BackgroundService: void newFakePosition()> was called with values from the following sources:
[main] INFO soot.jimple.infoflow.android.SetupApplication$InPlaceInfoflow - - $d2 = virtualinvoke $r1.<android.location.Location: double getLongitude()>() in method <com.ilm.sandwich.tools.Locationer: void onLocationChanged(android.location.Location)>
[main] INFO soot.jimple.infoflow.android.SetupApplication$InPlaceInfoflow - - d1 = virtualinvoke $r1.<android.location.Location: double getLatitude()>() in method <com.ilm.sandwich.tools.Locationer: void onLocationChanged(android.location.Location)>
[main] INFO soot.jimple.infoflow.android.SetupApplication$InPlaceInfoflow - The sink staticinvoke <android.util.Log: int i(java.lang.String,java.lang.String)>("Location-Status", $r3) in method <com.ilm.sandwich.OsmMap: void setPosition(boolean)> was called with values from the following sources:
[main] INFO soot.jimple.infoflow.android.SetupApplication$InPlaceInfoflow - - $d2 = virtualinvoke $r1.<android.location.Location: double getLongitude()>() in method <com.ilm.sandwich.tools.Locationer: void onLocationChanged(android.location.Location)>
[main] INFO soot.jimple.infoflow.android.SetupApplication$InPlaceInfoflow - - $d0 = virtualinvoke $r1.<android.location.Location: double getLatitude()>() in method <com.ilm.sandwich.tools.Locationer$3: void onLocationChanged(android.location.Location)>
[main] INFO soot.jimple.infoflow.android.SetupApplication$InPlaceInfoflow - - $d0 = virtualinvoke $r1.<android.location.Location: double getLongitude()>() in method <com.ilm.sandwich.tools.Locationer$3: void onLocationChanged(android.location.Location)>
[main] INFO soot.jimple.infoflow.android.SetupApplication$InPlaceInfoflow - - d1 = virtualinvoke $r1.<android.location.Location: double getLatitude()>() in method <com.ilm.sandwich.tools.Locationer: void onLocationChanged(android.location.Location)>
[main] INFO soot.jimple.infoflow.android.SetupApplication$InPlaceInfoflow - The sink staticinvoke <android.util.Log: int i(java.lang.String,java.lang.String)>("Location-Status", $r3) in method <com.ilm.sandwich.OsmMap: void setFirstPosition()> was called with values from the following sources:
[main] INFO soot.jimple.infoflow.android.SetupApplication$InPlaceInfoflow - - $d2 = virtualinvoke $r1.<android.location.Location: double getLongitude()>() in method <com.ilm.sandwich.tools.Locationer: void onLocationChanged(android.location.Location)>
[main] INFO soot.jimple.infoflow.android.SetupApplication$InPlaceInfoflow - - $d0 = virtualinvoke $r1.<android.location.Location: double getLatitude()>() in method <com.ilm.sandwich.tools.Locationer$3: void onLocationChanged(android.location.Location)>
[main] INFO soot.jimple.infoflow.android.SetupApplication$InPlaceInfoflow - - $d0 = virtualinvoke $r1.<android.location.Location: double getLongitude()>() in method <com.ilm.sandwich.tools.Locationer$3: void onLocationChanged(android.location.Location)>
[main] INFO soot.jimple.infoflow.android.SetupApplication$InPlaceInfoflow - - d1 = virtualinvoke $r1.<android.location.Location: double getLatitude()>() in method <com.ilm.sandwich.tools.Locationer: void onLocationChanged(android.location.Location)>
[main] INFO soot.jimple.infoflow.android.SetupApplication$InPlaceInfoflow - The sink virtualinvoke r8.<java.io.BufferedWriter: void write(java.lang.String)>($r4) in method <com.ilm.sandwich.tools.Core: void dataOutput()> was called with values from the following sources:
[main] INFO soot.jimple.infoflow.android.SetupApplication$InPlaceInfoflow - - $d2 = virtualinvoke $r1.<android.location.Location: double getLongitude()>() in method <com.ilm.sandwich.tools.Locationer: void onLocationChanged(android.location.Location)>
[main] INFO soot.jimple.infoflow.android.SetupApplication$InPlaceInfoflow - - d1 = virtualinvoke $r1.<android.location.Location: double getLatitude()>() in method <com.ilm.sandwich.tools.Locationer: void onLocationChanged(android.location.Location)>
[main] INFO soot.jimple.infoflow.android.SetupApplication$InPlaceInfoflow - The sink staticinvoke <android.util.Log: int i(java.lang.String,java.lang.String)>("PlacesTextSearch", $r1) in method <com.ilm.sandwich.tools.PlacesTextSearch: org.json.JSONObject getDestinationCoordinates(java.lang.String)> was called with values from the following sources:
[main] INFO soot.jimple.infoflow.android.SetupApplication$InPlaceInfoflow - - $r16 = virtualinvoke $r15.<java.net.HttpURLConnection: java.io.InputStream getInputStream()>() in method <com.ilm.sandwich.tools.PlacesTextSearch: org.json.JSONObject getDestinationCoordinates(java.lang.String)>
[main] INFO soot.jimple.infoflow.android.SetupApplication$InPlaceInfoflow - The sink staticinvoke <android.util.Log: int i(java.lang.String,java.lang.String)>("Location-Status", $r3) in method <com.ilm.sandwich.OsmMap: void setPosition(boolean)> was called with values from the following sources:
[main] INFO soot.jimple.infoflow.android.SetupApplication$InPlaceInfoflow - - $d2 = virtualinvoke $r1.<android.location.Location: double getLongitude()>() in method <com.ilm.sandwich.tools.Locationer: void onLocationChanged(android.location.Location)>
[main] INFO soot.jimple.infoflow.android.SetupApplication$InPlaceInfoflow - - d1 = virtualinvoke $r1.<android.location.Location: double getLatitude()>() in method <com.ilm.sandwich.tools.Locationer: void onLocationChanged(android.location.Location)>
[main] INFO soot.jimple.infoflow.android.SetupApplication$InPlaceInfoflow - The sink virtualinvoke $r1.<android.content.Context: void sendBroadcast(android.content.Intent)>($r4) in method <com.ilm.sandwich.tools.Core: void shutdown(android.content.Context)> was called with values from the following sources:
[main] INFO soot.jimple.infoflow.android.SetupApplication$InPlaceInfoflow - - d1 = virtualinvoke $r1.<android.location.Location: double getLatitude()>() in method <com.ilm.sandwich.tools.Locationer: void onLocationChanged(android.location.Location)>
[main] INFO soot.jimple.infoflow.android.SetupApplication$InPlaceInfoflow - Data flow solver took 6 seconds. Maximum memory consumption: 2056 MB
[main] INFO soot.jimple.infoflow.android.SetupApplication - Found 9 leaks
