[main] INFO soot.jimple.infoflow.cmd.MainClass - Analyzing app /home/hedj/Work/CleanPathEdge/artifacts/benchmarks/sparsedroidBenchmark/org.materialos.icons_2.1.apk (1 of 1)...
[main] INFO soot.jimple.infoflow.android.SetupApplication - Initializing Soot...
[main] INFO soot.jimple.infoflow.android.SetupApplication - Loading dex files...
[main] INFO soot.jimple.infoflow.android.SetupApplication - ARSC file parsing took 0.025849654 seconds
[main] INFO soot.jimple.infoflow.memory.MemoryWarningSystem - Registered a memory warning system for 184,320 MiB
[main] INFO soot.jimple.infoflow.android.entryPointCreators.AndroidEntryPointCreator - Creating Android entry point for 6 components...
[main] INFO soot.jimple.infoflow.android.SetupApplication - Constructing the callgraph...
[main] INFO soot.jimple.infoflow.android.callbacks.DefaultCallbackAnalyzer - Collecting callbacks in DEFAULT mode...
[main] INFO soot.jimple.infoflow.android.callbacks.DefaultCallbackAnalyzer - Callback analysis done.
[main] INFO soot.jimple.infoflow.android.entryPointCreators.AndroidEntryPointCreator - Creating Android entry point for 6 components...
[main] WARN soot.jimple.infoflow.android.entryPointCreators.components.ActivityEntryPointCreator - Cannot create valid constructor for com.afollestad.polar.util.Utils$LayoutCallback, because it is an interface and cannot substitute with subclass
[main] INFO soot.jimple.infoflow.android.SetupApplication - Constructing the callgraph...
[main] INFO soot.jimple.infoflow.android.callbacks.DefaultCallbackAnalyzer - Running incremental callback analysis for 7 components...
[main] INFO soot.jimple.infoflow.android.callbacks.DefaultCallbackAnalyzer - Incremental callback analysis done.
[main] INFO soot.jimple.infoflow.android.entryPointCreators.AndroidEntryPointCreator - Creating Android entry point for 6 components...
[main] WARN soot.jimple.infoflow.android.entryPointCreators.components.ActivityEntryPointCreator - Cannot create valid constructor for com.afollestad.polar.util.Utils$LayoutCallback, because it is an interface and cannot substitute with subclass
[main] INFO soot.jimple.infoflow.android.SetupApplication - Constructing the callgraph...
[main] INFO soot.jimple.infoflow.android.callbacks.DefaultCallbackAnalyzer - Running incremental callback analysis for 4 components...
[main] INFO soot.jimple.infoflow.android.callbacks.DefaultCallbackAnalyzer - Incremental callback analysis done.
[main] INFO soot.jimple.infoflow.android.entryPointCreators.AndroidEntryPointCreator - Creating Android entry point for 6 components...
[main] WARN soot.jimple.infoflow.android.entryPointCreators.components.ActivityEntryPointCreator - Cannot create valid constructor for com.afollestad.polar.util.Utils$LayoutCallback, because it is an interface and cannot substitute with subclass
[main] INFO soot.jimple.infoflow.android.SetupApplication - Constructing the callgraph...
[main] INFO soot.jimple.infoflow.android.callbacks.DefaultCallbackAnalyzer - Running incremental callback analysis for 3 components...
[main] INFO soot.jimple.infoflow.android.callbacks.DefaultCallbackAnalyzer - Incremental callback analysis done.
[main] INFO soot.jimple.infoflow.memory.MemoryWarningSystem - Shutting down the memory warning system...
[main] INFO soot.jimple.infoflow.android.SetupApplication - Callback analysis terminated normally
[main] INFO soot.jimple.infoflow.android.SetupApplication - Entry point calculation done.
[main] WARN soot.jimple.infoflow.android.data.parsers.PermissionMethodParser - Line does not match: <org.springframework.web.servlet.tags.UrlTag: java.lang.String createUrl)> -> _SINK_
[main] WARN soot.jimple.infoflow.android.data.parsers.PermissionMethodParser - Line does not match: <org.springframework.orm.hibernate3.support.ClobStringType: int[] sqlTypes)> -> _SINK_
[main] WARN soot.jimple.infoflow.android.data.parsers.PermissionMethodParser - Line does not match: <org.springframework.security.config.http.CsrfBeanDefinitionParser: org.springframework.beans.factory.config.BeanDefinition getCsrfLogoutHandler)> -> _SOURCE_
[main] WARN soot.jimple.infoflow.android.data.parsers.PermissionMethodParser - Line does not match: <java.io.File: java.io.File getAbsoluteFile)> -> _SOURCE_
[main] WARN soot.jimple.infoflow.android.data.parsers.PermissionMethodParser - Line does not match: <org.springframework.security.config.http.FormLoginBeanDefinitionParser: java.lang.String getLoginPage)> -> _SOURCE_
[main] WARN soot.jimple.infoflow.android.data.parsers.PermissionMethodParser - Line does not match: <com.google.auth.oauth2.UserCredentials: java.lang.String getClientSecret)> -> _SOURCE_
[main] WARN soot.jimple.infoflow.android.data.parsers.PermissionMethodParser - Line does not match: <org.springframework.web.servlet.tags.UrlTag: java.lang.String createUrl)> -> _SOURCE_
[main] WARN soot.jimple.infoflow.android.data.parsers.PermissionMethodParser - Line does not match: <java.io.File: java.io.File getCanonicalFile)> -> _SOURCE_
[main] WARN soot.jimple.infoflow.android.data.parsers.PermissionMethodParser - Line does not match: <org.apache.xmlrpc.webserver.RequestData: java.lang.String getMethod)> -> _SOURCE_
[main] WARN soot.jimple.infoflow.android.data.parsers.PermissionMethodParser - Line does not match: <org.dmfs.oauth2.client.http.requests.ResourceOwnerPasswordTokenRequest: org.dmfs.httpclient.HttpRequestEntity requestEntity)> -> _SOURCE_
[main] WARN soot.jimple.infoflow.android.data.parsers.PermissionMethodParser - Line does not match: <org.springframework.security.concurrent.DelegatingSecurityContextExecutorService: java.util.concurrent.ExecutorService getDelegate)> -> _SOURCE_
[main] WARN soot.jimple.infoflow.android.data.parsers.PermissionMethodParser - Line does not match: <org.springframework.security.config.annotation.web.builders.HttpSecurity: org.springframework.security.config.'annotation'.web.configurers.HeadersConfigurer headers)> -> _SOURCE_
[main] WARN soot.jimple.infoflow.android.data.parsers.PermissionMethodParser - Line does not match: <org.springframework.web.servlet.tags.EscapeBodyTag: java.lang.String readBodyContent)> -> _SOURCE_
[main] WARN soot.jimple.infoflow.android.data.parsers.PermissionMethodParser - Line does not match: <org.springframework.security.config.http.FormLoginBeanDefinitionParser: java.lang.String getLoginProcessingUrl)> -> _SOURCE_
[main] WARN soot.jimple.infoflow.android.data.parsers.PermissionMethodParser - Line does not match: <org.springframework.security.config.annotation.web.configurers.LogoutConfigurer: java.util.List getLogoutHandlers)> -> _SOURCE_
[main] WARN soot.jimple.infoflow.android.data.parsers.PermissionMethodParser - Line does not match: <org.apache.xmlrpc.webserver.RequestData: java.lang.String getHttpVersion)> -> _SOURCE_
[main] WARN soot.jimple.infoflow.android.data.parsers.PermissionMethodParser - Line does not match: <com.google.auth.oauth2.DefaultCredentialsProvider: java.io.File getWellKnownCredentialsFile)> -> _SOURCE_
[main] WARN soot.jimple.infoflow.android.data.parsers.PermissionMethodParser - Line does not match: <org.apache.xmlrpc.webserver.HttpServletRequestImpl: void parseParameters)> -> _SOURCE_
[main] WARN soot.jimple.infoflow.android.data.parsers.PermissionMethodParser - Line does not match:     
[main] INFO soot.jimple.infoflow.android.source.AccessPathBasedSourceSinkManager - Created a SourceSinkManager with 68 sources, 194 sinks, and 70 callback methods.
[main] INFO soot.jimple.infoflow.android.SetupApplication - Collecting callbacks and building a callgraph took 4 seconds
[main] INFO soot.jimple.infoflow.android.SetupApplication - Running data flow analysis on /home/hedj/Work/CleanPathEdge/artifacts/benchmarks/sparsedroidBenchmark/org.materialos.icons_2.1.apk with 68 sources and 194 sinks...
[main] INFO soot.jimple.infoflow.InfoflowConfiguration - Implicit flow tracking is NOT enabled
[main] INFO soot.jimple.infoflow.InfoflowConfiguration - Exceptional flow tracking is enabled
[main] INFO soot.jimple.infoflow.InfoflowConfiguration - Running with a maximum access path length of 5
[main] INFO soot.jimple.infoflow.InfoflowConfiguration - Using path-agnostic result collection
[main] INFO soot.jimple.infoflow.InfoflowConfiguration - Recursive access path shortening is enabled
[main] INFO soot.jimple.infoflow.InfoflowConfiguration - Taint analysis enabled: true
[main] INFO soot.jimple.infoflow.InfoflowConfiguration - Using alias algorithm FlowSensitive
[main] INFO soot.jimple.infoflow.memory.MemoryWarningSystem - Registered a memory warning system for 184,320 MiB
[main] INFO soot.jimple.infoflow.android.SetupApplication$InPlaceInfoflow - Callgraph construction took 0 seconds
[main] INFO soot.jimple.infoflow.codeOptimization.InterproceduralConstantValuePropagator - Removing side-effect free methods is disabled
[main] INFO soot.jimple.infoflow.android.SetupApplication$InPlaceInfoflow - Dead code elimination took 0.143271227 seconds
[main] INFO soot.jimple.infoflow.android.SetupApplication$InPlaceInfoflow - Callgraph has 2581 edges
[main] INFO soot.jimple.infoflow.android.SetupApplication$InPlaceInfoflow - Starting Taint Analysis
[main] INFO soot.jimple.infoflow.android.SetupApplication$InPlaceInfoflow - Using garbage-collecting solver
[main] INFO soot.jimple.infoflow.android.SetupApplication$InPlaceInfoflow - Using garbage-collecting solver
[main] INFO soot.jimple.infoflow.memory.FlowDroidTimeoutWatcher - FlowDroid timeout watcher started
[main] WARN soot.jimple.infoflow.android.SetupApplication$InPlaceInfoflow - Running with limited join point abstractions can break context-sensitive path builders
[main] INFO soot.jimple.infoflow.android.SetupApplication$InPlaceInfoflow - Looking for sources and sinks...
[main] INFO soot.jimple.infoflow.android.SetupApplication$InPlaceInfoflow - Source lookup done, found 2 sources and 69 sinks.
[main] INFO soot.jimple.infoflow.solver.gcSolver.IFDSSolver - sleep time is 6
[FlowDroid] INFO soot.jimple.infoflow.solver.gcSolver.IFDSSolver - sleep time is 6
[main] INFO soot.jimple.infoflow.solver.gcSolver.IFDSSolver - GC removed abstractions for 81 methods
[main] INFO soot.jimple.infoflow.solver.gcSolver.IFDSSolver - GC removed abstractions for 92122 edges
[main] INFO soot.jimple.infoflow.solver.gcSolver.IFDSSolver - forward end Summary size: 399268
[main] INFO soot.jimple.infoflow.solver.gcSolver.IFDSSolver - Recorded Maximum Path edges count is 49790
[main] INFO soot.jimple.infoflow.solver.gcSolver.ThreadedGarbageCollector - GC removes 87 abstractions
[main] INFO soot.jimple.infoflow.solver.gcSolver.ThreadedGarbageCollector - GC removes 9279388 path edges
[main] INFO soot.jimple.infoflow.solver.gcSolver.ThreadedGarbageCollector - Remaining Path edges count is 0
[main] INFO soot.jimple.infoflow.solver.gcSolver.ThreadedGarbageCollector - Recorded Maximum Path edges count is 49790
[main] INFO soot.jimple.infoflow.solver.gcSolver.ThreadedGarbageCollector - Recorded Maximum memory consumption is 6753
[main] INFO soot.jimple.infoflow.solver.gcSolver.ThreadedGarbageCollector - GC removes 56 abstractions
[main] INFO soot.jimple.infoflow.solver.gcSolver.ThreadedGarbageCollector - GC removes 9000339 path edges
[main] INFO soot.jimple.infoflow.solver.gcSolver.ThreadedGarbageCollector - Remaining Path edges count is 0
[main] INFO soot.jimple.infoflow.solver.gcSolver.ThreadedGarbageCollector - Recorded Maximum Path edges count is 71717
[main] INFO soot.jimple.infoflow.solver.gcSolver.ThreadedGarbageCollector - Recorded Maximum memory consumption is 6442
[main] INFO soot.jimple.infoflow.android.SetupApplication$InPlaceInfoflow - Taint wrapper hits: 406287
[main] INFO soot.jimple.infoflow.android.SetupApplication$InPlaceInfoflow - Taint wrapper misses: 392796
[main] INFO soot.jimple.infoflow.android.SetupApplication$InPlaceInfoflow - IFDS problem with 9279388 forward and 9000339 backward edges solved in 57 seconds, processing 14 results...
[main] INFO soot.jimple.infoflow.android.SetupApplication$InPlaceInfoflow - Current memory consumption: 5060 MB
[FlowDroid Timeout Watcher] INFO soot.jimple.infoflow.memory.FlowDroidTimeoutWatcher - FlowDroid timeout watcher terminated
[main] INFO soot.jimple.infoflow.android.SetupApplication$InPlaceInfoflow - Memory consumption after cleanup: 153 MB
[main] INFO soot.jimple.infoflow.memory.FlowDroidTimeoutWatcher - FlowDroid timeout watcher started
[main] INFO soot.jimple.infoflow.data.pathBuilders.DefaultPathBuilderFactory$ShutdownBatchPathBuilder - Running path reconstruction batch 1 with 5 elements
[main] INFO soot.jimple.infoflow.data.pathBuilders.DefaultPathBuilderFactory$RepeatableContextSensitivePathBuilder - Obtainted 5 connections between sources and sinks
[main] INFO soot.jimple.infoflow.data.pathBuilders.DefaultPathBuilderFactory$RepeatableContextSensitivePathBuilder - Building path 1...
[main] INFO soot.jimple.infoflow.data.pathBuilders.DefaultPathBuilderFactory$RepeatableContextSensitivePathBuilder - Building path 2...
[main] INFO soot.jimple.infoflow.data.pathBuilders.DefaultPathBuilderFactory$RepeatableContextSensitivePathBuilder - Building path 3...
[main] INFO soot.jimple.infoflow.data.pathBuilders.DefaultPathBuilderFactory$RepeatableContextSensitivePathBuilder - Building path 4...
[main] INFO soot.jimple.infoflow.data.pathBuilders.DefaultPathBuilderFactory$RepeatableContextSensitivePathBuilder - Building path 5...
[main] INFO soot.jimple.infoflow.data.pathBuilders.DefaultPathBuilderFactory$ShutdownBatchPathBuilder - Running path reconstruction batch 2 with 5 elements
[main] INFO soot.jimple.infoflow.data.pathBuilders.DefaultPathBuilderFactory$RepeatableContextSensitivePathBuilder - Obtainted 5 connections between sources and sinks
[main] INFO soot.jimple.infoflow.data.pathBuilders.DefaultPathBuilderFactory$RepeatableContextSensitivePathBuilder - Building path 1...
[main] INFO soot.jimple.infoflow.data.pathBuilders.DefaultPathBuilderFactory$RepeatableContextSensitivePathBuilder - Building path 2...
[main] INFO soot.jimple.infoflow.data.pathBuilders.DefaultPathBuilderFactory$RepeatableContextSensitivePathBuilder - Building path 3...
[main] INFO soot.jimple.infoflow.data.pathBuilders.DefaultPathBuilderFactory$RepeatableContextSensitivePathBuilder - Building path 4...
[main] INFO soot.jimple.infoflow.data.pathBuilders.DefaultPathBuilderFactory$RepeatableContextSensitivePathBuilder - Building path 5...
[main] INFO soot.jimple.infoflow.data.pathBuilders.DefaultPathBuilderFactory$ShutdownBatchPathBuilder - Running path reconstruction batch 3 with 4 elements
[main] INFO soot.jimple.infoflow.data.pathBuilders.DefaultPathBuilderFactory$RepeatableContextSensitivePathBuilder - Obtainted 4 connections between sources and sinks
[main] INFO soot.jimple.infoflow.data.pathBuilders.DefaultPathBuilderFactory$RepeatableContextSensitivePathBuilder - Building path 1...
[main] INFO soot.jimple.infoflow.data.pathBuilders.DefaultPathBuilderFactory$RepeatableContextSensitivePathBuilder - Building path 2...
[main] INFO soot.jimple.infoflow.data.pathBuilders.DefaultPathBuilderFactory$RepeatableContextSensitivePathBuilder - Building path 3...
[main] INFO soot.jimple.infoflow.data.pathBuilders.DefaultPathBuilderFactory$RepeatableContextSensitivePathBuilder - Building path 4...
[main] INFO soot.jimple.infoflow.memory.MemoryWarningSystem - Shutting down the memory warning system...
[main] INFO soot.jimple.infoflow.android.SetupApplication$InPlaceInfoflow - Memory consumption after path building: 382 MB
[main] INFO soot.jimple.infoflow.android.SetupApplication$InPlaceInfoflow - Path reconstruction took 4 seconds
[main] INFO soot.jimple.infoflow.android.SetupApplication$InPlaceInfoflow - The sink virtualinvoke r0.<java.io.ByteArrayOutputStream: void write(byte[],int,int)>($r35, 0, $i4) in method <com.afollestad.bridge.Request: com.afollestad.bridge.Request makeRequest()> was called with values from the following sources:
[main] INFO soot.jimple.infoflow.android.SetupApplication$InPlaceInfoflow - - $r33 = virtualinvoke r10.<java.net.HttpURLConnection: java.io.InputStream getInputStream()>() in method <com.afollestad.bridge.Request: com.afollestad.bridge.Request makeRequest()>
[main] INFO soot.jimple.infoflow.android.SetupApplication$InPlaceInfoflow - The sink virtualinvoke r10.<java.net.HttpURLConnection: void connect()>() in method <com.afollestad.bridge.Request: com.afollestad.bridge.Request makeRequest()> was called with values from the following sources:
[main] INFO soot.jimple.infoflow.android.SetupApplication$InPlaceInfoflow - - $r33 = virtualinvoke r10.<java.net.HttpURLConnection: java.io.InputStream getInputStream()>() in method <com.afollestad.bridge.Request: com.afollestad.bridge.Request makeRequest()>
[main] INFO soot.jimple.infoflow.android.SetupApplication$InPlaceInfoflow - Data flow solver took 62 seconds. Maximum memory consumption: 5060 MB
[main] INFO soot.jimple.infoflow.android.SetupApplication - Found 2 leaks
