[main] INFO soot.jimple.infoflow.cmd.MainClass - Analyzing app /home/dongjie/CleanPathEdge/artifacts/benchmarks/diskDroidBenchmarks/group2/com.github.axet.bookreader_375.apk (1 of 1)...
[main] INFO soot.jimple.infoflow.android.SetupApplication - Initializing Soot...
[main] INFO soot.jimple.infoflow.android.SetupApplication - Loading dex files...
[main] INFO soot.jimple.infoflow.android.SetupApplication - ARSC file parsing took 0.034251255 seconds
[main] INFO soot.jimple.infoflow.memory.MemoryWarningSystem - Registered a memory warning system for 184,320 MiB
[main] INFO soot.jimple.infoflow.android.entryPointCreators.AndroidEntryPointCreator - Creating Android entry point for 6 components...
[main] INFO soot.jimple.infoflow.android.SetupApplication - Constructing the callgraph...
[main] INFO soot.jimple.infoflow.android.callbacks.DefaultCallbackAnalyzer - Collecting callbacks in DEFAULT mode...
[main] INFO soot.jimple.infoflow.android.callbacks.DefaultCallbackAnalyzer - Callback analysis done.
[main] INFO soot.jimple.infoflow.android.entryPointCreators.AndroidEntryPointCreator - Creating Android entry point for 6 components...
[main] WARN soot.jimple.infoflow.android.entryPointCreators.components.FragmentEntryPointCreator - Cannot generate constructor for phantom class android.support.v4.app.Fragment
[main] INFO soot.jimple.infoflow.android.SetupApplication - Constructing the callgraph...
[main] INFO soot.jimple.infoflow.android.callbacks.DefaultCallbackAnalyzer - Running incremental callback analysis for 8 components...
[main] INFO soot.jimple.infoflow.android.callbacks.DefaultCallbackAnalyzer - Incremental callback analysis done.
[main] INFO soot.jimple.infoflow.android.entryPointCreators.AndroidEntryPointCreator - Creating Android entry point for 6 components...
[main] WARN soot.jimple.infoflow.android.entryPointCreators.components.FragmentEntryPointCreator - Cannot generate constructor for phantom class android.support.v4.app.Fragment
[main] INFO soot.jimple.infoflow.android.SetupApplication - Constructing the callgraph...
[main] INFO soot.jimple.infoflow.android.callbacks.DefaultCallbackAnalyzer - Running incremental callback analysis for 4 components...
[main] INFO soot.jimple.infoflow.android.callbacks.DefaultCallbackAnalyzer - Incremental callback analysis done.
[main] INFO soot.jimple.infoflow.android.entryPointCreators.AndroidEntryPointCreator - Creating Android entry point for 6 components...
[main] WARN soot.jimple.infoflow.android.entryPointCreators.components.FragmentEntryPointCreator - Cannot generate constructor for phantom class android.support.v4.app.Fragment
[main] INFO soot.jimple.infoflow.android.SetupApplication - Constructing the callgraph...
[main] INFO soot.jimple.infoflow.android.callbacks.DefaultCallbackAnalyzer - Running incremental callback analysis for 3 components...
[main] INFO soot.jimple.infoflow.android.callbacks.DefaultCallbackAnalyzer - Incremental callback analysis done.
[main] INFO soot.jimple.infoflow.android.entryPointCreators.AndroidEntryPointCreator - Creating Android entry point for 6 components...
[main] WARN soot.jimple.infoflow.android.entryPointCreators.components.FragmentEntryPointCreator - Cannot generate constructor for phantom class android.support.v4.app.Fragment
[main] INFO soot.jimple.infoflow.android.SetupApplication - Constructing the callgraph...
[main] INFO soot.jimple.infoflow.android.callbacks.DefaultCallbackAnalyzer - Running incremental callback analysis for 1 components...
[main] INFO soot.jimple.infoflow.android.callbacks.DefaultCallbackAnalyzer - Incremental callback analysis done.
[main] INFO soot.jimple.infoflow.memory.MemoryWarningSystem - Shutting down the memory warning system...
[main] INFO soot.jimple.infoflow.android.SetupApplication - Callback analysis terminated normally
[main] INFO soot.jimple.infoflow.android.SetupApplication - Entry point calculation done.
[main] WARN soot.jimple.infoflow.android.data.parsers.PermissionMethodParser - Line does not match: <org.springframework.web.servlet.tags.UrlTag: java.lang.String createUrl)> -> _SINK_
[main] WARN soot.jimple.infoflow.android.data.parsers.PermissionMethodParser - Line does not match: <org.springframework.orm.hibernate3.support.ClobStringType: int[] sqlTypes)> -> _SINK_
[main] WARN soot.jimple.infoflow.android.data.parsers.PermissionMethodParser - Line does not match: <org.springframework.security.config.http.CsrfBeanDefinitionParser: org.springframework.beans.factory.config.BeanDefinition getCsrfLogoutHandler)> -> _SOURCE_
[main] WARN soot.jimple.infoflow.android.data.parsers.PermissionMethodParser - Line does not match: <java.io.File: java.io.File getAbsoluteFile)> -> _SOURCE_
[main] WARN soot.jimple.infoflow.android.data.parsers.PermissionMethodParser - Line does not match: <org.springframework.security.config.http.FormLoginBeanDefinitionParser: java.lang.String getLoginPage)> -> _SOURCE_
[main] WARN soot.jimple.infoflow.android.data.parsers.PermissionMethodParser - Line does not match: <com.google.auth.oauth2.UserCredentials: java.lang.String getClientSecret)> -> _SOURCE_
[main] WARN soot.jimple.infoflow.android.data.parsers.PermissionMethodParser - Line does not match: <org.springframework.web.servlet.tags.UrlTag: java.lang.String createUrl)> -> _SOURCE_
[main] WARN soot.jimple.infoflow.android.data.parsers.PermissionMethodParser - Line does not match: <java.io.File: java.io.File getCanonicalFile)> -> _SOURCE_
[main] WARN soot.jimple.infoflow.android.data.parsers.PermissionMethodParser - Line does not match: <org.apache.xmlrpc.webserver.RequestData: java.lang.String getMethod)> -> _SOURCE_
[main] WARN soot.jimple.infoflow.android.data.parsers.PermissionMethodParser - Line does not match: <org.dmfs.oauth2.client.http.requests.ResourceOwnerPasswordTokenRequest: org.dmfs.httpclient.HttpRequestEntity requestEntity)> -> _SOURCE_
[main] WARN soot.jimple.infoflow.android.data.parsers.PermissionMethodParser - Line does not match: <org.springframework.security.concurrent.DelegatingSecurityContextExecutorService: java.util.concurrent.ExecutorService getDelegate)> -> _SOURCE_
[main] WARN soot.jimple.infoflow.android.data.parsers.PermissionMethodParser - Line does not match: <org.springframework.security.config.annotation.web.builders.HttpSecurity: org.springframework.security.config.'annotation'.web.configurers.HeadersConfigurer headers)> -> _SOURCE_
[main] WARN soot.jimple.infoflow.android.data.parsers.PermissionMethodParser - Line does not match: <org.springframework.web.servlet.tags.EscapeBodyTag: java.lang.String readBodyContent)> -> _SOURCE_
[main] WARN soot.jimple.infoflow.android.data.parsers.PermissionMethodParser - Line does not match: <org.springframework.security.config.http.FormLoginBeanDefinitionParser: java.lang.String getLoginProcessingUrl)> -> _SOURCE_
[main] WARN soot.jimple.infoflow.android.data.parsers.PermissionMethodParser - Line does not match: <org.springframework.security.config.annotation.web.configurers.LogoutConfigurer: java.util.List getLogoutHandlers)> -> _SOURCE_
[main] WARN soot.jimple.infoflow.android.data.parsers.PermissionMethodParser - Line does not match: <org.apache.xmlrpc.webserver.RequestData: java.lang.String getHttpVersion)> -> _SOURCE_
[main] WARN soot.jimple.infoflow.android.data.parsers.PermissionMethodParser - Line does not match: <com.google.auth.oauth2.DefaultCredentialsProvider: java.io.File getWellKnownCredentialsFile)> -> _SOURCE_
[main] WARN soot.jimple.infoflow.android.data.parsers.PermissionMethodParser - Line does not match: <org.apache.xmlrpc.webserver.HttpServletRequestImpl: void parseParameters)> -> _SOURCE_
[main] WARN soot.jimple.infoflow.android.data.parsers.PermissionMethodParser - Line does not match:     
[main] INFO soot.jimple.infoflow.android.source.AccessPathBasedSourceSinkManager - Created a SourceSinkManager with 68 sources, 194 sinks, and 71 callback methods.
[main] INFO soot.jimple.infoflow.android.SetupApplication - Collecting callbacks and building a callgraph took 23 seconds
[main] INFO soot.jimple.infoflow.android.SetupApplication - Running data flow analysis on /home/dongjie/CleanPathEdge/artifacts/benchmarks/diskDroidBenchmarks/group2/com.github.axet.bookreader_375.apk with 68 sources and 194 sinks...
[main] INFO soot.jimple.infoflow.InfoflowConfiguration - Implicit flow tracking is NOT enabled
[main] INFO soot.jimple.infoflow.InfoflowConfiguration - Exceptional flow tracking is enabled
[main] INFO soot.jimple.infoflow.InfoflowConfiguration - Running with a maximum access path length of 5
[main] INFO soot.jimple.infoflow.InfoflowConfiguration - Using path-agnostic result collection
[main] INFO soot.jimple.infoflow.InfoflowConfiguration - Recursive access path shortening is enabled
[main] INFO soot.jimple.infoflow.InfoflowConfiguration - Taint analysis enabled: true
[main] INFO soot.jimple.infoflow.InfoflowConfiguration - Using alias algorithm FlowSensitive
[main] INFO soot.jimple.infoflow.memory.MemoryWarningSystem - Registered a memory warning system for 184,320 MiB
[main] INFO soot.jimple.infoflow.android.SetupApplication$InPlaceInfoflow - Callgraph construction took 0 seconds
[main] INFO soot.jimple.infoflow.codeOptimization.InterproceduralConstantValuePropagator - Removing side-effect free methods is disabled
[main] INFO soot.jimple.infoflow.android.SetupApplication$InPlaceInfoflow - Dead code elimination took 0.587367634 seconds
[main] INFO soot.jimple.infoflow.android.SetupApplication$InPlaceInfoflow - Callgraph has 13518 edges
[main] INFO soot.jimple.infoflow.android.SetupApplication$InPlaceInfoflow - Starting Taint Analysis
[main] INFO soot.jimple.infoflow.android.SetupApplication$InPlaceInfoflow - Using garbage-collecting solver
[main] INFO soot.jimple.infoflow.android.SetupApplication$InPlaceInfoflow - Using garbage-collecting solver
[main] INFO soot.jimple.infoflow.memory.FlowDroidTimeoutWatcher - FlowDroid timeout watcher started
[main] WARN soot.jimple.infoflow.android.SetupApplication$InPlaceInfoflow - Running with limited join point abstractions can break context-sensitive path builders
[main] INFO soot.jimple.infoflow.android.SetupApplication$InPlaceInfoflow - Looking for sources and sinks...
[main] INFO soot.jimple.infoflow.android.SetupApplication$InPlaceInfoflow - Source lookup done, found 25 sources and 99 sinks.
[FlowDroid Timeout Watcher] WARN soot.jimple.infoflow.memory.FlowDroidTimeoutWatcher - Timeout reached, stopping the solvers...
[main] INFO soot.jimple.infoflow.solver.gcSolver.IFDSSolver - GC removed abstractions for 1580 methods
[main] INFO soot.jimple.infoflow.solver.gcSolver.IFDSSolver - GC removed abstractions for 1273913 edges
[FlowDroid Timeout Watcher] INFO soot.jimple.infoflow.memory.FlowDroidTimeoutWatcher - FlowDroid timeout watcher terminated
[main] INFO soot.jimple.infoflow.solver.gcSolver.IFDSSolver - forward end Summary size: 6669709
[main] INFO soot.jimple.infoflow.solver.gcSolver.IFDSSolver - Recorded Maximum Path edges count is 3761607
[main] INFO soot.jimple.infoflow.solver.gcSolver.ThreadedGarbageCollector - GC removes 1580 abstractions
[main] INFO soot.jimple.infoflow.solver.gcSolver.ThreadedGarbageCollector - GC removes 1273913 path edges
[Low memory monitor] INFO soot.jimple.infoflow.memory.MemoryWarningSystem - Triggering memory warning at 200782 MB (214748 MB max, 194373 in watched memory pool)...
[Low memory monitor] WARN soot.jimple.infoflow.memory.FlowDroidMemoryWatcher - Running out of memory, solvers terminated
[main] INFO soot.jimple.infoflow.memory.MemoryWarningSystem - Shutting down the memory warning system...
Exception in thread "main" java.lang.OutOfMemoryError: Java heap space
	at java.base/java.util.HashMap.newNode(HashMap.java:1815)
	at java.base/java.util.HashMap.putVal(HashMap.java:627)
	at java.base/java.util.HashMap.put(HashMap.java:608)
	at java.base/java.util.HashSet.add(HashSet.java:220)
	at java.base/java.util.AbstractCollection.addAll(AbstractCollection.java:352)
	at soot.util.ConcurrentHashMultiMap.values(ConcurrentHashMultiMap.java:192)
	at soot.jimple.infoflow.solver.gcSolver.AbstractGarbageCollector.getRemainingPathEdgeCount(AbstractGarbageCollector.java:52)
	at soot.jimple.infoflow.solver.gcSolver.ThreadedGarbageCollector.notifySolverTerminated(ThreadedGarbageCollector.java:90)
	at soot.jimple.infoflow.solver.gcSolver.GarbageCollectorPeerGroup.notifySolverTerminated(GarbageCollectorPeerGroup.java:36)
	at soot.jimple.infoflow.solver.gcSolver.IFDSSolver.solve(IFDSSolver.java:234)
	at soot.jimple.infoflow.Infoflow.runTaintAnalysis(Infoflow.java:536)
	at soot.jimple.infoflow.Infoflow.runAnalysis(Infoflow.java:316)
	at soot.jimple.infoflow.Infoflow.runAnalysis(Infoflow.java:252)
	at soot.jimple.infoflow.android.SetupApplication$InPlaceInfoflow.runAnalysis(SetupApplication.java:1292)
	at soot.jimple.infoflow.android.SetupApplication.processEntryPoint(SetupApplication.java:1542)
	at soot.jimple.infoflow.android.SetupApplication.runInfoflow(SetupApplication.java:1477)
	at soot.jimple.infoflow.android.SetupApplication.runInfoflow(SetupApplication.java:1424)
	at soot.jimple.infoflow.cmd.MainClass.run(MainClass.java:360)
	at soot.jimple.infoflow.cmd.MainClass.main(MainClass.java:254)
Killed
