[main] INFO soot.jimple.infoflow.cmd.MainClass - Analyzing app /home/dongjie/CleanPathEdge/artifacts/benchmarks/sparsedroidBenchmark/org.decsync.sparss.floss_1.13.4.apk (1 of 1)...
[main] INFO soot.jimple.infoflow.android.SetupApplication - Initializing Soot...
[main] INFO soot.jimple.infoflow.android.SetupApplication - Loading dex files...
[main] INFO soot.jimple.infoflow.android.SetupApplication - ARSC file parsing took 0.03032116 seconds
[main] INFO soot.jimple.infoflow.memory.MemoryWarningSystem - Registered a memory warning system for 184,320 MiB
[main] INFO soot.jimple.infoflow.android.entryPointCreators.AndroidEntryPointCreator - Creating Android entry point for 21 components...
[main] INFO soot.jimple.infoflow.android.SetupApplication - Constructing the callgraph...
[main] WARN soot.jimple.infoflow.android.resources.LayoutFileParser - Fragment without class name or id detected
[main] WARN soot.jimple.infoflow.android.resources.LayoutFileParser - Fragment without class name or id detected
[main] WARN soot.jimple.infoflow.android.resources.LayoutFileParser - Fragment without class name or id detected
[main] INFO soot.jimple.infoflow.android.callbacks.DefaultCallbackAnalyzer - Collecting callbacks in DEFAULT mode...
[main] INFO soot.jimple.infoflow.android.callbacks.DefaultCallbackAnalyzer - Callback analysis done.
[main] WARN soot.jimple.infoflow.android.resources.LayoutFileParser - Fragment without class name or id detected
[main] WARN soot.jimple.infoflow.android.resources.LayoutFileParser - Fragment without class name or id detected
[main] WARN soot.jimple.infoflow.android.resources.LayoutFileParser - Fragment without class name or id detected
[main] INFO soot.jimple.infoflow.android.entryPointCreators.AndroidEntryPointCreator - Creating Android entry point for 21 components...
[main] INFO soot.jimple.infoflow.android.SetupApplication - Constructing the callgraph...
[main] WARN soot.jimple.infoflow.android.resources.LayoutFileParser - Fragment without class name or id detected
[main] WARN soot.jimple.infoflow.android.resources.LayoutFileParser - Fragment without class name or id detected
[main] WARN soot.jimple.infoflow.android.resources.LayoutFileParser - Fragment without class name or id detected
[main] INFO soot.jimple.infoflow.android.callbacks.DefaultCallbackAnalyzer - Running incremental callback analysis for 21 components...
[main] INFO soot.jimple.infoflow.android.callbacks.DefaultCallbackAnalyzer - Incremental callback analysis done.
[main] INFO soot.jimple.infoflow.android.entryPointCreators.AndroidEntryPointCreator - Creating Android entry point for 21 components...
[main] INFO soot.jimple.infoflow.android.SetupApplication - Constructing the callgraph...
[main] WARN soot.jimple.infoflow.android.resources.LayoutFileParser - Fragment without class name or id detected
[main] WARN soot.jimple.infoflow.android.resources.LayoutFileParser - Fragment without class name or id detected
[main] WARN soot.jimple.infoflow.android.resources.LayoutFileParser - Fragment without class name or id detected
[main] INFO soot.jimple.infoflow.android.callbacks.DefaultCallbackAnalyzer - Running incremental callback analysis for 8 components...
[main] INFO soot.jimple.infoflow.android.callbacks.DefaultCallbackAnalyzer - Incremental callback analysis done.
[main] INFO soot.jimple.infoflow.android.entryPointCreators.AndroidEntryPointCreator - Creating Android entry point for 21 components...
[main] INFO soot.jimple.infoflow.android.SetupApplication - Constructing the callgraph...
[main] WARN soot.jimple.infoflow.android.resources.LayoutFileParser - Fragment without class name or id detected
[main] WARN soot.jimple.infoflow.android.resources.LayoutFileParser - Fragment without class name or id detected
[main] WARN soot.jimple.infoflow.android.resources.LayoutFileParser - Fragment without class name or id detected
[main] INFO soot.jimple.infoflow.android.callbacks.DefaultCallbackAnalyzer - Running incremental callback analysis for 0 components...
[main] INFO soot.jimple.infoflow.android.callbacks.DefaultCallbackAnalyzer - Incremental callback analysis done.
[main] INFO soot.jimple.infoflow.memory.MemoryWarningSystem - Shutting down the memory warning system...
[main] INFO soot.jimple.infoflow.android.SetupApplication - Callback analysis terminated normally
[main] INFO soot.jimple.infoflow.android.SetupApplication - Entry point calculation done.
[main] WARN soot.jimple.infoflow.android.data.parsers.PermissionMethodParser - Line does not match: <org.springframework.web.servlet.tags.UrlTag: java.lang.String createUrl)> -> _SINK_
[main] WARN soot.jimple.infoflow.android.data.parsers.PermissionMethodParser - Line does not match: <org.springframework.orm.hibernate3.support.ClobStringType: int[] sqlTypes)> -> _SINK_
[main] WARN soot.jimple.infoflow.android.data.parsers.PermissionMethodParser - Line does not match: <org.springframework.security.config.http.CsrfBeanDefinitionParser: org.springframework.beans.factory.config.BeanDefinition getCsrfLogoutHandler)> -> _SOURCE_
[main] WARN soot.jimple.infoflow.android.data.parsers.PermissionMethodParser - Line does not match: <java.io.File: java.io.File getAbsoluteFile)> -> _SOURCE_
[main] WARN soot.jimple.infoflow.android.data.parsers.PermissionMethodParser - Line does not match: <org.springframework.security.config.http.FormLoginBeanDefinitionParser: java.lang.String getLoginPage)> -> _SOURCE_
[main] WARN soot.jimple.infoflow.android.data.parsers.PermissionMethodParser - Line does not match: <com.google.auth.oauth2.UserCredentials: java.lang.String getClientSecret)> -> _SOURCE_
[main] WARN soot.jimple.infoflow.android.data.parsers.PermissionMethodParser - Line does not match: <org.springframework.web.servlet.tags.UrlTag: java.lang.String createUrl)> -> _SOURCE_
[main] WARN soot.jimple.infoflow.android.data.parsers.PermissionMethodParser - Line does not match: <java.io.File: java.io.File getCanonicalFile)> -> _SOURCE_
[main] WARN soot.jimple.infoflow.android.data.parsers.PermissionMethodParser - Line does not match: <org.apache.xmlrpc.webserver.RequestData: java.lang.String getMethod)> -> _SOURCE_
[main] WARN soot.jimple.infoflow.android.data.parsers.PermissionMethodParser - Line does not match: <org.dmfs.oauth2.client.http.requests.ResourceOwnerPasswordTokenRequest: org.dmfs.httpclient.HttpRequestEntity requestEntity)> -> _SOURCE_
[main] WARN soot.jimple.infoflow.android.data.parsers.PermissionMethodParser - Line does not match: <org.springframework.security.concurrent.DelegatingSecurityContextExecutorService: java.util.concurrent.ExecutorService getDelegate)> -> _SOURCE_
[main] WARN soot.jimple.infoflow.android.data.parsers.PermissionMethodParser - Line does not match: <org.springframework.security.config.annotation.web.builders.HttpSecurity: org.springframework.security.config.'annotation'.web.configurers.HeadersConfigurer headers)> -> _SOURCE_
[main] WARN soot.jimple.infoflow.android.data.parsers.PermissionMethodParser - Line does not match: <org.springframework.web.servlet.tags.EscapeBodyTag: java.lang.String readBodyContent)> -> _SOURCE_
[main] WARN soot.jimple.infoflow.android.data.parsers.PermissionMethodParser - Line does not match: <org.springframework.security.config.http.FormLoginBeanDefinitionParser: java.lang.String getLoginProcessingUrl)> -> _SOURCE_
[main] WARN soot.jimple.infoflow.android.data.parsers.PermissionMethodParser - Line does not match: <org.springframework.security.config.annotation.web.configurers.LogoutConfigurer: java.util.List getLogoutHandlers)> -> _SOURCE_
[main] WARN soot.jimple.infoflow.android.data.parsers.PermissionMethodParser - Line does not match: <org.apache.xmlrpc.webserver.RequestData: java.lang.String getHttpVersion)> -> _SOURCE_
[main] WARN soot.jimple.infoflow.android.data.parsers.PermissionMethodParser - Line does not match: <com.google.auth.oauth2.DefaultCredentialsProvider: java.io.File getWellKnownCredentialsFile)> -> _SOURCE_
[main] WARN soot.jimple.infoflow.android.data.parsers.PermissionMethodParser - Line does not match: <org.apache.xmlrpc.webserver.HttpServletRequestImpl: void parseParameters)> -> _SOURCE_
[main] WARN soot.jimple.infoflow.android.data.parsers.PermissionMethodParser - Line does not match:     
[main] INFO soot.jimple.infoflow.android.source.AccessPathBasedSourceSinkManager - Created a SourceSinkManager with 68 sources, 194 sinks, and 80 callback methods.
[main] INFO soot.jimple.infoflow.android.SetupApplication - Collecting callbacks and building a callgraph took 6 seconds
[main] INFO soot.jimple.infoflow.android.SetupApplication - Running data flow analysis on /home/dongjie/CleanPathEdge/artifacts/benchmarks/sparsedroidBenchmark/org.decsync.sparss.floss_1.13.4.apk with 68 sources and 194 sinks...
[main] INFO soot.jimple.infoflow.InfoflowConfiguration - Implicit flow tracking is NOT enabled
[main] INFO soot.jimple.infoflow.InfoflowConfiguration - Exceptional flow tracking is enabled
[main] INFO soot.jimple.infoflow.InfoflowConfiguration - Running with a maximum access path length of 5
[main] INFO soot.jimple.infoflow.InfoflowConfiguration - Using path-agnostic result collection
[main] INFO soot.jimple.infoflow.InfoflowConfiguration - Recursive access path shortening is enabled
[main] INFO soot.jimple.infoflow.InfoflowConfiguration - Taint analysis enabled: true
[main] INFO soot.jimple.infoflow.InfoflowConfiguration - Using alias algorithm FlowSensitive
[main] INFO soot.jimple.infoflow.memory.MemoryWarningSystem - Registered a memory warning system for 184,320 MiB
[main] INFO soot.jimple.infoflow.android.SetupApplication$InPlaceInfoflow - Callgraph construction took 0 seconds
[main] INFO soot.jimple.infoflow.codeOptimization.InterproceduralConstantValuePropagator - Removing side-effect free methods is disabled
[main] INFO soot.jimple.infoflow.android.SetupApplication$InPlaceInfoflow - Dead code elimination took 0.360511114 seconds
[main] INFO soot.jimple.infoflow.android.SetupApplication$InPlaceInfoflow - Callgraph has 7181 edges
[main] INFO soot.jimple.infoflow.android.SetupApplication$InPlaceInfoflow - Starting Taint Analysis
[main] INFO soot.jimple.infoflow.android.SetupApplication$InPlaceInfoflow - Using garbage-collecting solver
[main] INFO soot.jimple.infoflow.android.SetupApplication$InPlaceInfoflow - Using garbage-collecting solver
[main] INFO soot.jimple.infoflow.memory.FlowDroidTimeoutWatcher - FlowDroid timeout watcher started
[main] WARN soot.jimple.infoflow.android.SetupApplication$InPlaceInfoflow - Running with limited join point abstractions can break context-sensitive path builders
[main] INFO soot.jimple.infoflow.android.SetupApplication$InPlaceInfoflow - Looking for sources and sinks...
[main] INFO soot.jimple.infoflow.android.SetupApplication$InPlaceInfoflow - Source lookup done, found 63 sources and 99 sinks.
[main] INFO soot.jimple.infoflow.solver.gcSolver.IFDSSolver - GC removed abstractions for 1081 methods
[main] INFO soot.jimple.infoflow.solver.gcSolver.IFDSSolver - GC removed abstractions for 1172278 edges
[main] INFO soot.jimple.infoflow.solver.gcSolver.IFDSSolver - forward end Summary size: 385394
[main] INFO soot.jimple.infoflow.solver.gcSolver.IFDSSolver - Recorded Maximum Path edges count is 12335
[main] INFO soot.jimple.infoflow.solver.gcSolver.ThreadedGarbageCollector - GC removes 1272 abstractions
[main] INFO soot.jimple.infoflow.solver.gcSolver.ThreadedGarbageCollector - GC removes 4163637 path edges
[main] INFO soot.jimple.infoflow.solver.gcSolver.ThreadedGarbageCollector - Remaining Path edges count is 0
[main] INFO soot.jimple.infoflow.solver.gcSolver.ThreadedGarbageCollector - Recorded Maximum Path edges count is 12335
[main] INFO soot.jimple.infoflow.solver.gcSolver.ThreadedGarbageCollector - Recorded Maximum memory consumption is 4303
[main] INFO soot.jimple.infoflow.solver.gcSolver.ThreadedGarbageCollector - GC removes 866 abstractions
[main] INFO soot.jimple.infoflow.solver.gcSolver.ThreadedGarbageCollector - GC removes 2374844 path edges
[main] INFO soot.jimple.infoflow.solver.gcSolver.ThreadedGarbageCollector - Remaining Path edges count is 0
[main] INFO soot.jimple.infoflow.solver.gcSolver.ThreadedGarbageCollector - Recorded Maximum Path edges count is 10095
[main] INFO soot.jimple.infoflow.solver.gcSolver.ThreadedGarbageCollector - Recorded Maximum memory consumption is 4303
[main] INFO soot.jimple.infoflow.android.SetupApplication$InPlaceInfoflow - Taint wrapper hits: 631097
[main] INFO soot.jimple.infoflow.android.SetupApplication$InPlaceInfoflow - Taint wrapper misses: 619992
[main] INFO soot.jimple.infoflow.android.SetupApplication$InPlaceInfoflow - IFDS problem with 4163637 forward and 2374844 backward edges solved in 27 seconds, processing 52 results...
[main] INFO soot.jimple.infoflow.android.SetupApplication$InPlaceInfoflow - Current memory consumption: 3363 MB
[main] INFO soot.jimple.infoflow.android.SetupApplication$InPlaceInfoflow - Memory consumption after cleanup: 156 MB
[main] INFO soot.jimple.infoflow.memory.FlowDroidTimeoutWatcher - FlowDroid timeout watcher started
[main] INFO soot.jimple.infoflow.data.pathBuilders.DefaultPathBuilderFactory$ShutdownBatchPathBuilder - Running path reconstruction batch 1 with 5 elements
[main] INFO soot.jimple.infoflow.data.pathBuilders.DefaultPathBuilderFactory$RepeatableContextSensitivePathBuilder - Obtainted 5 connections between sources and sinks
[main] INFO soot.jimple.infoflow.data.pathBuilders.DefaultPathBuilderFactory$RepeatableContextSensitivePathBuilder - Building path 1...
[main] INFO soot.jimple.infoflow.data.pathBuilders.DefaultPathBuilderFactory$RepeatableContextSensitivePathBuilder - Building path 2...
[main] INFO soot.jimple.infoflow.data.pathBuilders.DefaultPathBuilderFactory$RepeatableContextSensitivePathBuilder - Building path 3...
[main] INFO soot.jimple.infoflow.data.pathBuilders.DefaultPathBuilderFactory$RepeatableContextSensitivePathBuilder - Building path 4...
[main] INFO soot.jimple.infoflow.data.pathBuilders.DefaultPathBuilderFactory$RepeatableContextSensitivePathBuilder - Building path 5...
[main] INFO soot.jimple.infoflow.data.pathBuilders.DefaultPathBuilderFactory$ShutdownBatchPathBuilder - Running path reconstruction batch 2 with 5 elements
[main] INFO soot.jimple.infoflow.data.pathBuilders.DefaultPathBuilderFactory$RepeatableContextSensitivePathBuilder - Obtainted 5 connections between sources and sinks
[main] INFO soot.jimple.infoflow.data.pathBuilders.DefaultPathBuilderFactory$RepeatableContextSensitivePathBuilder - Building path 1...
[main] INFO soot.jimple.infoflow.data.pathBuilders.DefaultPathBuilderFactory$RepeatableContextSensitivePathBuilder - Building path 2...
[main] INFO soot.jimple.infoflow.data.pathBuilders.DefaultPathBuilderFactory$RepeatableContextSensitivePathBuilder - Building path 3...
[main] INFO soot.jimple.infoflow.data.pathBuilders.DefaultPathBuilderFactory$RepeatableContextSensitivePathBuilder - Building path 4...
[main] INFO soot.jimple.infoflow.data.pathBuilders.DefaultPathBuilderFactory$RepeatableContextSensitivePathBuilder - Building path 5...
[main] INFO soot.jimple.infoflow.data.pathBuilders.DefaultPathBuilderFactory$ShutdownBatchPathBuilder - Running path reconstruction batch 3 with 5 elements
[main] INFO soot.jimple.infoflow.data.pathBuilders.DefaultPathBuilderFactory$RepeatableContextSensitivePathBuilder - Obtainted 5 connections between sources and sinks
[main] INFO soot.jimple.infoflow.data.pathBuilders.DefaultPathBuilderFactory$RepeatableContextSensitivePathBuilder - Building path 1...
[main] INFO soot.jimple.infoflow.data.pathBuilders.DefaultPathBuilderFactory$RepeatableContextSensitivePathBuilder - Building path 2...
[main] INFO soot.jimple.infoflow.data.pathBuilders.DefaultPathBuilderFactory$RepeatableContextSensitivePathBuilder - Building path 3...
[main] INFO soot.jimple.infoflow.data.pathBuilders.DefaultPathBuilderFactory$RepeatableContextSensitivePathBuilder - Building path 4...
[main] INFO soot.jimple.infoflow.data.pathBuilders.DefaultPathBuilderFactory$RepeatableContextSensitivePathBuilder - Building path 5...
[main] INFO soot.jimple.infoflow.data.pathBuilders.DefaultPathBuilderFactory$ShutdownBatchPathBuilder - Running path reconstruction batch 4 with 5 elements
[main] INFO soot.jimple.infoflow.data.pathBuilders.DefaultPathBuilderFactory$RepeatableContextSensitivePathBuilder - Obtainted 5 connections between sources and sinks
[main] INFO soot.jimple.infoflow.data.pathBuilders.DefaultPathBuilderFactory$RepeatableContextSensitivePathBuilder - Building path 1...
[main] INFO soot.jimple.infoflow.data.pathBuilders.DefaultPathBuilderFactory$RepeatableContextSensitivePathBuilder - Building path 2...
[main] INFO soot.jimple.infoflow.data.pathBuilders.DefaultPathBuilderFactory$RepeatableContextSensitivePathBuilder - Building path 3...
[main] INFO soot.jimple.infoflow.data.pathBuilders.DefaultPathBuilderFactory$RepeatableContextSensitivePathBuilder - Building path 4...
[main] INFO soot.jimple.infoflow.data.pathBuilders.DefaultPathBuilderFactory$RepeatableContextSensitivePathBuilder - Building path 5...
[main] INFO soot.jimple.infoflow.data.pathBuilders.DefaultPathBuilderFactory$ShutdownBatchPathBuilder - Running path reconstruction batch 5 with 5 elements
[main] INFO soot.jimple.infoflow.data.pathBuilders.DefaultPathBuilderFactory$RepeatableContextSensitivePathBuilder - Obtainted 5 connections between sources and sinks
[main] INFO soot.jimple.infoflow.data.pathBuilders.DefaultPathBuilderFactory$RepeatableContextSensitivePathBuilder - Building path 1...
[main] INFO soot.jimple.infoflow.data.pathBuilders.DefaultPathBuilderFactory$RepeatableContextSensitivePathBuilder - Building path 2...
[main] INFO soot.jimple.infoflow.data.pathBuilders.DefaultPathBuilderFactory$RepeatableContextSensitivePathBuilder - Building path 3...
[main] INFO soot.jimple.infoflow.data.pathBuilders.DefaultPathBuilderFactory$RepeatableContextSensitivePathBuilder - Building path 4...
[main] INFO soot.jimple.infoflow.data.pathBuilders.DefaultPathBuilderFactory$RepeatableContextSensitivePathBuilder - Building path 5...
[main] INFO soot.jimple.infoflow.data.pathBuilders.DefaultPathBuilderFactory$ShutdownBatchPathBuilder - Running path reconstruction batch 6 with 5 elements
[main] INFO soot.jimple.infoflow.data.pathBuilders.DefaultPathBuilderFactory$RepeatableContextSensitivePathBuilder - Obtainted 5 connections between sources and sinks
[main] INFO soot.jimple.infoflow.data.pathBuilders.DefaultPathBuilderFactory$RepeatableContextSensitivePathBuilder - Building path 1...
[main] INFO soot.jimple.infoflow.data.pathBuilders.DefaultPathBuilderFactory$RepeatableContextSensitivePathBuilder - Building path 2...
[main] INFO soot.jimple.infoflow.data.pathBuilders.DefaultPathBuilderFactory$RepeatableContextSensitivePathBuilder - Building path 3...
[main] INFO soot.jimple.infoflow.data.pathBuilders.DefaultPathBuilderFactory$RepeatableContextSensitivePathBuilder - Building path 4...
[main] INFO soot.jimple.infoflow.data.pathBuilders.DefaultPathBuilderFactory$RepeatableContextSensitivePathBuilder - Building path 5...
[main] INFO soot.jimple.infoflow.data.pathBuilders.DefaultPathBuilderFactory$ShutdownBatchPathBuilder - Running path reconstruction batch 7 with 5 elements
[main] INFO soot.jimple.infoflow.data.pathBuilders.DefaultPathBuilderFactory$RepeatableContextSensitivePathBuilder - Obtainted 5 connections between sources and sinks
[main] INFO soot.jimple.infoflow.data.pathBuilders.DefaultPathBuilderFactory$RepeatableContextSensitivePathBuilder - Building path 1...
[main] INFO soot.jimple.infoflow.data.pathBuilders.DefaultPathBuilderFactory$RepeatableContextSensitivePathBuilder - Building path 2...
[main] INFO soot.jimple.infoflow.data.pathBuilders.DefaultPathBuilderFactory$RepeatableContextSensitivePathBuilder - Building path 3...
[main] INFO soot.jimple.infoflow.data.pathBuilders.DefaultPathBuilderFactory$RepeatableContextSensitivePathBuilder - Building path 4...
[main] INFO soot.jimple.infoflow.data.pathBuilders.DefaultPathBuilderFactory$RepeatableContextSensitivePathBuilder - Building path 5...
[main] INFO soot.jimple.infoflow.data.pathBuilders.DefaultPathBuilderFactory$ShutdownBatchPathBuilder - Running path reconstruction batch 8 with 5 elements
[main] INFO soot.jimple.infoflow.data.pathBuilders.DefaultPathBuilderFactory$RepeatableContextSensitivePathBuilder - Obtainted 5 connections between sources and sinks
[main] INFO soot.jimple.infoflow.data.pathBuilders.DefaultPathBuilderFactory$RepeatableContextSensitivePathBuilder - Building path 1...
[main] INFO soot.jimple.infoflow.data.pathBuilders.DefaultPathBuilderFactory$RepeatableContextSensitivePathBuilder - Building path 2...
[main] INFO soot.jimple.infoflow.data.pathBuilders.DefaultPathBuilderFactory$RepeatableContextSensitivePathBuilder - Building path 3...
[main] INFO soot.jimple.infoflow.data.pathBuilders.DefaultPathBuilderFactory$RepeatableContextSensitivePathBuilder - Building path 4...
[main] INFO soot.jimple.infoflow.data.pathBuilders.DefaultPathBuilderFactory$RepeatableContextSensitivePathBuilder - Building path 5...
[main] INFO soot.jimple.infoflow.data.pathBuilders.DefaultPathBuilderFactory$ShutdownBatchPathBuilder - Running path reconstruction batch 9 with 5 elements
[main] INFO soot.jimple.infoflow.data.pathBuilders.DefaultPathBuilderFactory$RepeatableContextSensitivePathBuilder - Obtainted 5 connections between sources and sinks
[main] INFO soot.jimple.infoflow.data.pathBuilders.DefaultPathBuilderFactory$RepeatableContextSensitivePathBuilder - Building path 1...
[main] INFO soot.jimple.infoflow.data.pathBuilders.DefaultPathBuilderFactory$RepeatableContextSensitivePathBuilder - Building path 2...
[main] INFO soot.jimple.infoflow.data.pathBuilders.DefaultPathBuilderFactory$RepeatableContextSensitivePathBuilder - Building path 3...
[main] INFO soot.jimple.infoflow.data.pathBuilders.DefaultPathBuilderFactory$RepeatableContextSensitivePathBuilder - Building path 4...
[main] INFO soot.jimple.infoflow.data.pathBuilders.DefaultPathBuilderFactory$RepeatableContextSensitivePathBuilder - Building path 5...
[main] INFO soot.jimple.infoflow.data.pathBuilders.DefaultPathBuilderFactory$ShutdownBatchPathBuilder - Running path reconstruction batch 10 with 5 elements
[main] INFO soot.jimple.infoflow.data.pathBuilders.DefaultPathBuilderFactory$RepeatableContextSensitivePathBuilder - Obtainted 5 connections between sources and sinks
[main] INFO soot.jimple.infoflow.data.pathBuilders.DefaultPathBuilderFactory$RepeatableContextSensitivePathBuilder - Building path 1...
[main] INFO soot.jimple.infoflow.data.pathBuilders.DefaultPathBuilderFactory$RepeatableContextSensitivePathBuilder - Building path 2...
[main] INFO soot.jimple.infoflow.data.pathBuilders.DefaultPathBuilderFactory$RepeatableContextSensitivePathBuilder - Building path 3...
[main] INFO soot.jimple.infoflow.data.pathBuilders.DefaultPathBuilderFactory$RepeatableContextSensitivePathBuilder - Building path 4...
[main] INFO soot.jimple.infoflow.data.pathBuilders.DefaultPathBuilderFactory$RepeatableContextSensitivePathBuilder - Building path 5...
[main] INFO soot.jimple.infoflow.data.pathBuilders.DefaultPathBuilderFactory$ShutdownBatchPathBuilder - Running path reconstruction batch 11 with 2 elements
[main] INFO soot.jimple.infoflow.data.pathBuilders.DefaultPathBuilderFactory$RepeatableContextSensitivePathBuilder - Obtainted 2 connections between sources and sinks
[main] INFO soot.jimple.infoflow.data.pathBuilders.DefaultPathBuilderFactory$RepeatableContextSensitivePathBuilder - Building path 1...
[main] INFO soot.jimple.infoflow.data.pathBuilders.DefaultPathBuilderFactory$RepeatableContextSensitivePathBuilder - Building path 2...
[main] INFO soot.jimple.infoflow.memory.MemoryWarningSystem - Shutting down the memory warning system...
[main] INFO soot.jimple.infoflow.android.SetupApplication$InPlaceInfoflow - Memory consumption after path building: 155 MB
[main] INFO soot.jimple.infoflow.android.SetupApplication$InPlaceInfoflow - Path reconstruction took 0 seconds
[main] INFO soot.jimple.infoflow.android.SetupApplication$InPlaceInfoflow - The sink $r12 = virtualinvoke $r0.<android.content.ContentResolver: android.database.Cursor query(android.net.Uri,java.lang.String[],java.lang.String,java.lang.String[],java.lang.String)>($r11, $r7, "url=?", $r8, null) in method <org.decsync.sparss.provider.FeedDataContentProvider: android.net.Uri a(android.content.ContentResolver,android.content.Context,java.lang.String,java.lang.String,boolean,java.lang.String,java.lang.String,java.lang.Integer,boolean)> was called with values from the following sources:
[main] INFO soot.jimple.infoflow.android.SetupApplication$InPlaceInfoflow - - $r15 = interfaceinvoke $r24.<android.database.Cursor: java.lang.String getString(int)>(1) in method <org.decsync.sparss.activity.EditFeedActivity: void onCreate(android.os.Bundle)>
[main] INFO soot.jimple.infoflow.android.SetupApplication$InPlaceInfoflow - The sink $r24 = virtualinvoke $r24.<java.lang.String: java.lang.String replace(java.lang.CharSequence,java.lang.CharSequence)>("&amp;", "&") in method <org.decsync.sparss.service.FetcherService: int a(java.lang.String,long)> was called with values from the following sources:
[main] INFO soot.jimple.infoflow.android.SetupApplication$InPlaceInfoflow - - $r34 = virtualinvoke $r40.<java.net.HttpURLConnection: java.io.InputStream getInputStream()>() in method <org.decsync.sparss.service.FetcherService: int a(java.lang.String,long)>
[main] INFO soot.jimple.infoflow.android.SetupApplication$InPlaceInfoflow - - $r34 = virtualinvoke $r27.<java.net.HttpURLConnection: java.io.InputStream getInputStream()>() in method <org.decsync.sparss.service.FetcherService: int a(java.lang.String,long)>
[main] INFO soot.jimple.infoflow.android.SetupApplication$InPlaceInfoflow - - $r34 = virtualinvoke $r40.<java.net.HttpURLConnection: java.io.InputStream getInputStream()>() in method <org.decsync.sparss.service.FetcherService: int a(java.lang.String,long)>
[main] INFO soot.jimple.infoflow.android.SetupApplication$InPlaceInfoflow - - $r34 = virtualinvoke $r40.<java.net.HttpURLConnection: java.io.InputStream getInputStream()>() in method <org.decsync.sparss.service.FetcherService: int a(java.lang.String,long)>
[main] INFO soot.jimple.infoflow.android.SetupApplication$InPlaceInfoflow - - $r26 = interfaceinvoke $r23.<android.database.Cursor: java.lang.String getString(int)>($i1) in method <org.decsync.sparss.service.FetcherService: int a(java.lang.String,long)>
[main] INFO soot.jimple.infoflow.android.SetupApplication$InPlaceInfoflow - The sink $i0 = virtualinvoke $r0.<android.content.ContentResolver: int update(android.net.Uri,android.content.ContentValues,java.lang.String,java.lang.String[])>($r1, $r2, null, null) in method <org.decsync.sparss.utils.DB: int a(android.content.ContentResolver,android.net.Uri,android.content.ContentValues,java.lang.String,java.lang.String[],boolean)> was called with values from the following sources:
[main] INFO soot.jimple.infoflow.android.SetupApplication$InPlaceInfoflow - - $r1 = interfaceinvoke $r23.<android.database.Cursor: java.lang.String getString(int)>($i2) in method <org.decsync.sparss.service.FetcherService: int a(java.lang.String,long)>
[main] INFO soot.jimple.infoflow.android.SetupApplication$InPlaceInfoflow - The sink $r6 = virtualinvoke $r0.<android.content.ContentResolver: android.database.Cursor query(android.net.Uri,java.lang.String[],java.lang.String,java.lang.String[],java.lang.String)>($r1, null, null, null, null) in method <org.decsync.sparss.utils.DB: int a(android.content.ContentResolver,android.net.Uri,android.content.ContentValues,java.lang.String,java.lang.String[],boolean)> was called with values from the following sources:
[main] INFO soot.jimple.infoflow.android.SetupApplication$InPlaceInfoflow - - $r1 = interfaceinvoke $r23.<android.database.Cursor: java.lang.String getString(int)>($i2) in method <org.decsync.sparss.service.FetcherService: int a(java.lang.String,long)>
[main] INFO soot.jimple.infoflow.android.SetupApplication$InPlaceInfoflow - The sink $r19 = virtualinvoke $r9.<android.content.ContentResolver: android.database.Cursor query(android.net.Uri,java.lang.String[],java.lang.String,java.lang.String[],java.lang.String)>($r17, null, null, null, null) in method <org.decsync.sparss.service.FetcherService: void a()> was called with values from the following sources:
[main] INFO soot.jimple.infoflow.android.SetupApplication$InPlaceInfoflow - - $r16 = interfaceinvoke $r13.<android.database.Cursor: java.lang.String getString(int)>($i5) in method <org.decsync.sparss.service.FetcherService: void a()>
[main] INFO soot.jimple.infoflow.android.SetupApplication$InPlaceInfoflow - The sink virtualinvoke $r45.<java.io.ByteArrayOutputStream: void write(byte[],int,int)>($r46, 0, $i3) in method <org.decsync.sparss.service.FetcherService: int a(java.lang.String,long)> was called with values from the following sources:
[main] INFO soot.jimple.infoflow.android.SetupApplication$InPlaceInfoflow - - $r34 = virtualinvoke $r40.<java.net.HttpURLConnection: java.io.InputStream getInputStream()>() in method <org.decsync.sparss.service.FetcherService: int a(java.lang.String,long)>
[main] INFO soot.jimple.infoflow.android.SetupApplication$InPlaceInfoflow - The sink $r6 = virtualinvoke $r2.<android.content.ContentResolver: android.database.Cursor query(android.net.Uri,java.lang.String[],java.lang.String,java.lang.String[],java.lang.String)>($r4, $r5, null, null, null) in method <org.decsync.sparss.utils.DB: java.lang.Object b(java.lang.String,android.content.ContentResolver)> was called with values from the following sources:
[main] INFO soot.jimple.infoflow.android.SetupApplication$InPlaceInfoflow - - $r19 = interfaceinvoke $r6.<android.database.Cursor: java.lang.String getString(int)>($i0) in method <org.decsync.sparss.utils.DB: int a(android.content.ContentResolver,android.net.Uri,android.content.ContentValues,java.lang.String,java.lang.String[],boolean)>
[main] INFO soot.jimple.infoflow.android.SetupApplication$InPlaceInfoflow - The sink $r34 = virtualinvoke $r40.<java.net.HttpURLConnection: java.io.InputStream getInputStream()>() in method <org.decsync.sparss.service.FetcherService: int a(java.lang.String,long)> was called with values from the following sources:
[main] INFO soot.jimple.infoflow.android.SetupApplication$InPlaceInfoflow - - $r34 = virtualinvoke $r40.<java.net.HttpURLConnection: java.io.InputStream getInputStream()>() in method <org.decsync.sparss.service.FetcherService: int a(java.lang.String,long)>
[main] INFO soot.jimple.infoflow.android.SetupApplication$InPlaceInfoflow - - $r34 = virtualinvoke $r27.<java.net.HttpURLConnection: java.io.InputStream getInputStream()>() in method <org.decsync.sparss.service.FetcherService: int a(java.lang.String,long)>
[main] INFO soot.jimple.infoflow.android.SetupApplication$InPlaceInfoflow - - $r34 = virtualinvoke $r40.<java.net.HttpURLConnection: java.io.InputStream getInputStream()>() in method <org.decsync.sparss.service.FetcherService: int a(java.lang.String,long)>
[main] INFO soot.jimple.infoflow.android.SetupApplication$InPlaceInfoflow - - $r26 = interfaceinvoke $r23.<android.database.Cursor: java.lang.String getString(int)>($i1) in method <org.decsync.sparss.service.FetcherService: int a(java.lang.String,long)>
[main] INFO soot.jimple.infoflow.android.SetupApplication$InPlaceInfoflow - - $r34 = virtualinvoke $r40.<java.net.HttpURLConnection: java.io.InputStream getInputStream()>() in method <org.decsync.sparss.service.FetcherService: int a(java.lang.String,long)>
[main] INFO soot.jimple.infoflow.android.SetupApplication$InPlaceInfoflow - The sink $r6 = virtualinvoke $r0.<android.content.ContentResolver: android.database.Cursor query(android.net.Uri,java.lang.String[],java.lang.String,java.lang.String[],java.lang.String)>($r1, null, null, null, null) in method <org.decsync.sparss.utils.DB: int a(android.content.ContentResolver,android.net.Uri,android.content.ContentValues,java.lang.String,java.lang.String[],boolean)> was called with values from the following sources:
[main] INFO soot.jimple.infoflow.android.SetupApplication$InPlaceInfoflow - - $r1 = interfaceinvoke $r23.<android.database.Cursor: java.lang.String getString(int)>($i2) in method <org.decsync.sparss.service.FetcherService: int a(java.lang.String,long)>
[main] INFO soot.jimple.infoflow.android.SetupApplication$InPlaceInfoflow - The sink $r13 = virtualinvoke $r9.<android.content.ContentResolver: android.database.Cursor query(android.net.Uri,java.lang.String[],java.lang.String,java.lang.String[],java.lang.String)>($r10, $r11, "url=?", $r12, null) in method <org.decsync.sparss.activity.EditFeedActivity: void onDestroy()> was called with values from the following sources:
[main] INFO soot.jimple.infoflow.android.SetupApplication$InPlaceInfoflow - - $r15 = interfaceinvoke $r24.<android.database.Cursor: java.lang.String getString(int)>(1) in method <org.decsync.sparss.activity.EditFeedActivity: void onCreate(android.os.Bundle)>
[main] INFO soot.jimple.infoflow.android.SetupApplication$InPlaceInfoflow - The sink virtualinvoke $r9.<java.io.FileOutputStream: void write(byte[],int,int)>($r11, 0, $i1) in method <org.decsync.sparss.utils.NetworkUtils: void c(long,java.lang.String)> was called with values from the following sources:
[main] INFO soot.jimple.infoflow.android.SetupApplication$InPlaceInfoflow - - $r10 = virtualinvoke $r7.<java.net.HttpURLConnection: java.io.InputStream getInputStream()>() in method <org.decsync.sparss.utils.NetworkUtils: void c(long,java.lang.String)>
[main] INFO soot.jimple.infoflow.android.SetupApplication$InPlaceInfoflow - The sink virtualinvoke $r2.<android.content.ContentResolver: int update(android.net.Uri,android.content.ContentValues,java.lang.String,java.lang.String[])>($r4, $r13, null, null) in method <org.decsync.sparss.utils.DB: java.lang.Object b(java.lang.String,android.content.ContentResolver)> was called with values from the following sources:
[main] INFO soot.jimple.infoflow.android.SetupApplication$InPlaceInfoflow - - $r19 = interfaceinvoke $r6.<android.database.Cursor: java.lang.String getString(int)>($i0) in method <org.decsync.sparss.utils.DB: int a(android.content.ContentResolver,android.net.Uri,android.content.ContentValues,java.lang.String,java.lang.String[],boolean)>
[main] INFO soot.jimple.infoflow.android.SetupApplication$InPlaceInfoflow - The sink $r34 = virtualinvoke $r40.<java.net.HttpURLConnection: java.io.InputStream getInputStream()>() in method <org.decsync.sparss.service.FetcherService: int a(java.lang.String,long)> was called with values from the following sources:
[main] INFO soot.jimple.infoflow.android.SetupApplication$InPlaceInfoflow - - $r34 = virtualinvoke $r40.<java.net.HttpURLConnection: java.io.InputStream getInputStream()>() in method <org.decsync.sparss.service.FetcherService: int a(java.lang.String,long)>
[main] INFO soot.jimple.infoflow.android.SetupApplication$InPlaceInfoflow - - $r34 = virtualinvoke $r27.<java.net.HttpURLConnection: java.io.InputStream getInputStream()>() in method <org.decsync.sparss.service.FetcherService: int a(java.lang.String,long)>
[main] INFO soot.jimple.infoflow.android.SetupApplication$InPlaceInfoflow - - $r34 = virtualinvoke $r40.<java.net.HttpURLConnection: java.io.InputStream getInputStream()>() in method <org.decsync.sparss.service.FetcherService: int a(java.lang.String,long)>
[main] INFO soot.jimple.infoflow.android.SetupApplication$InPlaceInfoflow - - $r26 = interfaceinvoke $r23.<android.database.Cursor: java.lang.String getString(int)>($i1) in method <org.decsync.sparss.service.FetcherService: int a(java.lang.String,long)>
[main] INFO soot.jimple.infoflow.android.SetupApplication$InPlaceInfoflow - - $r34 = virtualinvoke $r40.<java.net.HttpURLConnection: java.io.InputStream getInputStream()>() in method <org.decsync.sparss.service.FetcherService: int a(java.lang.String,long)>
[main] INFO soot.jimple.infoflow.android.SetupApplication$InPlaceInfoflow - The sink $r34 = virtualinvoke $r40.<java.net.HttpURLConnection: java.io.InputStream getInputStream()>() in method <org.decsync.sparss.service.FetcherService: int a(java.lang.String,long)> was called with values from the following sources:
[main] INFO soot.jimple.infoflow.android.SetupApplication$InPlaceInfoflow - - $r34 = virtualinvoke $r40.<java.net.HttpURLConnection: java.io.InputStream getInputStream()>() in method <org.decsync.sparss.service.FetcherService: int a(java.lang.String,long)>
[main] INFO soot.jimple.infoflow.android.SetupApplication$InPlaceInfoflow - - $r34 = virtualinvoke $r27.<java.net.HttpURLConnection: java.io.InputStream getInputStream()>() in method <org.decsync.sparss.service.FetcherService: int a(java.lang.String,long)>
[main] INFO soot.jimple.infoflow.android.SetupApplication$InPlaceInfoflow - - $r34 = virtualinvoke $r40.<java.net.HttpURLConnection: java.io.InputStream getInputStream()>() in method <org.decsync.sparss.service.FetcherService: int a(java.lang.String,long)>
[main] INFO soot.jimple.infoflow.android.SetupApplication$InPlaceInfoflow - - $r26 = interfaceinvoke $r23.<android.database.Cursor: java.lang.String getString(int)>($i1) in method <org.decsync.sparss.service.FetcherService: int a(java.lang.String,long)>
[main] INFO soot.jimple.infoflow.android.SetupApplication$InPlaceInfoflow - - $r34 = virtualinvoke $r40.<java.net.HttpURLConnection: java.io.InputStream getInputStream()>() in method <org.decsync.sparss.service.FetcherService: int a(java.lang.String,long)>
[main] INFO soot.jimple.infoflow.android.SetupApplication$InPlaceInfoflow - The sink $r34 = virtualinvoke $r27.<java.net.HttpURLConnection: java.io.InputStream getInputStream()>() in method <org.decsync.sparss.service.FetcherService: int a(java.lang.String,long)> was called with values from the following sources:
[main] INFO soot.jimple.infoflow.android.SetupApplication$InPlaceInfoflow - - $r34 = virtualinvoke $r40.<java.net.HttpURLConnection: java.io.InputStream getInputStream()>() in method <org.decsync.sparss.service.FetcherService: int a(java.lang.String,long)>
[main] INFO soot.jimple.infoflow.android.SetupApplication$InPlaceInfoflow - - $r34 = virtualinvoke $r27.<java.net.HttpURLConnection: java.io.InputStream getInputStream()>() in method <org.decsync.sparss.service.FetcherService: int a(java.lang.String,long)>
[main] INFO soot.jimple.infoflow.android.SetupApplication$InPlaceInfoflow - - $r34 = virtualinvoke $r40.<java.net.HttpURLConnection: java.io.InputStream getInputStream()>() in method <org.decsync.sparss.service.FetcherService: int a(java.lang.String,long)>
[main] INFO soot.jimple.infoflow.android.SetupApplication$InPlaceInfoflow - - $r26 = interfaceinvoke $r23.<android.database.Cursor: java.lang.String getString(int)>($i1) in method <org.decsync.sparss.service.FetcherService: int a(java.lang.String,long)>
[main] INFO soot.jimple.infoflow.android.SetupApplication$InPlaceInfoflow - - $r34 = virtualinvoke $r40.<java.net.HttpURLConnection: java.io.InputStream getInputStream()>() in method <org.decsync.sparss.service.FetcherService: int a(java.lang.String,long)>
[main] INFO soot.jimple.infoflow.android.SetupApplication$InPlaceInfoflow - The sink virtualinvoke $r23.<java.net.HttpURLConnection: void connect()>() in method <org.decsync.sparss.utils.NetworkUtils: java.net.HttpURLConnection a(java.net.URL,java.lang.String,java.lang.String,java.lang.String)> was called with values from the following sources:
[main] INFO soot.jimple.infoflow.android.SetupApplication$InPlaceInfoflow - - $r15 = interfaceinvoke $r13.<android.database.Cursor: java.lang.String getString(int)>($i4) in method <org.decsync.sparss.service.FetcherService: void a()>
[main] INFO soot.jimple.infoflow.android.SetupApplication$InPlaceInfoflow - - $r34 = virtualinvoke $r40.<java.net.HttpURLConnection: java.io.InputStream getInputStream()>() in method <org.decsync.sparss.service.FetcherService: int a(java.lang.String,long)>
[main] INFO soot.jimple.infoflow.android.SetupApplication$InPlaceInfoflow - - $r34 = virtualinvoke $r27.<java.net.HttpURLConnection: java.io.InputStream getInputStream()>() in method <org.decsync.sparss.service.FetcherService: int a(java.lang.String,long)>
[main] INFO soot.jimple.infoflow.android.SetupApplication$InPlaceInfoflow - - $r16 = interfaceinvoke $r19.<android.database.Cursor: java.lang.String getString(int)>($i4) in method <org.decsync.sparss.service.FetcherService: void a()>
[main] INFO soot.jimple.infoflow.android.SetupApplication$InPlaceInfoflow - - $r34 = virtualinvoke $r40.<java.net.HttpURLConnection: java.io.InputStream getInputStream()>() in method <org.decsync.sparss.service.FetcherService: int a(java.lang.String,long)>
[main] INFO soot.jimple.infoflow.android.SetupApplication$InPlaceInfoflow - - $r26 = interfaceinvoke $r23.<android.database.Cursor: java.lang.String getString(int)>($i1) in method <org.decsync.sparss.service.FetcherService: int a(java.lang.String,long)>
[main] INFO soot.jimple.infoflow.android.SetupApplication$InPlaceInfoflow - - $r34 = virtualinvoke $r40.<java.net.HttpURLConnection: java.io.InputStream getInputStream()>() in method <org.decsync.sparss.service.FetcherService: int a(java.lang.String,long)>
[main] INFO soot.jimple.infoflow.android.SetupApplication$InPlaceInfoflow - - $r20 = interfaceinvoke $r19.<android.database.Cursor: java.lang.String getString(int)>($i5) in method <org.decsync.sparss.service.FetcherService: void a()>
[main] INFO soot.jimple.infoflow.android.SetupApplication$InPlaceInfoflow - The sink virtualinvoke $r12.<android.content.ContentResolver: int update(android.net.Uri,android.content.ContentValues,java.lang.String,java.lang.String[])>($r13, $r11, null, null) in method <org.decsync.sparss.utils.NetworkUtils: void a(android.content.Context,java.net.URL,java.lang.String)> was called with values from the following sources:
[main] INFO soot.jimple.infoflow.android.SetupApplication$InPlaceInfoflow - - $r1 = interfaceinvoke $r23.<android.database.Cursor: java.lang.String getString(int)>($i2) in method <org.decsync.sparss.service.FetcherService: int a(java.lang.String,long)>
[main] INFO soot.jimple.infoflow.android.SetupApplication$InPlaceInfoflow - The sink virtualinvoke $r1.<java.io.ByteArrayOutputStream: void write(byte[],int,int)>($r2, 0, $i0) in method <org.decsync.sparss.utils.NetworkUtils: byte[] a(java.io.InputStream)> was called with values from the following sources:
[main] INFO soot.jimple.infoflow.android.SetupApplication$InPlaceInfoflow - - $r8 = virtualinvoke $r6.<java.net.HttpURLConnection: java.io.InputStream getInputStream()>() in method <org.decsync.sparss.utils.NetworkUtils: void a(android.content.Context,java.net.URL,java.lang.String)>
[main] INFO soot.jimple.infoflow.android.SetupApplication$InPlaceInfoflow - The sink virtualinvoke $r12.<android.content.ContentResolver: int update(android.net.Uri,android.content.ContentValues,java.lang.String,java.lang.String[])>($r13, $r11, null, null) in method <org.decsync.sparss.utils.NetworkUtils: void a(android.content.Context,java.net.URL,java.lang.String)> was called with values from the following sources:
[main] INFO soot.jimple.infoflow.android.SetupApplication$InPlaceInfoflow - - $r1 = interfaceinvoke $r23.<android.database.Cursor: java.lang.String getString(int)>($i2) in method <org.decsync.sparss.service.FetcherService: int a(java.lang.String,long)>
[main] INFO soot.jimple.infoflow.android.SetupApplication$InPlaceInfoflow - The sink $r6 = virtualinvoke $r0.<android.content.ContentResolver: android.database.Cursor query(android.net.Uri,java.lang.String[],java.lang.String,java.lang.String[],java.lang.String)>($r1, null, null, null, null) in method <org.decsync.sparss.utils.DB: int a(android.content.ContentResolver,android.net.Uri,android.content.ContentValues,java.lang.String,java.lang.String[],boolean)> was called with values from the following sources:
[main] INFO soot.jimple.infoflow.android.SetupApplication$InPlaceInfoflow - - $r1 = interfaceinvoke $r23.<android.database.Cursor: java.lang.String getString(int)>($i2) in method <org.decsync.sparss.service.FetcherService: int a(java.lang.String,long)>
[main] INFO soot.jimple.infoflow.android.SetupApplication$InPlaceInfoflow - The sink $r26 = virtualinvoke $r25.<java.net.HttpURLConnection: java.io.InputStream getInputStream()>() in method <org.decsync.sparss.service.FetcherService: void a()> was called with values from the following sources:
[main] INFO soot.jimple.infoflow.android.SetupApplication$InPlaceInfoflow - - $r15 = interfaceinvoke $r13.<android.database.Cursor: java.lang.String getString(int)>($i4) in method <org.decsync.sparss.service.FetcherService: void a()>
[main] INFO soot.jimple.infoflow.android.SetupApplication$InPlaceInfoflow - - $r16 = interfaceinvoke $r19.<android.database.Cursor: java.lang.String getString(int)>($i4) in method <org.decsync.sparss.service.FetcherService: void a()>
[main] INFO soot.jimple.infoflow.android.SetupApplication$InPlaceInfoflow - - $r20 = interfaceinvoke $r19.<android.database.Cursor: java.lang.String getString(int)>($i5) in method <org.decsync.sparss.service.FetcherService: void a()>
[main] INFO soot.jimple.infoflow.android.SetupApplication$InPlaceInfoflow - The sink $r8 = virtualinvoke $r6.<android.content.ContentResolver: android.database.Cursor query(android.net.Uri,java.lang.String[],java.lang.String,java.lang.String[],java.lang.String)>($r7, $r1, null, null, null) in method <org.decsync.sparss.parser.RssAtomParser$FeedFilters: void <init>(org.decsync.sparss.parser.RssAtomParser,java.lang.String)> was called with values from the following sources:
[main] INFO soot.jimple.infoflow.android.SetupApplication$InPlaceInfoflow - - $r1 = interfaceinvoke $r23.<android.database.Cursor: java.lang.String getString(int)>($i2) in method <org.decsync.sparss.service.FetcherService: int a(java.lang.String,long)>
[main] INFO soot.jimple.infoflow.android.SetupApplication$InPlaceInfoflow - The sink $r34 = virtualinvoke $r40.<java.net.HttpURLConnection: java.io.InputStream getInputStream()>() in method <org.decsync.sparss.service.FetcherService: int a(java.lang.String,long)> was called with values from the following sources:
[main] INFO soot.jimple.infoflow.android.SetupApplication$InPlaceInfoflow - - $r34 = virtualinvoke $r40.<java.net.HttpURLConnection: java.io.InputStream getInputStream()>() in method <org.decsync.sparss.service.FetcherService: int a(java.lang.String,long)>
[main] INFO soot.jimple.infoflow.android.SetupApplication$InPlaceInfoflow - - $r34 = virtualinvoke $r27.<java.net.HttpURLConnection: java.io.InputStream getInputStream()>() in method <org.decsync.sparss.service.FetcherService: int a(java.lang.String,long)>
[main] INFO soot.jimple.infoflow.android.SetupApplication$InPlaceInfoflow - - $r34 = virtualinvoke $r40.<java.net.HttpURLConnection: java.io.InputStream getInputStream()>() in method <org.decsync.sparss.service.FetcherService: int a(java.lang.String,long)>
[main] INFO soot.jimple.infoflow.android.SetupApplication$InPlaceInfoflow - - $r26 = interfaceinvoke $r23.<android.database.Cursor: java.lang.String getString(int)>($i1) in method <org.decsync.sparss.service.FetcherService: int a(java.lang.String,long)>
[main] INFO soot.jimple.infoflow.android.SetupApplication$InPlaceInfoflow - - $r34 = virtualinvoke $r40.<java.net.HttpURLConnection: java.io.InputStream getInputStream()>() in method <org.decsync.sparss.service.FetcherService: int a(java.lang.String,long)>
[main] INFO soot.jimple.infoflow.android.SetupApplication$InPlaceInfoflow - The sink virtualinvoke $r1.<java.io.ByteArrayOutputStream: void write(byte[],int,int)>($r2, 0, $i1) in method <org.jsoup.internal.ConstrainableInputStream: java.nio.ByteBuffer a(int)> was called with values from the following sources:
[main] INFO soot.jimple.infoflow.android.SetupApplication$InPlaceInfoflow - - $r26 = virtualinvoke $r25.<java.net.HttpURLConnection: java.io.InputStream getInputStream()>() in method <org.decsync.sparss.service.FetcherService: void a()>
[main] INFO soot.jimple.infoflow.android.SetupApplication$InPlaceInfoflow - Data flow solver took 28 seconds. Maximum memory consumption: 3363 MB
[main] INFO soot.jimple.infoflow.android.SetupApplication - Found 24 leaks
