[main] INFO soot.jimple.infoflow.cmd.MainClass - Analyzing app /home/hedj/Work/CleanPathEdge/artifacts/benchmarks/diskDroidBenchmarks/group1/bus.chio.wishmaster_1002.apk (1 of 1)...
[main] INFO soot.jimple.infoflow.android.SetupApplication - Initializing Soot...
[main] INFO soot.jimple.infoflow.android.SetupApplication - Loading dex files...
[main] INFO soot.jimple.infoflow.android.SetupApplication - ARSC file parsing took 0.023347825 seconds
[main] INFO soot.jimple.infoflow.memory.MemoryWarningSystem - Registered a memory warning system for 184,320 MiB
[main] INFO soot.jimple.infoflow.android.entryPointCreators.AndroidEntryPointCreator - Creating Android entry point for 20 components...
[main] INFO soot.jimple.infoflow.android.SetupApplication - Constructing the callgraph...
[main] WARN soot.jimple.infoflow.android.resources.LayoutFileParser - Target resource 17367043 for layout include not found
[main] INFO soot.jimple.infoflow.android.callbacks.DefaultCallbackAnalyzer - Collecting callbacks in DEFAULT mode...
[main] INFO soot.jimple.infoflow.android.callbacks.DefaultCallbackAnalyzer - Callback analysis done.
[main] WARN soot.jimple.infoflow.android.resources.LayoutFileParser - Target resource 17367043 for layout include not found
[main] INFO soot.jimple.infoflow.android.entryPointCreators.AndroidEntryPointCreator - Creating Android entry point for 22 components...
[main] WARN soot.jimple.infoflow.android.entryPointCreators.AndroidEntryPointCreator - Cannot create valid constructor for org.acra.jraf.android.util.activitylifecyclecallbackscompat.ActivityLifecycleCallbacksCompat, because it is an interface and cannot substitute with subclass
[main] WARN soot.jimple.infoflow.android.entryPointCreators.components.ActivityEntryPointCreator - Cannot create valid constructor for nya.miku.wishmaster.api.interfaces.CancellableTask, because it is an interface and cannot substitute with subclass
[main] WARN soot.jimple.infoflow.android.entryPointCreators.components.ActivityEntryPointCreator - Cannot create valid constructor for nya.miku.wishmaster.http.interactive.InteractiveException, because it is abstract and cannot substitute with subclass
[main] WARN soot.jimple.infoflow.android.entryPointCreators.components.ActivityEntryPointCreator - Cannot create valid constructor for nya.miku.wishmaster.ui.tabs.TabsAdapter$TabSelectListener, because it is an interface and cannot substitute with subclass
[main] INFO soot.jimple.infoflow.android.SetupApplication - Constructing the callgraph...
[main] WARN soot.jimple.infoflow.android.resources.LayoutFileParser - Target resource 17367043 for layout include not found
[main] INFO soot.jimple.infoflow.android.callbacks.DefaultCallbackAnalyzer - Running incremental callback analysis for 20 components...
[main] INFO soot.jimple.infoflow.android.callbacks.DefaultCallbackAnalyzer - Incremental callback analysis done.
[main] INFO soot.jimple.infoflow.android.entryPointCreators.AndroidEntryPointCreator - Creating Android entry point for 22 components...
[main] WARN soot.jimple.infoflow.android.entryPointCreators.components.ActivityEntryPointCreator - Cannot create valid constructor for nya.miku.wishmaster.api.interfaces.CancellableTask, because it is an interface and cannot substitute with subclass
[main] WARN soot.jimple.infoflow.android.entryPointCreators.components.ActivityEntryPointCreator - Cannot create valid constructor for nya.miku.wishmaster.http.interactive.InteractiveException, because it is abstract and cannot substitute with subclass
[main] WARN soot.jimple.infoflow.android.entryPointCreators.components.ActivityEntryPointCreator - Cannot create valid constructor for nya.miku.wishmaster.api.interfaces.CancellableTask, because it is an interface and cannot substitute with subclass
[main] WARN soot.jimple.infoflow.android.entryPointCreators.components.ActivityEntryPointCreator - Cannot create valid constructor for nya.miku.wishmaster.ui.tabs.TabsAdapter$TabSelectListener, because it is an interface and cannot substitute with subclass
[main] INFO soot.jimple.infoflow.android.SetupApplication - Constructing the callgraph...
[main] WARN soot.jimple.infoflow.android.resources.LayoutFileParser - Target resource 17367043 for layout include not found
[main] INFO soot.jimple.infoflow.android.callbacks.DefaultCallbackAnalyzer - Running incremental callback analysis for 7 components...
[main] INFO soot.jimple.infoflow.android.callbacks.DefaultCallbackAnalyzer - Incremental callback analysis done.
[main] INFO soot.jimple.infoflow.android.entryPointCreators.AndroidEntryPointCreator - Creating Android entry point for 22 components...
[main] WARN soot.jimple.infoflow.android.entryPointCreators.components.ActivityEntryPointCreator - Cannot create valid constructor for nya.miku.wishmaster.api.interfaces.CancellableTask, because it is an interface and cannot substitute with subclass
[main] WARN soot.jimple.infoflow.android.entryPointCreators.components.ActivityEntryPointCreator - Cannot create valid constructor for nya.miku.wishmaster.http.interactive.InteractiveException, because it is abstract and cannot substitute with subclass
[main] WARN soot.jimple.infoflow.android.entryPointCreators.components.ActivityEntryPointCreator - Cannot create valid constructor for nya.miku.wishmaster.api.interfaces.CancellableTask, because it is an interface and cannot substitute with subclass
[main] WARN soot.jimple.infoflow.android.entryPointCreators.components.ActivityEntryPointCreator - Cannot create valid constructor for nya.miku.wishmaster.ui.tabs.TabsAdapter$TabSelectListener, because it is an interface and cannot substitute with subclass
[main] INFO soot.jimple.infoflow.android.SetupApplication - Constructing the callgraph...
[main] WARN soot.jimple.infoflow.android.resources.LayoutFileParser - Target resource 17367043 for layout include not found
[main] INFO soot.jimple.infoflow.android.callbacks.DefaultCallbackAnalyzer - Running incremental callback analysis for 0 components...
[main] INFO soot.jimple.infoflow.android.callbacks.DefaultCallbackAnalyzer - Incremental callback analysis done.
[main] INFO soot.jimple.infoflow.memory.MemoryWarningSystem - Shutting down the memory warning system...
[main] INFO soot.jimple.infoflow.android.SetupApplication - Callback analysis terminated normally
[main] INFO soot.jimple.infoflow.android.SetupApplication - Entry point calculation done.
[main] WARN soot.jimple.infoflow.android.data.parsers.PermissionMethodParser - Line does not match: <org.springframework.web.servlet.tags.UrlTag: java.lang.String createUrl)> -> _SINK_
[main] WARN soot.jimple.infoflow.android.data.parsers.PermissionMethodParser - Line does not match: <org.springframework.orm.hibernate3.support.ClobStringType: int[] sqlTypes)> -> _SINK_
[main] WARN soot.jimple.infoflow.android.data.parsers.PermissionMethodParser - Line does not match: <org.springframework.security.config.http.CsrfBeanDefinitionParser: org.springframework.beans.factory.config.BeanDefinition getCsrfLogoutHandler)> -> _SOURCE_
[main] WARN soot.jimple.infoflow.android.data.parsers.PermissionMethodParser - Line does not match: <java.io.File: java.io.File getAbsoluteFile)> -> _SOURCE_
[main] WARN soot.jimple.infoflow.android.data.parsers.PermissionMethodParser - Line does not match: <org.springframework.security.config.http.FormLoginBeanDefinitionParser: java.lang.String getLoginPage)> -> _SOURCE_
[main] WARN soot.jimple.infoflow.android.data.parsers.PermissionMethodParser - Line does not match: <com.google.auth.oauth2.UserCredentials: java.lang.String getClientSecret)> -> _SOURCE_
[main] WARN soot.jimple.infoflow.android.data.parsers.PermissionMethodParser - Line does not match: <org.springframework.web.servlet.tags.UrlTag: java.lang.String createUrl)> -> _SOURCE_
[main] WARN soot.jimple.infoflow.android.data.parsers.PermissionMethodParser - Line does not match: <java.io.File: java.io.File getCanonicalFile)> -> _SOURCE_
[main] WARN soot.jimple.infoflow.android.data.parsers.PermissionMethodParser - Line does not match: <org.apache.xmlrpc.webserver.RequestData: java.lang.String getMethod)> -> _SOURCE_
[main] WARN soot.jimple.infoflow.android.data.parsers.PermissionMethodParser - Line does not match: <org.dmfs.oauth2.client.http.requests.ResourceOwnerPasswordTokenRequest: org.dmfs.httpclient.HttpRequestEntity requestEntity)> -> _SOURCE_
[main] WARN soot.jimple.infoflow.android.data.parsers.PermissionMethodParser - Line does not match: <org.springframework.security.concurrent.DelegatingSecurityContextExecutorService: java.util.concurrent.ExecutorService getDelegate)> -> _SOURCE_
[main] WARN soot.jimple.infoflow.android.data.parsers.PermissionMethodParser - Line does not match: <org.springframework.security.config.annotation.web.builders.HttpSecurity: org.springframework.security.config.'annotation'.web.configurers.HeadersConfigurer headers)> -> _SOURCE_
[main] WARN soot.jimple.infoflow.android.data.parsers.PermissionMethodParser - Line does not match: <org.springframework.web.servlet.tags.EscapeBodyTag: java.lang.String readBodyContent)> -> _SOURCE_
[main] WARN soot.jimple.infoflow.android.data.parsers.PermissionMethodParser - Line does not match: <org.springframework.security.config.http.FormLoginBeanDefinitionParser: java.lang.String getLoginProcessingUrl)> -> _SOURCE_
[main] WARN soot.jimple.infoflow.android.data.parsers.PermissionMethodParser - Line does not match: <org.springframework.security.config.annotation.web.configurers.LogoutConfigurer: java.util.List getLogoutHandlers)> -> _SOURCE_
[main] WARN soot.jimple.infoflow.android.data.parsers.PermissionMethodParser - Line does not match: <org.apache.xmlrpc.webserver.RequestData: java.lang.String getHttpVersion)> -> _SOURCE_
[main] WARN soot.jimple.infoflow.android.data.parsers.PermissionMethodParser - Line does not match: <com.google.auth.oauth2.DefaultCredentialsProvider: java.io.File getWellKnownCredentialsFile)> -> _SOURCE_
[main] WARN soot.jimple.infoflow.android.data.parsers.PermissionMethodParser - Line does not match: <org.apache.xmlrpc.webserver.HttpServletRequestImpl: void parseParameters)> -> _SOURCE_
[main] WARN soot.jimple.infoflow.android.data.parsers.PermissionMethodParser - Line does not match:     
[main] INFO soot.jimple.infoflow.android.source.AccessPathBasedSourceSinkManager - Created a SourceSinkManager with 68 sources, 194 sinks, and 156 callback methods.
[main] INFO soot.jimple.infoflow.android.SetupApplication - Collecting callbacks and building a callgraph took 13 seconds
[main] INFO soot.jimple.infoflow.android.SetupApplication - Running data flow analysis on /home/hedj/Work/CleanPathEdge/artifacts/benchmarks/diskDroidBenchmarks/group1/bus.chio.wishmaster_1002.apk with 68 sources and 194 sinks...
[main] INFO soot.jimple.infoflow.InfoflowConfiguration - Implicit flow tracking is NOT enabled
[main] INFO soot.jimple.infoflow.InfoflowConfiguration - Exceptional flow tracking is enabled
[main] INFO soot.jimple.infoflow.InfoflowConfiguration - Running with a maximum access path length of 5
[main] INFO soot.jimple.infoflow.InfoflowConfiguration - Using path-agnostic result collection
[main] INFO soot.jimple.infoflow.InfoflowConfiguration - Recursive access path shortening is enabled
[main] INFO soot.jimple.infoflow.InfoflowConfiguration - Taint analysis enabled: true
[main] INFO soot.jimple.infoflow.InfoflowConfiguration - Using alias algorithm FlowSensitive
[main] INFO soot.jimple.infoflow.memory.MemoryWarningSystem - Registered a memory warning system for 184,320 MiB
[main] INFO soot.jimple.infoflow.android.SetupApplication$InPlaceInfoflow - Callgraph construction took 0 seconds
[main] INFO soot.jimple.infoflow.codeOptimization.InterproceduralConstantValuePropagator - Removing side-effect free methods is disabled
[main] INFO soot.jimple.infoflow.android.SetupApplication$InPlaceInfoflow - Dead code elimination took 0.659513196 seconds
[main] INFO soot.jimple.infoflow.android.SetupApplication$InPlaceInfoflow - Callgraph has 16477 edges
[main] INFO soot.jimple.infoflow.android.SetupApplication$InPlaceInfoflow - Starting Taint Analysis
[main] INFO soot.jimple.infoflow.android.SetupApplication$InPlaceInfoflow - Using fine-grained garbage-collecting solver
[main] INFO soot.jimple.infoflow.android.SetupApplication$InPlaceInfoflow - Using fine-grained garbage-collecting solver
[main] INFO soot.jimple.infoflow.memory.FlowDroidTimeoutWatcher - FlowDroid timeout watcher started
[main] WARN soot.jimple.infoflow.android.SetupApplication$InPlaceInfoflow - Running with limited join point abstractions can break context-sensitive path builders
[main] INFO soot.jimple.infoflow.android.SetupApplication$InPlaceInfoflow - Looking for sources and sinks...
[main] ERROR soot.jimple.infoflow.android.source.AccessPathBasedSourceSinkManager - Constant <nya.miku.wishmaster.api.models.UrlPageModel: int type> was of unexpected type
[main] ERROR soot.jimple.infoflow.android.source.AccessPathBasedSourceSinkManager - Constant <nya.miku.wishmaster.api.models.UrlPageModel: int type> was of unexpected type
[main] INFO soot.jimple.infoflow.android.SetupApplication$InPlaceInfoflow - Source lookup done, found 27 sources and 291 sinks.
[FlowDroid] ERROR soot.jimple.infoflow.android.source.AccessPathBasedSourceSinkManager - Constant <nya.miku.wishmaster.api.models.UrlPageModel: int type> was of unexpected type
[FlowDroid] ERROR soot.jimple.infoflow.android.source.AccessPathBasedSourceSinkManager - Constant <nya.miku.wishmaster.api.models.UrlPageModel: int type> was of unexpected type
[main] INFO soot.jimple.infoflow.solver.gcSolver.finegrain.IFDSSolver - forward end Summary size: 7963964
[main] INFO soot.jimple.infoflow.solver.gcSolver.finegrain.FineGrainedReferenceCountingGarbageCollector - GC removes 284104 abstractions
[main] INFO soot.jimple.infoflow.solver.gcSolver.finegrain.FineGrainedReferenceCountingGarbageCollector - GC removes 288593374 path edges
[main] INFO soot.jimple.infoflow.solver.gcSolver.finegrain.FineGrainedReferenceCountingGarbageCollector - Remaining Path edges count is 4199
[main] INFO soot.jimple.infoflow.solver.gcSolver.finegrain.FineGrainedReferenceCountingGarbageCollector - Recorded Maximum Path edges count is 759047
[main] INFO soot.jimple.infoflow.solver.gcSolver.finegrain.FineGrainedReferenceCountingGarbageCollector - Recorded Maximum memory consumption is 124157
[main] INFO soot.jimple.infoflow.solver.gcSolver.finegrain.NormalGarbageCollector - class soot.jimple.infoflow.solver.cfg.InfoflowCFG
[main] INFO soot.jimple.infoflow.solver.gcSolver.finegrain.NormalGarbageCollector - #nodes of forward Abstraction Dependency Graph: 165107
[main] INFO soot.jimple.infoflow.solver.gcSolver.finegrain.NormalGarbageCollector - #edges of forward Abstraction Dependency Graph: 163157
[main] INFO soot.jimple.infoflow.solver.gcSolver.finegrain.FineGrainedReferenceCountingGarbageCollector - GC removes 196962 abstractions
[main] INFO soot.jimple.infoflow.solver.gcSolver.finegrain.FineGrainedReferenceCountingGarbageCollector - GC removes 297292979 path edges
[main] INFO soot.jimple.infoflow.solver.gcSolver.finegrain.FineGrainedReferenceCountingGarbageCollector - Remaining Path edges count is 1316
[main] INFO soot.jimple.infoflow.solver.gcSolver.finegrain.FineGrainedReferenceCountingGarbageCollector - Recorded Maximum Path edges count is 723552
[main] INFO soot.jimple.infoflow.solver.gcSolver.finegrain.FineGrainedReferenceCountingGarbageCollector - Recorded Maximum memory consumption is 124604
[main] INFO soot.jimple.infoflow.solver.gcSolver.finegrain.NormalGarbageCollector - class soot.jimple.infoflow.solver.cfg.BackwardsInfoflowCFG
[main] INFO soot.jimple.infoflow.solver.gcSolver.finegrain.NormalGarbageCollector - #nodes of backward Abstraction Dependency Graph: 46628
[main] INFO soot.jimple.infoflow.solver.gcSolver.finegrain.NormalGarbageCollector - #edges of backward Abstraction Dependency Graph: 43598
[main] INFO soot.jimple.infoflow.android.SetupApplication$InPlaceInfoflow - Taint wrapper hits: 35204214
[main] INFO soot.jimple.infoflow.android.SetupApplication$InPlaceInfoflow - Taint wrapper misses: 34680078
[main] INFO soot.jimple.infoflow.android.SetupApplication$InPlaceInfoflow - IFDS problem with 288591791 forward and 297265038 backward edges solved in 4315 seconds, processing 109 results...
[main] INFO soot.jimple.infoflow.android.SetupApplication$InPlaceInfoflow - Current memory consumption: 121095 MB
[FlowDroid Timeout Watcher] INFO soot.jimple.infoflow.memory.FlowDroidTimeoutWatcher - FlowDroid timeout watcher terminated
[main] INFO soot.jimple.infoflow.android.SetupApplication$InPlaceInfoflow - Memory consumption after cleanup: 1290 MB
[main] INFO soot.jimple.infoflow.memory.FlowDroidTimeoutWatcher - FlowDroid timeout watcher started
[main] INFO soot.jimple.infoflow.data.pathBuilders.DefaultPathBuilderFactory$ShutdownBatchPathBuilder - Running path reconstruction batch 1 with 5 elements
[main] INFO soot.jimple.infoflow.data.pathBuilders.DefaultPathBuilderFactory$RepeatableContextSensitivePathBuilder - Obtainted 5 connections between sources and sinks
[main] INFO soot.jimple.infoflow.data.pathBuilders.DefaultPathBuilderFactory$RepeatableContextSensitivePathBuilder - Building path 1...
[main] INFO soot.jimple.infoflow.data.pathBuilders.DefaultPathBuilderFactory$RepeatableContextSensitivePathBuilder - Building path 2...
[main] INFO soot.jimple.infoflow.data.pathBuilders.DefaultPathBuilderFactory$RepeatableContextSensitivePathBuilder - Building path 3...
[main] INFO soot.jimple.infoflow.data.pathBuilders.DefaultPathBuilderFactory$RepeatableContextSensitivePathBuilder - Building path 4...
[main] INFO soot.jimple.infoflow.data.pathBuilders.DefaultPathBuilderFactory$RepeatableContextSensitivePathBuilder - Building path 5...
[main] INFO soot.jimple.infoflow.data.pathBuilders.DefaultPathBuilderFactory$ShutdownBatchPathBuilder - Running path reconstruction batch 2 with 5 elements
[main] INFO soot.jimple.infoflow.data.pathBuilders.DefaultPathBuilderFactory$RepeatableContextSensitivePathBuilder - Obtainted 5 connections between sources and sinks
[main] INFO soot.jimple.infoflow.data.pathBuilders.DefaultPathBuilderFactory$RepeatableContextSensitivePathBuilder - Building path 1...
[main] INFO soot.jimple.infoflow.data.pathBuilders.DefaultPathBuilderFactory$RepeatableContextSensitivePathBuilder - Building path 2...
[main] INFO soot.jimple.infoflow.data.pathBuilders.DefaultPathBuilderFactory$RepeatableContextSensitivePathBuilder - Building path 3...
[main] INFO soot.jimple.infoflow.data.pathBuilders.DefaultPathBuilderFactory$RepeatableContextSensitivePathBuilder - Building path 4...
[main] INFO soot.jimple.infoflow.data.pathBuilders.DefaultPathBuilderFactory$RepeatableContextSensitivePathBuilder - Building path 5...
[main] INFO soot.jimple.infoflow.data.pathBuilders.DefaultPathBuilderFactory$ShutdownBatchPathBuilder - Running path reconstruction batch 3 with 5 elements
[main] INFO soot.jimple.infoflow.data.pathBuilders.DefaultPathBuilderFactory$RepeatableContextSensitivePathBuilder - Obtainted 5 connections between sources and sinks
[main] INFO soot.jimple.infoflow.data.pathBuilders.DefaultPathBuilderFactory$RepeatableContextSensitivePathBuilder - Building path 1...
[main] INFO soot.jimple.infoflow.data.pathBuilders.DefaultPathBuilderFactory$RepeatableContextSensitivePathBuilder - Building path 2...
[main] INFO soot.jimple.infoflow.data.pathBuilders.DefaultPathBuilderFactory$RepeatableContextSensitivePathBuilder - Building path 3...
[main] INFO soot.jimple.infoflow.data.pathBuilders.DefaultPathBuilderFactory$RepeatableContextSensitivePathBuilder - Building path 4...
[main] INFO soot.jimple.infoflow.data.pathBuilders.DefaultPathBuilderFactory$RepeatableContextSensitivePathBuilder - Building path 5...
[main] INFO soot.jimple.infoflow.data.pathBuilders.DefaultPathBuilderFactory$ShutdownBatchPathBuilder - Running path reconstruction batch 4 with 5 elements
[main] INFO soot.jimple.infoflow.data.pathBuilders.DefaultPathBuilderFactory$RepeatableContextSensitivePathBuilder - Obtainted 5 connections between sources and sinks
[main] INFO soot.jimple.infoflow.data.pathBuilders.DefaultPathBuilderFactory$RepeatableContextSensitivePathBuilder - Building path 1...
[main] INFO soot.jimple.infoflow.data.pathBuilders.DefaultPathBuilderFactory$RepeatableContextSensitivePathBuilder - Building path 2...
[main] INFO soot.jimple.infoflow.data.pathBuilders.DefaultPathBuilderFactory$RepeatableContextSensitivePathBuilder - Building path 3...
[main] INFO soot.jimple.infoflow.data.pathBuilders.DefaultPathBuilderFactory$RepeatableContextSensitivePathBuilder - Building path 4...
[main] INFO soot.jimple.infoflow.data.pathBuilders.DefaultPathBuilderFactory$RepeatableContextSensitivePathBuilder - Building path 5...
[main] INFO soot.jimple.infoflow.data.pathBuilders.DefaultPathBuilderFactory$ShutdownBatchPathBuilder - Running path reconstruction batch 5 with 5 elements
[main] INFO soot.jimple.infoflow.data.pathBuilders.DefaultPathBuilderFactory$RepeatableContextSensitivePathBuilder - Obtainted 5 connections between sources and sinks
[main] INFO soot.jimple.infoflow.data.pathBuilders.DefaultPathBuilderFactory$RepeatableContextSensitivePathBuilder - Building path 1...
[main] INFO soot.jimple.infoflow.data.pathBuilders.DefaultPathBuilderFactory$RepeatableContextSensitivePathBuilder - Building path 2...
[main] INFO soot.jimple.infoflow.data.pathBuilders.DefaultPathBuilderFactory$RepeatableContextSensitivePathBuilder - Building path 3...
[main] INFO soot.jimple.infoflow.data.pathBuilders.DefaultPathBuilderFactory$RepeatableContextSensitivePathBuilder - Building path 4...
[main] INFO soot.jimple.infoflow.data.pathBuilders.DefaultPathBuilderFactory$RepeatableContextSensitivePathBuilder - Building path 5...
[main] INFO soot.jimple.infoflow.data.pathBuilders.DefaultPathBuilderFactory$ShutdownBatchPathBuilder - Running path reconstruction batch 6 with 5 elements
[main] INFO soot.jimple.infoflow.data.pathBuilders.DefaultPathBuilderFactory$RepeatableContextSensitivePathBuilder - Obtainted 5 connections between sources and sinks
[main] INFO soot.jimple.infoflow.data.pathBuilders.DefaultPathBuilderFactory$RepeatableContextSensitivePathBuilder - Building path 1...
[main] INFO soot.jimple.infoflow.data.pathBuilders.DefaultPathBuilderFactory$RepeatableContextSensitivePathBuilder - Building path 2...
[main] INFO soot.jimple.infoflow.data.pathBuilders.DefaultPathBuilderFactory$RepeatableContextSensitivePathBuilder - Building path 3...
[main] INFO soot.jimple.infoflow.data.pathBuilders.DefaultPathBuilderFactory$RepeatableContextSensitivePathBuilder - Building path 4...
[main] INFO soot.jimple.infoflow.data.pathBuilders.DefaultPathBuilderFactory$RepeatableContextSensitivePathBuilder - Building path 5...
[main] INFO soot.jimple.infoflow.data.pathBuilders.DefaultPathBuilderFactory$ShutdownBatchPathBuilder - Running path reconstruction batch 7 with 5 elements
[main] INFO soot.jimple.infoflow.data.pathBuilders.DefaultPathBuilderFactory$RepeatableContextSensitivePathBuilder - Obtainted 5 connections between sources and sinks
[main] INFO soot.jimple.infoflow.data.pathBuilders.DefaultPathBuilderFactory$RepeatableContextSensitivePathBuilder - Building path 1...
[main] INFO soot.jimple.infoflow.data.pathBuilders.DefaultPathBuilderFactory$RepeatableContextSensitivePathBuilder - Building path 2...
[main] INFO soot.jimple.infoflow.data.pathBuilders.DefaultPathBuilderFactory$RepeatableContextSensitivePathBuilder - Building path 3...
[main] INFO soot.jimple.infoflow.data.pathBuilders.DefaultPathBuilderFactory$RepeatableContextSensitivePathBuilder - Building path 4...
[main] INFO soot.jimple.infoflow.data.pathBuilders.DefaultPathBuilderFactory$RepeatableContextSensitivePathBuilder - Building path 5...
[main] INFO soot.jimple.infoflow.data.pathBuilders.DefaultPathBuilderFactory$ShutdownBatchPathBuilder - Running path reconstruction batch 8 with 5 elements
[main] INFO soot.jimple.infoflow.data.pathBuilders.DefaultPathBuilderFactory$RepeatableContextSensitivePathBuilder - Obtainted 5 connections between sources and sinks
[main] INFO soot.jimple.infoflow.data.pathBuilders.DefaultPathBuilderFactory$RepeatableContextSensitivePathBuilder - Building path 1...
[main] INFO soot.jimple.infoflow.data.pathBuilders.DefaultPathBuilderFactory$RepeatableContextSensitivePathBuilder - Building path 2...
[main] INFO soot.jimple.infoflow.data.pathBuilders.DefaultPathBuilderFactory$RepeatableContextSensitivePathBuilder - Building path 3...
[main] INFO soot.jimple.infoflow.data.pathBuilders.DefaultPathBuilderFactory$RepeatableContextSensitivePathBuilder - Building path 4...
[main] INFO soot.jimple.infoflow.data.pathBuilders.DefaultPathBuilderFactory$RepeatableContextSensitivePathBuilder - Building path 5...
[main] INFO soot.jimple.infoflow.data.pathBuilders.DefaultPathBuilderFactory$ShutdownBatchPathBuilder - Running path reconstruction batch 9 with 5 elements
[main] INFO soot.jimple.infoflow.data.pathBuilders.DefaultPathBuilderFactory$RepeatableContextSensitivePathBuilder - Obtainted 5 connections between sources and sinks
[main] INFO soot.jimple.infoflow.data.pathBuilders.DefaultPathBuilderFactory$RepeatableContextSensitivePathBuilder - Building path 1...
[main] INFO soot.jimple.infoflow.data.pathBuilders.DefaultPathBuilderFactory$RepeatableContextSensitivePathBuilder - Building path 2...
[main] INFO soot.jimple.infoflow.data.pathBuilders.DefaultPathBuilderFactory$RepeatableContextSensitivePathBuilder - Building path 3...
[main] INFO soot.jimple.infoflow.data.pathBuilders.DefaultPathBuilderFactory$RepeatableContextSensitivePathBuilder - Building path 4...
[main] INFO soot.jimple.infoflow.data.pathBuilders.DefaultPathBuilderFactory$RepeatableContextSensitivePathBuilder - Building path 5...
[main] INFO soot.jimple.infoflow.data.pathBuilders.DefaultPathBuilderFactory$ShutdownBatchPathBuilder - Running path reconstruction batch 10 with 5 elements
[main] INFO soot.jimple.infoflow.data.pathBuilders.DefaultPathBuilderFactory$RepeatableContextSensitivePathBuilder - Obtainted 5 connections between sources and sinks
[main] INFO soot.jimple.infoflow.data.pathBuilders.DefaultPathBuilderFactory$RepeatableContextSensitivePathBuilder - Building path 1...
[main] INFO soot.jimple.infoflow.data.pathBuilders.DefaultPathBuilderFactory$RepeatableContextSensitivePathBuilder - Building path 2...
[main] INFO soot.jimple.infoflow.data.pathBuilders.DefaultPathBuilderFactory$RepeatableContextSensitivePathBuilder - Building path 3...
[main] INFO soot.jimple.infoflow.data.pathBuilders.DefaultPathBuilderFactory$RepeatableContextSensitivePathBuilder - Building path 4...
[main] INFO soot.jimple.infoflow.data.pathBuilders.DefaultPathBuilderFactory$RepeatableContextSensitivePathBuilder - Building path 5...
[main] INFO soot.jimple.infoflow.data.pathBuilders.DefaultPathBuilderFactory$ShutdownBatchPathBuilder - Running path reconstruction batch 11 with 5 elements
[main] INFO soot.jimple.infoflow.data.pathBuilders.DefaultPathBuilderFactory$RepeatableContextSensitivePathBuilder - Obtainted 5 connections between sources and sinks
[main] INFO soot.jimple.infoflow.data.pathBuilders.DefaultPathBuilderFactory$RepeatableContextSensitivePathBuilder - Building path 1...
[main] INFO soot.jimple.infoflow.data.pathBuilders.DefaultPathBuilderFactory$RepeatableContextSensitivePathBuilder - Building path 2...
[main] INFO soot.jimple.infoflow.data.pathBuilders.DefaultPathBuilderFactory$RepeatableContextSensitivePathBuilder - Building path 3...
[main] INFO soot.jimple.infoflow.data.pathBuilders.DefaultPathBuilderFactory$RepeatableContextSensitivePathBuilder - Building path 4...
[main] INFO soot.jimple.infoflow.data.pathBuilders.DefaultPathBuilderFactory$RepeatableContextSensitivePathBuilder - Building path 5...
[main] INFO soot.jimple.infoflow.data.pathBuilders.DefaultPathBuilderFactory$ShutdownBatchPathBuilder - Running path reconstruction batch 12 with 5 elements
[main] INFO soot.jimple.infoflow.data.pathBuilders.DefaultPathBuilderFactory$RepeatableContextSensitivePathBuilder - Obtainted 5 connections between sources and sinks
[main] INFO soot.jimple.infoflow.data.pathBuilders.DefaultPathBuilderFactory$RepeatableContextSensitivePathBuilder - Building path 1...
[main] INFO soot.jimple.infoflow.data.pathBuilders.DefaultPathBuilderFactory$RepeatableContextSensitivePathBuilder - Building path 2...
[main] INFO soot.jimple.infoflow.data.pathBuilders.DefaultPathBuilderFactory$RepeatableContextSensitivePathBuilder - Building path 3...
[main] INFO soot.jimple.infoflow.data.pathBuilders.DefaultPathBuilderFactory$RepeatableContextSensitivePathBuilder - Building path 4...
[main] INFO soot.jimple.infoflow.data.pathBuilders.DefaultPathBuilderFactory$RepeatableContextSensitivePathBuilder - Building path 5...
[main] INFO soot.jimple.infoflow.data.pathBuilders.DefaultPathBuilderFactory$ShutdownBatchPathBuilder - Running path reconstruction batch 13 with 5 elements
[main] INFO soot.jimple.infoflow.data.pathBuilders.DefaultPathBuilderFactory$RepeatableContextSensitivePathBuilder - Obtainted 5 connections between sources and sinks
[main] INFO soot.jimple.infoflow.data.pathBuilders.DefaultPathBuilderFactory$RepeatableContextSensitivePathBuilder - Building path 1...
[main] INFO soot.jimple.infoflow.data.pathBuilders.DefaultPathBuilderFactory$RepeatableContextSensitivePathBuilder - Building path 2...
[main] INFO soot.jimple.infoflow.data.pathBuilders.DefaultPathBuilderFactory$RepeatableContextSensitivePathBuilder - Building path 3...
[main] INFO soot.jimple.infoflow.data.pathBuilders.DefaultPathBuilderFactory$RepeatableContextSensitivePathBuilder - Building path 4...
[main] INFO soot.jimple.infoflow.data.pathBuilders.DefaultPathBuilderFactory$RepeatableContextSensitivePathBuilder - Building path 5...
[main] INFO soot.jimple.infoflow.data.pathBuilders.DefaultPathBuilderFactory$ShutdownBatchPathBuilder - Running path reconstruction batch 14 with 5 elements
[main] INFO soot.jimple.infoflow.data.pathBuilders.DefaultPathBuilderFactory$RepeatableContextSensitivePathBuilder - Obtainted 5 connections between sources and sinks
[main] INFO soot.jimple.infoflow.data.pathBuilders.DefaultPathBuilderFactory$RepeatableContextSensitivePathBuilder - Building path 1...
[main] INFO soot.jimple.infoflow.data.pathBuilders.DefaultPathBuilderFactory$RepeatableContextSensitivePathBuilder - Building path 2...
[main] INFO soot.jimple.infoflow.data.pathBuilders.DefaultPathBuilderFactory$RepeatableContextSensitivePathBuilder - Building path 3...
[main] INFO soot.jimple.infoflow.data.pathBuilders.DefaultPathBuilderFactory$RepeatableContextSensitivePathBuilder - Building path 4...
[main] INFO soot.jimple.infoflow.data.pathBuilders.DefaultPathBuilderFactory$RepeatableContextSensitivePathBuilder - Building path 5...
[main] INFO soot.jimple.infoflow.data.pathBuilders.DefaultPathBuilderFactory$ShutdownBatchPathBuilder - Running path reconstruction batch 15 with 5 elements
[main] INFO soot.jimple.infoflow.data.pathBuilders.DefaultPathBuilderFactory$RepeatableContextSensitivePathBuilder - Obtainted 5 connections between sources and sinks
[main] INFO soot.jimple.infoflow.data.pathBuilders.DefaultPathBuilderFactory$RepeatableContextSensitivePathBuilder - Building path 1...
[main] INFO soot.jimple.infoflow.data.pathBuilders.DefaultPathBuilderFactory$RepeatableContextSensitivePathBuilder - Building path 2...
[main] INFO soot.jimple.infoflow.data.pathBuilders.DefaultPathBuilderFactory$RepeatableContextSensitivePathBuilder - Building path 3...
[main] INFO soot.jimple.infoflow.data.pathBuilders.DefaultPathBuilderFactory$RepeatableContextSensitivePathBuilder - Building path 4...
[main] INFO soot.jimple.infoflow.data.pathBuilders.DefaultPathBuilderFactory$RepeatableContextSensitivePathBuilder - Building path 5...
[main] INFO soot.jimple.infoflow.data.pathBuilders.DefaultPathBuilderFactory$ShutdownBatchPathBuilder - Running path reconstruction batch 16 with 5 elements
[main] INFO soot.jimple.infoflow.data.pathBuilders.DefaultPathBuilderFactory$RepeatableContextSensitivePathBuilder - Obtainted 5 connections between sources and sinks
[main] INFO soot.jimple.infoflow.data.pathBuilders.DefaultPathBuilderFactory$RepeatableContextSensitivePathBuilder - Building path 1...
[main] INFO soot.jimple.infoflow.data.pathBuilders.DefaultPathBuilderFactory$RepeatableContextSensitivePathBuilder - Building path 2...
[main] INFO soot.jimple.infoflow.data.pathBuilders.DefaultPathBuilderFactory$RepeatableContextSensitivePathBuilder - Building path 3...
[main] INFO soot.jimple.infoflow.data.pathBuilders.DefaultPathBuilderFactory$RepeatableContextSensitivePathBuilder - Building path 4...
[main] INFO soot.jimple.infoflow.data.pathBuilders.DefaultPathBuilderFactory$RepeatableContextSensitivePathBuilder - Building path 5...
[main] INFO soot.jimple.infoflow.data.pathBuilders.DefaultPathBuilderFactory$ShutdownBatchPathBuilder - Running path reconstruction batch 17 with 5 elements
[main] INFO soot.jimple.infoflow.data.pathBuilders.DefaultPathBuilderFactory$RepeatableContextSensitivePathBuilder - Obtainted 5 connections between sources and sinks
[main] INFO soot.jimple.infoflow.data.pathBuilders.DefaultPathBuilderFactory$RepeatableContextSensitivePathBuilder - Building path 1...
[main] INFO soot.jimple.infoflow.data.pathBuilders.DefaultPathBuilderFactory$RepeatableContextSensitivePathBuilder - Building path 2...
[main] INFO soot.jimple.infoflow.data.pathBuilders.DefaultPathBuilderFactory$RepeatableContextSensitivePathBuilder - Building path 3...
[main] INFO soot.jimple.infoflow.data.pathBuilders.DefaultPathBuilderFactory$RepeatableContextSensitivePathBuilder - Building path 4...
[main] INFO soot.jimple.infoflow.data.pathBuilders.DefaultPathBuilderFactory$RepeatableContextSensitivePathBuilder - Building path 5...
[main] INFO soot.jimple.infoflow.data.pathBuilders.DefaultPathBuilderFactory$ShutdownBatchPathBuilder - Running path reconstruction batch 18 with 5 elements
[main] INFO soot.jimple.infoflow.data.pathBuilders.DefaultPathBuilderFactory$RepeatableContextSensitivePathBuilder - Obtainted 5 connections between sources and sinks
[main] INFO soot.jimple.infoflow.data.pathBuilders.DefaultPathBuilderFactory$RepeatableContextSensitivePathBuilder - Building path 1...
[main] INFO soot.jimple.infoflow.data.pathBuilders.DefaultPathBuilderFactory$RepeatableContextSensitivePathBuilder - Building path 2...
[main] INFO soot.jimple.infoflow.data.pathBuilders.DefaultPathBuilderFactory$RepeatableContextSensitivePathBuilder - Building path 3...
[main] INFO soot.jimple.infoflow.data.pathBuilders.DefaultPathBuilderFactory$RepeatableContextSensitivePathBuilder - Building path 4...
[main] INFO soot.jimple.infoflow.data.pathBuilders.DefaultPathBuilderFactory$RepeatableContextSensitivePathBuilder - Building path 5...
[main] INFO soot.jimple.infoflow.data.pathBuilders.DefaultPathBuilderFactory$ShutdownBatchPathBuilder - Running path reconstruction batch 19 with 5 elements
[main] INFO soot.jimple.infoflow.data.pathBuilders.DefaultPathBuilderFactory$RepeatableContextSensitivePathBuilder - Obtainted 5 connections between sources and sinks
[main] INFO soot.jimple.infoflow.data.pathBuilders.DefaultPathBuilderFactory$RepeatableContextSensitivePathBuilder - Building path 1...
[main] INFO soot.jimple.infoflow.data.pathBuilders.DefaultPathBuilderFactory$RepeatableContextSensitivePathBuilder - Building path 2...
[main] INFO soot.jimple.infoflow.data.pathBuilders.DefaultPathBuilderFactory$RepeatableContextSensitivePathBuilder - Building path 3...
[main] INFO soot.jimple.infoflow.data.pathBuilders.DefaultPathBuilderFactory$RepeatableContextSensitivePathBuilder - Building path 4...
[main] INFO soot.jimple.infoflow.data.pathBuilders.DefaultPathBuilderFactory$RepeatableContextSensitivePathBuilder - Building path 5...
[main] INFO soot.jimple.infoflow.data.pathBuilders.DefaultPathBuilderFactory$ShutdownBatchPathBuilder - Running path reconstruction batch 20 with 5 elements
[main] INFO soot.jimple.infoflow.data.pathBuilders.DefaultPathBuilderFactory$RepeatableContextSensitivePathBuilder - Obtainted 5 connections between sources and sinks
[main] INFO soot.jimple.infoflow.data.pathBuilders.DefaultPathBuilderFactory$RepeatableContextSensitivePathBuilder - Building path 1...
[main] INFO soot.jimple.infoflow.data.pathBuilders.DefaultPathBuilderFactory$RepeatableContextSensitivePathBuilder - Building path 2...
[main] INFO soot.jimple.infoflow.data.pathBuilders.DefaultPathBuilderFactory$RepeatableContextSensitivePathBuilder - Building path 3...
[main] INFO soot.jimple.infoflow.data.pathBuilders.DefaultPathBuilderFactory$RepeatableContextSensitivePathBuilder - Building path 4...
[main] INFO soot.jimple.infoflow.data.pathBuilders.DefaultPathBuilderFactory$RepeatableContextSensitivePathBuilder - Building path 5...
[main] INFO soot.jimple.infoflow.data.pathBuilders.DefaultPathBuilderFactory$ShutdownBatchPathBuilder - Running path reconstruction batch 21 with 5 elements
[main] INFO soot.jimple.infoflow.data.pathBuilders.DefaultPathBuilderFactory$RepeatableContextSensitivePathBuilder - Obtainted 5 connections between sources and sinks
[main] INFO soot.jimple.infoflow.data.pathBuilders.DefaultPathBuilderFactory$RepeatableContextSensitivePathBuilder - Building path 1...
[main] INFO soot.jimple.infoflow.data.pathBuilders.DefaultPathBuilderFactory$RepeatableContextSensitivePathBuilder - Building path 2...
[main] INFO soot.jimple.infoflow.data.pathBuilders.DefaultPathBuilderFactory$RepeatableContextSensitivePathBuilder - Building path 3...
[main] INFO soot.jimple.infoflow.data.pathBuilders.DefaultPathBuilderFactory$RepeatableContextSensitivePathBuilder - Building path 4...
[main] INFO soot.jimple.infoflow.data.pathBuilders.DefaultPathBuilderFactory$RepeatableContextSensitivePathBuilder - Building path 5...
[main] INFO soot.jimple.infoflow.data.pathBuilders.DefaultPathBuilderFactory$ShutdownBatchPathBuilder - Running path reconstruction batch 22 with 4 elements
[main] INFO soot.jimple.infoflow.data.pathBuilders.DefaultPathBuilderFactory$RepeatableContextSensitivePathBuilder - Obtainted 4 connections between sources and sinks
[main] INFO soot.jimple.infoflow.data.pathBuilders.DefaultPathBuilderFactory$RepeatableContextSensitivePathBuilder - Building path 1...
[main] INFO soot.jimple.infoflow.data.pathBuilders.DefaultPathBuilderFactory$RepeatableContextSensitivePathBuilder - Building path 2...
[main] INFO soot.jimple.infoflow.data.pathBuilders.DefaultPathBuilderFactory$RepeatableContextSensitivePathBuilder - Building path 3...
[main] INFO soot.jimple.infoflow.data.pathBuilders.DefaultPathBuilderFactory$RepeatableContextSensitivePathBuilder - Building path 4...
[main] INFO soot.jimple.infoflow.memory.MemoryWarningSystem - Shutting down the memory warning system...
[FlowDroid Timeout Watcher] INFO soot.jimple.infoflow.memory.FlowDroidTimeoutWatcher - FlowDroid timeout watcher terminated
[main] INFO soot.jimple.infoflow.android.SetupApplication$InPlaceInfoflow - Memory consumption after path building: 2198 MB
[main] INFO soot.jimple.infoflow.android.SetupApplication$InPlaceInfoflow - Path reconstruction took 35 seconds
[main] INFO soot.jimple.infoflow.android.SetupApplication$InPlaceInfoflow - The sink virtualinvoke r0.<nya.miku.wishmaster.ui.posting.PostFormActivity: void startActivityForResult(android.content.Intent,int)>(r2, 2) in method <nya.miku.wishmaster.ui.posting.PostFormActivity: boolean onMenuItemSelected(int,android.view.MenuItem)> was called with values from the following sources:
[main] INFO soot.jimple.infoflow.android.SetupApplication$InPlaceInfoflow - - $r2 = interfaceinvoke $r7.<android.database.Cursor: java.lang.String getString(int)>($i0) in method <nya.miku.wishmaster.lib.UriFileUtils: java.lang.String getDataColumn(android.content.Context,android.net.Uri,java.lang.String,java.lang.String[])>
[main] INFO soot.jimple.infoflow.android.SetupApplication$InPlaceInfoflow - - $r3 = virtualinvoke r0.<nya.miku.wishmaster.ui.posting.PostFormActivity: android.view.View findViewById(int)>(2131361949) in method <nya.miku.wishmaster.ui.posting.PostFormActivity: void setViews()>
[main] INFO soot.jimple.infoflow.android.SetupApplication$InPlaceInfoflow - The sink r1 = virtualinvoke r1.<java.lang.String: java.lang.String replace(java.lang.CharSequence,java.lang.CharSequence)>("\n", "\n>") in method <nya.miku.wishmaster.ui.posting.PostFormMarkup: void markup(int,android.widget.EditText,int)> was called with values from the following sources:
[main] INFO soot.jimple.infoflow.android.SetupApplication$InPlaceInfoflow - - $r3 = virtualinvoke r0.<nya.miku.wishmaster.ui.posting.PostFormActivity: android.view.View findViewById(int)>(2131361949) in method <nya.miku.wishmaster.ui.posting.PostFormActivity: void setViews()>
[main] INFO soot.jimple.infoflow.android.SetupApplication$InPlaceInfoflow - The sink virtualinvoke r0.<nya.miku.wishmaster.ui.posting.PostFormActivity: void startActivityForResult(android.content.Intent,int)>(r2, 1) in method <nya.miku.wishmaster.ui.posting.PostFormActivity: boolean onMenuItemSelected(int,android.view.MenuItem)> was called with values from the following sources:
[main] INFO soot.jimple.infoflow.android.SetupApplication$InPlaceInfoflow - - $r2 = interfaceinvoke $r7.<android.database.Cursor: java.lang.String getString(int)>($i0) in method <nya.miku.wishmaster.lib.UriFileUtils: java.lang.String getDataColumn(android.content.Context,android.net.Uri,java.lang.String,java.lang.String[])>
[main] INFO soot.jimple.infoflow.android.SetupApplication$InPlaceInfoflow - - $r3 = virtualinvoke r0.<nya.miku.wishmaster.ui.posting.PostFormActivity: android.view.View findViewById(int)>(2131361949) in method <nya.miku.wishmaster.ui.posting.PostFormActivity: void setViews()>
[main] INFO soot.jimple.infoflow.android.SetupApplication$InPlaceInfoflow - The sink r1 = virtualinvoke r1.<java.lang.String: java.lang.String replace(java.lang.CharSequence,java.lang.CharSequence)>("`", "``") in method <nya.miku.wishmaster.ui.posting.PostFormMarkup: void markup(int,android.widget.EditText,int)> was called with values from the following sources:
[main] INFO soot.jimple.infoflow.android.SetupApplication$InPlaceInfoflow - - $r3 = virtualinvoke r0.<nya.miku.wishmaster.ui.posting.PostFormActivity: android.view.View findViewById(int)>(2131361949) in method <nya.miku.wishmaster.ui.posting.PostFormActivity: void setViews()>
[main] INFO soot.jimple.infoflow.android.SetupApplication$InPlaceInfoflow - The sink virtualinvoke $r5.<android.content.Context: android.content.Intent registerReceiver(android.content.BroadcastReceiver,android.content.IntentFilter)>($r1, $r2) in method <nya.miku.wishmaster.lib.ClickableToast: void show()> was called with values from the following sources:
[main] INFO soot.jimple.infoflow.android.SetupApplication$InPlaceInfoflow - - $r1 = interfaceinvoke $r7.<android.database.Cursor: java.lang.String getString(int)>($i1) in method <nya.miku.wishmaster.ui.presentation.Subscriptions$SubscriptionsDB: java.lang.String[] getSubscriptions(java.lang.String,java.lang.String,java.lang.String)>
[main] INFO soot.jimple.infoflow.android.SetupApplication$InPlaceInfoflow - The sink virtualinvoke $r2.<java.io.OutputStream: void write(byte[],int,int)>($r3, 0, $i0) in method <com.esotericsoftware.kryo.io.Output: void flush()> was called with values from the following sources:
[main] INFO soot.jimple.infoflow.android.SetupApplication$InPlaceInfoflow - - $r7 = interfaceinvoke $r8.<android.database.Cursor: java.lang.String getString(int)>($i0) in method <nya.miku.wishmaster.ui.Database: nya.miku.wishmaster.ui.Database$IsHiddenDelegate getCachedIsHiddenDelegate(java.lang.String,java.lang.String,java.lang.String)>
[main] INFO soot.jimple.infoflow.android.SetupApplication$InPlaceInfoflow - The sink virtualinvoke r0.<nya.miku.wishmaster.ui.posting.PostFormActivity: android.content.ComponentName startService(android.content.Intent)>(r1) in method <nya.miku.wishmaster.ui.posting.PostFormActivity: void send()> was called with values from the following sources:
[main] INFO soot.jimple.infoflow.android.SetupApplication$InPlaceInfoflow - - $r2 = interfaceinvoke $r7.<android.database.Cursor: java.lang.String getString(int)>($i0) in method <nya.miku.wishmaster.lib.UriFileUtils: java.lang.String getDataColumn(android.content.Context,android.net.Uri,java.lang.String,java.lang.String[])>
[main] INFO soot.jimple.infoflow.android.SetupApplication$InPlaceInfoflow - - $r3 = virtualinvoke r0.<nya.miku.wishmaster.ui.posting.PostFormActivity: android.view.View findViewById(int)>(2131361949) in method <nya.miku.wishmaster.ui.posting.PostFormActivity: void setViews()>
[main] INFO soot.jimple.infoflow.android.SetupApplication$InPlaceInfoflow - The sink r1 = virtualinvoke r1.<java.lang.String: java.lang.String replace(java.lang.CharSequence,java.lang.CharSequence)>("\n", "*\n*") in method <nya.miku.wishmaster.ui.posting.PostFormMarkup: void markup(int,android.widget.EditText,int)> was called with values from the following sources:
[main] INFO soot.jimple.infoflow.android.SetupApplication$InPlaceInfoflow - - $r3 = virtualinvoke r0.<nya.miku.wishmaster.ui.posting.PostFormActivity: android.view.View findViewById(int)>(2131361949) in method <nya.miku.wishmaster.ui.posting.PostFormActivity: void setViews()>
[main] INFO soot.jimple.infoflow.android.SetupApplication$InPlaceInfoflow - The sink r1 = virtualinvoke r1.<java.lang.String: java.lang.String replace(java.lang.CharSequence,java.lang.CharSequence)>("\n", "`\n`") in method <nya.miku.wishmaster.ui.posting.PostFormMarkup: void markup(int,android.widget.EditText,int)> was called with values from the following sources:
[main] INFO soot.jimple.infoflow.android.SetupApplication$InPlaceInfoflow - - $r3 = virtualinvoke r0.<nya.miku.wishmaster.ui.posting.PostFormActivity: android.view.View findViewById(int)>(2131361949) in method <nya.miku.wishmaster.ui.posting.PostFormActivity: void setViews()>
[main] INFO soot.jimple.infoflow.android.SetupApplication$InPlaceInfoflow - Data flow solver took 4352 seconds. Maximum memory consumption: 121095 MB
[main] INFO soot.jimple.infoflow.android.SetupApplication - Found 9 leaks
