[main] INFO soot.jimple.infoflow.cmd.MainClass - Analyzing app /home/hedj/Work/CleanPathEdge/artifacts/benchmarks/sparsedroidBenchmark/org.csploit.android.apk (1 of 1)...
[main] INFO soot.jimple.infoflow.android.SetupApplication - Initializing Soot...
[main] INFO soot.jimple.infoflow.android.SetupApplication - Loading dex files...
[main] INFO soot.jimple.infoflow.android.SetupApplication - ARSC file parsing took 0.027155998 seconds
[main] INFO soot.jimple.infoflow.memory.MemoryWarningSystem - Registered a memory warning system for 184,320 MiB
[main] INFO soot.jimple.infoflow.android.entryPointCreators.AndroidEntryPointCreator - Creating Android entry point for 26 components...
[main] INFO soot.jimple.infoflow.android.SetupApplication - Constructing the callgraph...
[main] INFO soot.jimple.infoflow.android.callbacks.DefaultCallbackAnalyzer - Collecting callbacks in DEFAULT mode...
[main] INFO soot.jimple.infoflow.android.callbacks.DefaultCallbackAnalyzer - Callback analysis done.
[main] INFO soot.jimple.infoflow.android.entryPointCreators.AndroidEntryPointCreator - Creating Android entry point for 27 components...
[main] WARN soot.jimple.infoflow.android.entryPointCreators.AndroidEntryPointCreator - Cannot create valid constructor for org.acra.jraf.android.util.activitylifecyclecallbackscompat.ActivityLifecycleCallbacksCompat, because it is an interface and cannot substitute with subclass
[main] WARN soot.jimple.infoflow.android.entryPointCreators.components.ActivityEntryPointCreator - Cannot create valid constructor for org.csploit.android.gui.dialogs.ConfirmDialog$ConfirmDialogListener, because it is an interface and cannot substitute with subclass
[main] WARN soot.jimple.infoflow.android.entryPointCreators.components.BroadcastReceiverEntryPointCreator - Cannot create valid constructor for org.csploit.android.core.ManagedReceiver, because it is abstract and cannot substitute with subclass
[main] WARN soot.jimple.infoflow.android.entryPointCreators.components.ActivityEntryPointCreator - Cannot create valid constructor for org.csploit.android.gui.dialogs.ConfirmDialog$ConfirmDialogListener, because it is an interface and cannot substitute with subclass
[main] INFO soot.jimple.infoflow.android.SetupApplication - Constructing the callgraph...
[main] INFO soot.jimple.infoflow.android.callbacks.DefaultCallbackAnalyzer - Running incremental callback analysis for 27 components...
[main] INFO soot.jimple.infoflow.android.callbacks.DefaultCallbackAnalyzer - Incremental callback analysis done.
[main] INFO soot.jimple.infoflow.android.entryPointCreators.AndroidEntryPointCreator - Creating Android entry point for 27 components...
[main] WARN soot.jimple.infoflow.android.entryPointCreators.components.ActivityEntryPointCreator - Cannot create valid constructor for org.csploit.android.gui.dialogs.InputDialog$InputDialogListener, because it is an interface and cannot substitute with subclass
[main] WARN soot.jimple.infoflow.android.entryPointCreators.components.ActivityEntryPointCreator - Cannot create valid constructor for org.csploit.android.gui.dialogs.InputDialog$InputDialogListener, because it is an interface and cannot substitute with subclass
[main] WARN soot.jimple.infoflow.android.entryPointCreators.components.ActivityEntryPointCreator - Cannot create valid constructor for org.csploit.android.gui.dialogs.SpinnerDialog$SpinnerDialogListener, because it is an interface and cannot substitute with subclass
[main] WARN soot.jimple.infoflow.android.entryPointCreators.components.ActivityEntryPointCreator - Cannot create valid constructor for org.csploit.android.gui.dialogs.ConfirmDialog$ConfirmDialogListener, because it is an interface and cannot substitute with subclass
[main] WARN soot.jimple.infoflow.android.entryPointCreators.components.ActivityEntryPointCreator - Cannot create valid constructor for org.csploit.android.gui.dialogs.ConfirmDialog$ConfirmDialogListener, because it is an interface and cannot substitute with subclass
[main] WARN soot.jimple.infoflow.android.entryPointCreators.components.ActivityEntryPointCreator - Cannot create valid constructor for org.csploit.android.gui.dialogs.InputDialog$InputDialogListener, because it is an interface and cannot substitute with subclass
[main] WARN soot.jimple.infoflow.android.entryPointCreators.components.ActivityEntryPointCreator - Cannot create valid constructor for org.csploit.android.gui.dialogs.ConfirmDialog$ConfirmDialogListener, because it is an interface and cannot substitute with subclass
[main] WARN soot.jimple.infoflow.android.entryPointCreators.components.ActivityEntryPointCreator - Cannot create valid constructor for org.csploit.android.gui.dialogs.InputDialog$InputDialogListener, because it is an interface and cannot substitute with subclass
[main] WARN soot.jimple.infoflow.android.entryPointCreators.components.ActivityEntryPointCreator - Cannot create valid constructor for org.csploit.android.gui.dialogs.SpinnerDialog$SpinnerDialogListener, because it is an interface and cannot substitute with subclass
[main] WARN soot.jimple.infoflow.android.entryPointCreators.components.ActivityEntryPointCreator - Cannot create valid constructor for org.csploit.android.gui.dialogs.ConfirmDialog$ConfirmDialogListener, because it is an interface and cannot substitute with subclass
[main] WARN soot.jimple.infoflow.android.entryPointCreators.components.ActivityEntryPointCreator - Cannot create valid constructor for org.csploit.android.gui.dialogs.InputDialog$InputDialogListener, because it is an interface and cannot substitute with subclass
[main] WARN soot.jimple.infoflow.android.entryPointCreators.components.ActivityEntryPointCreator - Cannot create valid constructor for org.csploit.android.gui.dialogs.WifiCrackDialog$WifiCrackDialogListener, because it is an interface and cannot substitute with subclass
[main] WARN soot.jimple.infoflow.android.entryPointCreators.components.BroadcastReceiverEntryPointCreator - Cannot create valid constructor for org.csploit.android.core.ManagedReceiver, because it is abstract and cannot substitute with subclass
[main] WARN soot.jimple.infoflow.android.entryPointCreators.components.ActivityEntryPointCreator - Cannot create valid constructor for org.csploit.android.gui.dialogs.ConfirmDialog$ConfirmDialogListener, because it is an interface and cannot substitute with subclass
[main] INFO soot.jimple.infoflow.android.SetupApplication - Constructing the callgraph...
[main] INFO soot.jimple.infoflow.android.callbacks.DefaultCallbackAnalyzer - Running incremental callback analysis for 18 components...
[main] INFO soot.jimple.infoflow.android.callbacks.DefaultCallbackAnalyzer - Incremental callback analysis done.
[main] INFO soot.jimple.infoflow.android.entryPointCreators.AndroidEntryPointCreator - Creating Android entry point for 27 components...
[main] WARN soot.jimple.infoflow.android.entryPointCreators.components.ActivityEntryPointCreator - Cannot create valid constructor for org.csploit.android.gui.dialogs.InputDialog$InputDialogListener, because it is an interface and cannot substitute with subclass
[main] WARN soot.jimple.infoflow.android.entryPointCreators.components.ActivityEntryPointCreator - Cannot create valid constructor for org.csploit.android.gui.dialogs.InputDialog$InputDialogListener, because it is an interface and cannot substitute with subclass
[main] WARN soot.jimple.infoflow.android.entryPointCreators.components.ActivityEntryPointCreator - Cannot create valid constructor for org.csploit.android.gui.dialogs.SpinnerDialog$SpinnerDialogListener, because it is an interface and cannot substitute with subclass
[main] WARN soot.jimple.infoflow.android.entryPointCreators.components.ActivityEntryPointCreator - Cannot create valid constructor for org.csploit.android.gui.dialogs.ConfirmDialog$ConfirmDialogListener, because it is an interface and cannot substitute with subclass
[main] WARN soot.jimple.infoflow.android.entryPointCreators.components.ActivityEntryPointCreator - Cannot create valid constructor for org.csploit.android.gui.dialogs.ConfirmDialog$ConfirmDialogListener, because it is an interface and cannot substitute with subclass
[main] WARN soot.jimple.infoflow.android.entryPointCreators.components.ActivityEntryPointCreator - Cannot create valid constructor for org.csploit.android.gui.dialogs.InputDialog$InputDialogListener, because it is an interface and cannot substitute with subclass
[main] WARN soot.jimple.infoflow.android.entryPointCreators.components.ActivityEntryPointCreator - Cannot create valid constructor for org.csploit.android.gui.dialogs.ConfirmDialog$ConfirmDialogListener, because it is an interface and cannot substitute with subclass
[main] WARN soot.jimple.infoflow.android.entryPointCreators.components.ActivityEntryPointCreator - Cannot create valid constructor for org.csploit.android.gui.dialogs.InputDialog$InputDialogListener, because it is an interface and cannot substitute with subclass
[main] WARN soot.jimple.infoflow.android.entryPointCreators.components.ActivityEntryPointCreator - Cannot create valid constructor for org.csploit.android.gui.dialogs.SpinnerDialog$SpinnerDialogListener, because it is an interface and cannot substitute with subclass
[main] WARN soot.jimple.infoflow.android.entryPointCreators.components.ActivityEntryPointCreator - Cannot create valid constructor for org.csploit.android.gui.dialogs.ConfirmDialog$ConfirmDialogListener, because it is an interface and cannot substitute with subclass
[main] WARN soot.jimple.infoflow.android.entryPointCreators.components.ActivityEntryPointCreator - Cannot create valid constructor for org.csploit.android.gui.dialogs.InputDialog$InputDialogListener, because it is an interface and cannot substitute with subclass
[main] WARN soot.jimple.infoflow.android.entryPointCreators.components.ActivityEntryPointCreator - Cannot create valid constructor for org.csploit.android.gui.dialogs.WifiCrackDialog$WifiCrackDialogListener, because it is an interface and cannot substitute with subclass
[main] WARN soot.jimple.infoflow.android.entryPointCreators.components.ActivityEntryPointCreator - Cannot create valid constructor for org.csploit.android.gui.dialogs.ChoiceDialog$ChoiceDialogListener, because it is an interface and cannot substitute with subclass
[main] WARN soot.jimple.infoflow.android.entryPointCreators.components.ActivityEntryPointCreator - Cannot create valid constructor for org.csploit.android.gui.dialogs.ChoiceDialog$ChoiceDialogListener, because it is an interface and cannot substitute with subclass
[main] WARN soot.jimple.infoflow.android.entryPointCreators.components.BroadcastReceiverEntryPointCreator - Cannot create valid constructor for org.csploit.android.core.ManagedReceiver, because it is abstract and cannot substitute with subclass
[main] WARN soot.jimple.infoflow.android.entryPointCreators.components.ActivityEntryPointCreator - Cannot create valid constructor for org.csploit.android.gui.dialogs.ConfirmDialog$ConfirmDialogListener, because it is an interface and cannot substitute with subclass
[main] INFO soot.jimple.infoflow.android.SetupApplication - Constructing the callgraph...
[main] INFO soot.jimple.infoflow.android.callbacks.DefaultCallbackAnalyzer - Running incremental callback analysis for 6 components...
[main] INFO soot.jimple.infoflow.android.callbacks.DefaultCallbackAnalyzer - Incremental callback analysis done.
[main] INFO soot.jimple.infoflow.android.entryPointCreators.AndroidEntryPointCreator - Creating Android entry point for 27 components...
[main] WARN soot.jimple.infoflow.android.entryPointCreators.components.ActivityEntryPointCreator - Cannot create valid constructor for org.csploit.android.gui.dialogs.InputDialog$InputDialogListener, because it is an interface and cannot substitute with subclass
[main] WARN soot.jimple.infoflow.android.entryPointCreators.components.ActivityEntryPointCreator - Cannot create valid constructor for org.csploit.android.gui.dialogs.InputDialog$InputDialogListener, because it is an interface and cannot substitute with subclass
[main] WARN soot.jimple.infoflow.android.entryPointCreators.components.ActivityEntryPointCreator - Cannot create valid constructor for org.csploit.android.gui.dialogs.SpinnerDialog$SpinnerDialogListener, because it is an interface and cannot substitute with subclass
[main] WARN soot.jimple.infoflow.android.entryPointCreators.components.ActivityEntryPointCreator - Cannot create valid constructor for org.csploit.android.gui.dialogs.ConfirmDialog$ConfirmDialogListener, because it is an interface and cannot substitute with subclass
[main] WARN soot.jimple.infoflow.android.entryPointCreators.components.ActivityEntryPointCreator - Cannot create valid constructor for org.csploit.android.gui.dialogs.ConfirmDialog$ConfirmDialogListener, because it is an interface and cannot substitute with subclass
[main] WARN soot.jimple.infoflow.android.entryPointCreators.components.ActivityEntryPointCreator - Cannot create valid constructor for org.csploit.android.gui.dialogs.InputDialog$InputDialogListener, because it is an interface and cannot substitute with subclass
[main] WARN soot.jimple.infoflow.android.entryPointCreators.components.ActivityEntryPointCreator - Cannot create valid constructor for org.csploit.android.gui.dialogs.ConfirmDialog$ConfirmDialogListener, because it is an interface and cannot substitute with subclass
[main] WARN soot.jimple.infoflow.android.entryPointCreators.components.ActivityEntryPointCreator - Cannot create valid constructor for org.csploit.android.gui.dialogs.InputDialog$InputDialogListener, because it is an interface and cannot substitute with subclass
[main] WARN soot.jimple.infoflow.android.entryPointCreators.components.ActivityEntryPointCreator - Cannot create valid constructor for org.csploit.android.gui.dialogs.SpinnerDialog$SpinnerDialogListener, because it is an interface and cannot substitute with subclass
[main] WARN soot.jimple.infoflow.android.entryPointCreators.components.ActivityEntryPointCreator - Cannot create valid constructor for org.csploit.android.gui.dialogs.ConfirmDialog$ConfirmDialogListener, because it is an interface and cannot substitute with subclass
[main] WARN soot.jimple.infoflow.android.entryPointCreators.components.ActivityEntryPointCreator - Cannot create valid constructor for org.csploit.android.gui.dialogs.InputDialog$InputDialogListener, because it is an interface and cannot substitute with subclass
[main] WARN soot.jimple.infoflow.android.entryPointCreators.components.ActivityEntryPointCreator - Cannot create valid constructor for org.csploit.android.gui.dialogs.WifiCrackDialog$WifiCrackDialogListener, because it is an interface and cannot substitute with subclass
[main] WARN soot.jimple.infoflow.android.entryPointCreators.components.ActivityEntryPointCreator - Cannot create valid constructor for org.csploit.android.gui.dialogs.ChoiceDialog$ChoiceDialogListener, because it is an interface and cannot substitute with subclass
[main] WARN soot.jimple.infoflow.android.entryPointCreators.components.ActivityEntryPointCreator - Cannot create valid constructor for org.csploit.android.gui.dialogs.ChoiceDialog$ChoiceDialogListener, because it is an interface and cannot substitute with subclass
[main] WARN soot.jimple.infoflow.android.entryPointCreators.components.BroadcastReceiverEntryPointCreator - Cannot create valid constructor for org.csploit.android.core.ManagedReceiver, because it is abstract and cannot substitute with subclass
[main] WARN soot.jimple.infoflow.android.entryPointCreators.components.ActivityEntryPointCreator - Cannot create valid constructor for org.csploit.android.gui.dialogs.ConfirmDialog$ConfirmDialogListener, because it is an interface and cannot substitute with subclass
[main] INFO soot.jimple.infoflow.android.SetupApplication - Constructing the callgraph...
[main] INFO soot.jimple.infoflow.android.callbacks.DefaultCallbackAnalyzer - Running incremental callback analysis for 2 components...
[main] INFO soot.jimple.infoflow.android.callbacks.DefaultCallbackAnalyzer - Incremental callback analysis done.
[main] INFO soot.jimple.infoflow.android.entryPointCreators.AndroidEntryPointCreator - Creating Android entry point for 27 components...
[main] WARN soot.jimple.infoflow.android.entryPointCreators.components.ActivityEntryPointCreator - Cannot create valid constructor for org.csploit.android.gui.dialogs.InputDialog$InputDialogListener, because it is an interface and cannot substitute with subclass
[main] WARN soot.jimple.infoflow.android.entryPointCreators.components.ActivityEntryPointCreator - Cannot create valid constructor for org.csploit.android.gui.dialogs.InputDialog$InputDialogListener, because it is an interface and cannot substitute with subclass
[main] WARN soot.jimple.infoflow.android.entryPointCreators.components.ActivityEntryPointCreator - Cannot create valid constructor for org.csploit.android.gui.dialogs.SpinnerDialog$SpinnerDialogListener, because it is an interface and cannot substitute with subclass
[main] WARN soot.jimple.infoflow.android.entryPointCreators.components.ActivityEntryPointCreator - Cannot create valid constructor for org.csploit.android.gui.dialogs.ConfirmDialog$ConfirmDialogListener, because it is an interface and cannot substitute with subclass
[main] WARN soot.jimple.infoflow.android.entryPointCreators.components.ActivityEntryPointCreator - Cannot create valid constructor for org.csploit.android.gui.dialogs.ConfirmDialog$ConfirmDialogListener, because it is an interface and cannot substitute with subclass
[main] WARN soot.jimple.infoflow.android.entryPointCreators.components.ActivityEntryPointCreator - Cannot create valid constructor for org.csploit.android.gui.dialogs.InputDialog$InputDialogListener, because it is an interface and cannot substitute with subclass
[main] WARN soot.jimple.infoflow.android.entryPointCreators.components.ActivityEntryPointCreator - Cannot create valid constructor for org.csploit.android.gui.dialogs.ConfirmDialog$ConfirmDialogListener, because it is an interface and cannot substitute with subclass
[main] WARN soot.jimple.infoflow.android.entryPointCreators.components.ActivityEntryPointCreator - Cannot create valid constructor for org.csploit.android.gui.dialogs.InputDialog$InputDialogListener, because it is an interface and cannot substitute with subclass
[main] WARN soot.jimple.infoflow.android.entryPointCreators.components.ActivityEntryPointCreator - Cannot create valid constructor for org.csploit.android.gui.dialogs.SpinnerDialog$SpinnerDialogListener, because it is an interface and cannot substitute with subclass
[main] WARN soot.jimple.infoflow.android.entryPointCreators.components.ActivityEntryPointCreator - Cannot create valid constructor for org.csploit.android.gui.dialogs.ConfirmDialog$ConfirmDialogListener, because it is an interface and cannot substitute with subclass
[main] WARN soot.jimple.infoflow.android.entryPointCreators.components.ActivityEntryPointCreator - Cannot create valid constructor for org.csploit.android.gui.dialogs.InputDialog$InputDialogListener, because it is an interface and cannot substitute with subclass
[main] WARN soot.jimple.infoflow.android.entryPointCreators.components.ActivityEntryPointCreator - Cannot create valid constructor for org.csploit.android.gui.dialogs.WifiCrackDialog$WifiCrackDialogListener, because it is an interface and cannot substitute with subclass
[main] WARN soot.jimple.infoflow.android.entryPointCreators.components.ActivityEntryPointCreator - Cannot create valid constructor for org.csploit.android.gui.dialogs.ChoiceDialog$ChoiceDialogListener, because it is an interface and cannot substitute with subclass
[main] WARN soot.jimple.infoflow.android.entryPointCreators.components.ActivityEntryPointCreator - Cannot create valid constructor for org.csploit.android.gui.dialogs.ChoiceDialog$ChoiceDialogListener, because it is an interface and cannot substitute with subclass
[main] WARN soot.jimple.infoflow.android.entryPointCreators.components.BroadcastReceiverEntryPointCreator - Cannot create valid constructor for org.csploit.android.core.ManagedReceiver, because it is abstract and cannot substitute with subclass
[main] WARN soot.jimple.infoflow.android.entryPointCreators.components.ActivityEntryPointCreator - Cannot create valid constructor for org.csploit.android.gui.dialogs.ConfirmDialog$ConfirmDialogListener, because it is an interface and cannot substitute with subclass
[main] INFO soot.jimple.infoflow.android.SetupApplication - Constructing the callgraph...
[main] INFO soot.jimple.infoflow.android.callbacks.DefaultCallbackAnalyzer - Running incremental callback analysis for 0 components...
[main] INFO soot.jimple.infoflow.android.callbacks.DefaultCallbackAnalyzer - Incremental callback analysis done.
[main] INFO soot.jimple.infoflow.memory.MemoryWarningSystem - Shutting down the memory warning system...
[main] INFO soot.jimple.infoflow.android.SetupApplication - Callback analysis terminated normally
[main] INFO soot.jimple.infoflow.android.SetupApplication - Entry point calculation done.
[main] WARN soot.jimple.infoflow.android.data.parsers.PermissionMethodParser - Line does not match: <org.springframework.web.servlet.tags.UrlTag: java.lang.String createUrl)> -> _SINK_
[main] WARN soot.jimple.infoflow.android.data.parsers.PermissionMethodParser - Line does not match: <org.springframework.orm.hibernate3.support.ClobStringType: int[] sqlTypes)> -> _SINK_
[main] WARN soot.jimple.infoflow.android.data.parsers.PermissionMethodParser - Line does not match: <org.springframework.security.config.http.CsrfBeanDefinitionParser: org.springframework.beans.factory.config.BeanDefinition getCsrfLogoutHandler)> -> _SOURCE_
[main] WARN soot.jimple.infoflow.android.data.parsers.PermissionMethodParser - Line does not match: <java.io.File: java.io.File getAbsoluteFile)> -> _SOURCE_
[main] WARN soot.jimple.infoflow.android.data.parsers.PermissionMethodParser - Line does not match: <org.springframework.security.config.http.FormLoginBeanDefinitionParser: java.lang.String getLoginPage)> -> _SOURCE_
[main] WARN soot.jimple.infoflow.android.data.parsers.PermissionMethodParser - Line does not match: <com.google.auth.oauth2.UserCredentials: java.lang.String getClientSecret)> -> _SOURCE_
[main] WARN soot.jimple.infoflow.android.data.parsers.PermissionMethodParser - Line does not match: <org.springframework.web.servlet.tags.UrlTag: java.lang.String createUrl)> -> _SOURCE_
[main] WARN soot.jimple.infoflow.android.data.parsers.PermissionMethodParser - Line does not match: <java.io.File: java.io.File getCanonicalFile)> -> _SOURCE_
[main] WARN soot.jimple.infoflow.android.data.parsers.PermissionMethodParser - Line does not match: <org.apache.xmlrpc.webserver.RequestData: java.lang.String getMethod)> -> _SOURCE_
[main] WARN soot.jimple.infoflow.android.data.parsers.PermissionMethodParser - Line does not match: <org.dmfs.oauth2.client.http.requests.ResourceOwnerPasswordTokenRequest: org.dmfs.httpclient.HttpRequestEntity requestEntity)> -> _SOURCE_
[main] WARN soot.jimple.infoflow.android.data.parsers.PermissionMethodParser - Line does not match: <org.springframework.security.concurrent.DelegatingSecurityContextExecutorService: java.util.concurrent.ExecutorService getDelegate)> -> _SOURCE_
[main] WARN soot.jimple.infoflow.android.data.parsers.PermissionMethodParser - Line does not match: <org.springframework.security.config.annotation.web.builders.HttpSecurity: org.springframework.security.config.'annotation'.web.configurers.HeadersConfigurer headers)> -> _SOURCE_
[main] WARN soot.jimple.infoflow.android.data.parsers.PermissionMethodParser - Line does not match: <org.springframework.web.servlet.tags.EscapeBodyTag: java.lang.String readBodyContent)> -> _SOURCE_
[main] WARN soot.jimple.infoflow.android.data.parsers.PermissionMethodParser - Line does not match: <org.springframework.security.config.http.FormLoginBeanDefinitionParser: java.lang.String getLoginProcessingUrl)> -> _SOURCE_
[main] WARN soot.jimple.infoflow.android.data.parsers.PermissionMethodParser - Line does not match: <org.springframework.security.config.annotation.web.configurers.LogoutConfigurer: java.util.List getLogoutHandlers)> -> _SOURCE_
[main] WARN soot.jimple.infoflow.android.data.parsers.PermissionMethodParser - Line does not match: <org.apache.xmlrpc.webserver.RequestData: java.lang.String getHttpVersion)> -> _SOURCE_
[main] WARN soot.jimple.infoflow.android.data.parsers.PermissionMethodParser - Line does not match: <com.google.auth.oauth2.DefaultCredentialsProvider: java.io.File getWellKnownCredentialsFile)> -> _SOURCE_
[main] WARN soot.jimple.infoflow.android.data.parsers.PermissionMethodParser - Line does not match: <org.apache.xmlrpc.webserver.HttpServletRequestImpl: void parseParameters)> -> _SOURCE_
[main] WARN soot.jimple.infoflow.android.data.parsers.PermissionMethodParser - Line does not match:     
[main] INFO soot.jimple.infoflow.android.source.AccessPathBasedSourceSinkManager - Created a SourceSinkManager with 68 sources, 194 sinks, and 155 callback methods.
[main] INFO soot.jimple.infoflow.android.SetupApplication - Collecting callbacks and building a callgraph took 19 seconds
[main] INFO soot.jimple.infoflow.android.SetupApplication - Running data flow analysis on /home/hedj/Work/CleanPathEdge/artifacts/benchmarks/sparsedroidBenchmark/org.csploit.android.apk with 68 sources and 194 sinks...
[main] INFO soot.jimple.infoflow.InfoflowConfiguration - Implicit flow tracking is NOT enabled
[main] INFO soot.jimple.infoflow.InfoflowConfiguration - Exceptional flow tracking is enabled
[main] INFO soot.jimple.infoflow.InfoflowConfiguration - Running with a maximum access path length of 5
[main] INFO soot.jimple.infoflow.InfoflowConfiguration - Using path-agnostic result collection
[main] INFO soot.jimple.infoflow.InfoflowConfiguration - Recursive access path shortening is enabled
[main] INFO soot.jimple.infoflow.InfoflowConfiguration - Taint analysis enabled: true
[main] INFO soot.jimple.infoflow.InfoflowConfiguration - Using alias algorithm FlowSensitive
[main] INFO soot.jimple.infoflow.memory.MemoryWarningSystem - Registered a memory warning system for 184,320 MiB
[main] INFO soot.jimple.infoflow.android.SetupApplication$InPlaceInfoflow - Callgraph construction took 0 seconds
[main] INFO soot.jimple.infoflow.codeOptimization.InterproceduralConstantValuePropagator - Removing side-effect free methods is disabled
[main] INFO soot.jimple.infoflow.android.SetupApplication$InPlaceInfoflow - Dead code elimination took 0.680197799 seconds
[main] INFO soot.jimple.infoflow.android.SetupApplication$InPlaceInfoflow - Callgraph has 11878 edges
[main] INFO soot.jimple.infoflow.android.SetupApplication$InPlaceInfoflow - Starting Taint Analysis
[main] INFO soot.jimple.infoflow.android.SetupApplication$InPlaceInfoflow - Using fine-grained garbage-collecting solver
[main] INFO soot.jimple.infoflow.android.SetupApplication$InPlaceInfoflow - Using fine-grained garbage-collecting solver
[main] INFO soot.jimple.infoflow.memory.FlowDroidTimeoutWatcher - FlowDroid timeout watcher started
[main] WARN soot.jimple.infoflow.android.SetupApplication$InPlaceInfoflow - Running with limited join point abstractions can break context-sensitive path builders
[main] INFO soot.jimple.infoflow.android.SetupApplication$InPlaceInfoflow - Looking for sources and sinks...
[main] INFO soot.jimple.infoflow.android.SetupApplication$InPlaceInfoflow - Source lookup done, found 7 sources and 112 sinks.
[main] INFO soot.jimple.infoflow.solver.gcSolver.finegrain.IFDSSolver - forward end Summary size: 9672
[main] INFO soot.jimple.infoflow.solver.gcSolver.finegrain.FineGrainedReferenceCountingGarbageCollector - GC removes 4900 abstractions
[main] INFO soot.jimple.infoflow.solver.gcSolver.finegrain.FineGrainedReferenceCountingGarbageCollector - GC removes 151622 path edges
[main] INFO soot.jimple.infoflow.solver.gcSolver.finegrain.FineGrainedReferenceCountingGarbageCollector - Remaining Path edges count is 9
[main] INFO soot.jimple.infoflow.solver.gcSolver.finegrain.FineGrainedReferenceCountingGarbageCollector - Recorded Maximum Path edges count is 57
[main] INFO soot.jimple.infoflow.solver.gcSolver.finegrain.FineGrainedReferenceCountingGarbageCollector - Recorded Maximum memory consumption is 1330
[main] INFO soot.jimple.infoflow.solver.gcSolver.finegrain.NormalGarbageCollector - class soot.jimple.infoflow.solver.cfg.InfoflowCFG
[main] INFO soot.jimple.infoflow.solver.gcSolver.finegrain.NormalGarbageCollector - #nodes of forward Abstraction Dependency Graph: 4087
[main] INFO soot.jimple.infoflow.solver.gcSolver.finegrain.NormalGarbageCollector - #edges of forward Abstraction Dependency Graph: 4013
[main] INFO soot.jimple.infoflow.solver.gcSolver.finegrain.FineGrainedReferenceCountingGarbageCollector - GC removes 2756 abstractions
[main] INFO soot.jimple.infoflow.solver.gcSolver.finegrain.FineGrainedReferenceCountingGarbageCollector - GC removes 68882 path edges
[main] INFO soot.jimple.infoflow.solver.gcSolver.finegrain.FineGrainedReferenceCountingGarbageCollector - Remaining Path edges count is 13
[main] INFO soot.jimple.infoflow.solver.gcSolver.finegrain.FineGrainedReferenceCountingGarbageCollector - Recorded Maximum Path edges count is 59
[main] INFO soot.jimple.infoflow.solver.gcSolver.finegrain.FineGrainedReferenceCountingGarbageCollector - Recorded Maximum memory consumption is 1330
[main] INFO soot.jimple.infoflow.solver.gcSolver.finegrain.NormalGarbageCollector - class soot.jimple.infoflow.solver.cfg.BackwardsInfoflowCFG
[main] INFO soot.jimple.infoflow.solver.gcSolver.finegrain.NormalGarbageCollector - #nodes of backward Abstraction Dependency Graph: 1714
[main] INFO soot.jimple.infoflow.solver.gcSolver.finegrain.NormalGarbageCollector - #edges of backward Abstraction Dependency Graph: 1575
[main] INFO soot.jimple.infoflow.android.SetupApplication$InPlaceInfoflow - Taint wrapper hits: 71837
[main] INFO soot.jimple.infoflow.android.SetupApplication$InPlaceInfoflow - Taint wrapper misses: 71043
[main] INFO soot.jimple.infoflow.android.SetupApplication$InPlaceInfoflow - IFDS problem with 151565 forward and 67710 backward edges solved in 6 seconds, processing 2 results...
[main] INFO soot.jimple.infoflow.android.SetupApplication$InPlaceInfoflow - Current memory consumption: 1330 MB
[main] INFO soot.jimple.infoflow.android.SetupApplication$InPlaceInfoflow - Memory consumption after cleanup: 214 MB
[main] INFO soot.jimple.infoflow.memory.FlowDroidTimeoutWatcher - FlowDroid timeout watcher started
[main] INFO soot.jimple.infoflow.data.pathBuilders.DefaultPathBuilderFactory$ShutdownBatchPathBuilder - Running path reconstruction batch 1 with 2 elements
[main] INFO soot.jimple.infoflow.data.pathBuilders.DefaultPathBuilderFactory$RepeatableContextSensitivePathBuilder - Obtainted 2 connections between sources and sinks
[main] INFO soot.jimple.infoflow.data.pathBuilders.DefaultPathBuilderFactory$RepeatableContextSensitivePathBuilder - Building path 1...
[main] INFO soot.jimple.infoflow.data.pathBuilders.DefaultPathBuilderFactory$RepeatableContextSensitivePathBuilder - Building path 2...
[main] INFO soot.jimple.infoflow.memory.MemoryWarningSystem - Shutting down the memory warning system...
[FlowDroid Timeout Watcher] INFO soot.jimple.infoflow.memory.FlowDroidTimeoutWatcher - FlowDroid timeout watcher terminated
[main] INFO soot.jimple.infoflow.android.SetupApplication$InPlaceInfoflow - Memory consumption after path building: 216 MB
[main] INFO soot.jimple.infoflow.android.SetupApplication$InPlaceInfoflow - Path reconstruction took 0 seconds
[main] INFO soot.jimple.infoflow.android.SetupApplication$InPlaceInfoflow - The sink virtualinvoke r4.<java.io.FileOutputStream: void write(byte[],int,int)>(r1, 0, $i1) in method <org.csploit.android.services.UpdateService: void downloadFile()> was called with values from the following sources:
[main] INFO soot.jimple.infoflow.android.SetupApplication$InPlaceInfoflow - - $r18 = virtualinvoke $r17.<java.net.HttpURLConnection: java.io.InputStream getInputStream()>() in method <org.csploit.android.services.UpdateService: void downloadFile()>
[main] INFO soot.jimple.infoflow.android.SetupApplication$InPlaceInfoflow - Data flow solver took 7 seconds. Maximum memory consumption: 1330 MB
[main] INFO soot.jimple.infoflow.android.SetupApplication - Found 1 leaks
