[main] INFO soot.jimple.infoflow.cmd.MainClass - Analyzing app /home/hedj/Work/CleanPathEdge/artifacts/benchmarks/diskDroidBenchmarks/group1/nya.miku.wishmaster_54.apk (1 of 1)...
[main] INFO soot.jimple.infoflow.android.SetupApplication - Initializing Soot...
[main] INFO soot.jimple.infoflow.android.SetupApplication - Loading dex files...
[main] INFO soot.jimple.infoflow.android.SetupApplication - ARSC file parsing took 0.020920381 seconds
[main] INFO soot.jimple.infoflow.memory.MemoryWarningSystem - Registered a memory warning system for 184,320 MiB
[main] INFO soot.jimple.infoflow.android.entryPointCreators.AndroidEntryPointCreator - Creating Android entry point for 20 components...
[main] INFO soot.jimple.infoflow.android.SetupApplication - Constructing the callgraph...
[main] WARN soot.jimple.infoflow.android.resources.LayoutFileParser - Target resource 17367043 for layout include not found
[main] INFO soot.jimple.infoflow.android.callbacks.DefaultCallbackAnalyzer - Collecting callbacks in DEFAULT mode...
[main] INFO soot.jimple.infoflow.android.callbacks.DefaultCallbackAnalyzer - Callback analysis done.
[main] WARN soot.jimple.infoflow.android.resources.LayoutFileParser - Target resource 17367043 for layout include not found
[main] INFO soot.jimple.infoflow.android.entryPointCreators.AndroidEntryPointCreator - Creating Android entry point for 22 components...
[main] WARN soot.jimple.infoflow.android.entryPointCreators.AndroidEntryPointCreator - Cannot create valid constructor for org.acra.jraf.android.util.activitylifecyclecallbackscompat.ActivityLifecycleCallbacksCompat, because it is an interface and cannot substitute with subclass
[main] WARN soot.jimple.infoflow.android.entryPointCreators.components.ActivityEntryPointCreator - Cannot create valid constructor for nya.miku.wishmaster.http.interactive.InteractiveException, because it is abstract and cannot substitute with subclass
[main] WARN soot.jimple.infoflow.android.entryPointCreators.components.ActivityEntryPointCreator - Cannot create valid constructor for nya.miku.wishmaster.api.interfaces.CancellableTask, because it is an interface and cannot substitute with subclass
[main] WARN soot.jimple.infoflow.android.entryPointCreators.components.ActivityEntryPointCreator - Cannot create valid constructor for nya.miku.wishmaster.ui.tabs.TabsAdapter$TabSelectListener, because it is an interface and cannot substitute with subclass
[main] INFO soot.jimple.infoflow.android.SetupApplication - Constructing the callgraph...
[main] WARN soot.jimple.infoflow.android.resources.LayoutFileParser - Target resource 17367043 for layout include not found
[main] INFO soot.jimple.infoflow.android.callbacks.DefaultCallbackAnalyzer - Running incremental callback analysis for 20 components...
[main] INFO soot.jimple.infoflow.android.callbacks.DefaultCallbackAnalyzer - Incremental callback analysis done.
[main] INFO soot.jimple.infoflow.android.entryPointCreators.AndroidEntryPointCreator - Creating Android entry point for 22 components...
[main] WARN soot.jimple.infoflow.android.entryPointCreators.components.ActivityEntryPointCreator - Cannot create valid constructor for nya.miku.wishmaster.http.interactive.InteractiveException, because it is abstract and cannot substitute with subclass
[main] WARN soot.jimple.infoflow.android.entryPointCreators.components.ActivityEntryPointCreator - Cannot create valid constructor for nya.miku.wishmaster.api.interfaces.CancellableTask, because it is an interface and cannot substitute with subclass
[main] WARN soot.jimple.infoflow.android.entryPointCreators.components.ActivityEntryPointCreator - Cannot create valid constructor for nya.miku.wishmaster.api.interfaces.CancellableTask, because it is an interface and cannot substitute with subclass
[main] WARN soot.jimple.infoflow.android.entryPointCreators.components.ActivityEntryPointCreator - Cannot create valid constructor for nya.miku.wishmaster.ui.tabs.TabsAdapter$TabSelectListener, because it is an interface and cannot substitute with subclass
[main] INFO soot.jimple.infoflow.android.SetupApplication - Constructing the callgraph...
[main] WARN soot.jimple.infoflow.android.resources.LayoutFileParser - Target resource 17367043 for layout include not found
[main] INFO soot.jimple.infoflow.android.callbacks.DefaultCallbackAnalyzer - Running incremental callback analysis for 6 components...
[main] INFO soot.jimple.infoflow.android.callbacks.DefaultCallbackAnalyzer - Incremental callback analysis done.
[main] INFO soot.jimple.infoflow.android.entryPointCreators.AndroidEntryPointCreator - Creating Android entry point for 22 components...
[main] WARN soot.jimple.infoflow.android.entryPointCreators.components.ActivityEntryPointCreator - Cannot create valid constructor for nya.miku.wishmaster.http.interactive.InteractiveException, because it is abstract and cannot substitute with subclass
[main] WARN soot.jimple.infoflow.android.entryPointCreators.components.ActivityEntryPointCreator - Cannot create valid constructor for nya.miku.wishmaster.api.interfaces.CancellableTask, because it is an interface and cannot substitute with subclass
[main] WARN soot.jimple.infoflow.android.entryPointCreators.components.ActivityEntryPointCreator - Cannot create valid constructor for nya.miku.wishmaster.api.interfaces.CancellableTask, because it is an interface and cannot substitute with subclass
[main] WARN soot.jimple.infoflow.android.entryPointCreators.components.ActivityEntryPointCreator - Cannot create valid constructor for nya.miku.wishmaster.ui.tabs.TabsAdapter$TabSelectListener, because it is an interface and cannot substitute with subclass
[main] INFO soot.jimple.infoflow.android.SetupApplication - Constructing the callgraph...
[main] WARN soot.jimple.infoflow.android.resources.LayoutFileParser - Target resource 17367043 for layout include not found
[main] INFO soot.jimple.infoflow.android.callbacks.DefaultCallbackAnalyzer - Running incremental callback analysis for 0 components...
[main] INFO soot.jimple.infoflow.android.callbacks.DefaultCallbackAnalyzer - Incremental callback analysis done.
[main] INFO soot.jimple.infoflow.memory.MemoryWarningSystem - Shutting down the memory warning system...
[main] INFO soot.jimple.infoflow.android.SetupApplication - Callback analysis terminated normally
[main] INFO soot.jimple.infoflow.android.SetupApplication - Entry point calculation done.
[main] WARN soot.jimple.infoflow.android.data.parsers.PermissionMethodParser - Line does not match: <org.springframework.web.servlet.tags.UrlTag: java.lang.String createUrl)> -> _SINK_
[main] WARN soot.jimple.infoflow.android.data.parsers.PermissionMethodParser - Line does not match: <org.springframework.orm.hibernate3.support.ClobStringType: int[] sqlTypes)> -> _SINK_
[main] WARN soot.jimple.infoflow.android.data.parsers.PermissionMethodParser - Line does not match: <org.springframework.security.config.http.CsrfBeanDefinitionParser: org.springframework.beans.factory.config.BeanDefinition getCsrfLogoutHandler)> -> _SOURCE_
[main] WARN soot.jimple.infoflow.android.data.parsers.PermissionMethodParser - Line does not match: <java.io.File: java.io.File getAbsoluteFile)> -> _SOURCE_
[main] WARN soot.jimple.infoflow.android.data.parsers.PermissionMethodParser - Line does not match: <org.springframework.security.config.http.FormLoginBeanDefinitionParser: java.lang.String getLoginPage)> -> _SOURCE_
[main] WARN soot.jimple.infoflow.android.data.parsers.PermissionMethodParser - Line does not match: <com.google.auth.oauth2.UserCredentials: java.lang.String getClientSecret)> -> _SOURCE_
[main] WARN soot.jimple.infoflow.android.data.parsers.PermissionMethodParser - Line does not match: <org.springframework.web.servlet.tags.UrlTag: java.lang.String createUrl)> -> _SOURCE_
[main] WARN soot.jimple.infoflow.android.data.parsers.PermissionMethodParser - Line does not match: <java.io.File: java.io.File getCanonicalFile)> -> _SOURCE_
[main] WARN soot.jimple.infoflow.android.data.parsers.PermissionMethodParser - Line does not match: <org.apache.xmlrpc.webserver.RequestData: java.lang.String getMethod)> -> _SOURCE_
[main] WARN soot.jimple.infoflow.android.data.parsers.PermissionMethodParser - Line does not match: <org.dmfs.oauth2.client.http.requests.ResourceOwnerPasswordTokenRequest: org.dmfs.httpclient.HttpRequestEntity requestEntity)> -> _SOURCE_
[main] WARN soot.jimple.infoflow.android.data.parsers.PermissionMethodParser - Line does not match: <org.springframework.security.concurrent.DelegatingSecurityContextExecutorService: java.util.concurrent.ExecutorService getDelegate)> -> _SOURCE_
[main] WARN soot.jimple.infoflow.android.data.parsers.PermissionMethodParser - Line does not match: <org.springframework.security.config.annotation.web.builders.HttpSecurity: org.springframework.security.config.'annotation'.web.configurers.HeadersConfigurer headers)> -> _SOURCE_
[main] WARN soot.jimple.infoflow.android.data.parsers.PermissionMethodParser - Line does not match: <org.springframework.web.servlet.tags.EscapeBodyTag: java.lang.String readBodyContent)> -> _SOURCE_
[main] WARN soot.jimple.infoflow.android.data.parsers.PermissionMethodParser - Line does not match: <org.springframework.security.config.http.FormLoginBeanDefinitionParser: java.lang.String getLoginProcessingUrl)> -> _SOURCE_
[main] WARN soot.jimple.infoflow.android.data.parsers.PermissionMethodParser - Line does not match: <org.springframework.security.config.annotation.web.configurers.LogoutConfigurer: java.util.List getLogoutHandlers)> -> _SOURCE_
[main] WARN soot.jimple.infoflow.android.data.parsers.PermissionMethodParser - Line does not match: <org.apache.xmlrpc.webserver.RequestData: java.lang.String getHttpVersion)> -> _SOURCE_
[main] WARN soot.jimple.infoflow.android.data.parsers.PermissionMethodParser - Line does not match: <com.google.auth.oauth2.DefaultCredentialsProvider: java.io.File getWellKnownCredentialsFile)> -> _SOURCE_
[main] WARN soot.jimple.infoflow.android.data.parsers.PermissionMethodParser - Line does not match: <org.apache.xmlrpc.webserver.HttpServletRequestImpl: void parseParameters)> -> _SOURCE_
[main] WARN soot.jimple.infoflow.android.data.parsers.PermissionMethodParser - Line does not match:     
[main] INFO soot.jimple.infoflow.android.source.AccessPathBasedSourceSinkManager - Created a SourceSinkManager with 68 sources, 194 sinks, and 143 callback methods.
[main] INFO soot.jimple.infoflow.android.SetupApplication - Collecting callbacks and building a callgraph took 12 seconds
[main] INFO soot.jimple.infoflow.android.SetupApplication - Running data flow analysis on /home/hedj/Work/CleanPathEdge/artifacts/benchmarks/diskDroidBenchmarks/group1/nya.miku.wishmaster_54.apk with 68 sources and 194 sinks...
[main] INFO soot.jimple.infoflow.InfoflowConfiguration - Implicit flow tracking is NOT enabled
[main] INFO soot.jimple.infoflow.InfoflowConfiguration - Exceptional flow tracking is enabled
[main] INFO soot.jimple.infoflow.InfoflowConfiguration - Running with a maximum access path length of 5
[main] INFO soot.jimple.infoflow.InfoflowConfiguration - Using path-agnostic result collection
[main] INFO soot.jimple.infoflow.InfoflowConfiguration - Recursive access path shortening is enabled
[main] INFO soot.jimple.infoflow.InfoflowConfiguration - Taint analysis enabled: true
[main] INFO soot.jimple.infoflow.InfoflowConfiguration - Using alias algorithm FlowSensitive
[main] INFO soot.jimple.infoflow.memory.MemoryWarningSystem - Registered a memory warning system for 184,320 MiB
[main] INFO soot.jimple.infoflow.android.SetupApplication$InPlaceInfoflow - Callgraph construction took 0 seconds
[main] INFO soot.jimple.infoflow.codeOptimization.InterproceduralConstantValuePropagator - Removing side-effect free methods is disabled
[main] INFO soot.jimple.infoflow.android.SetupApplication$InPlaceInfoflow - Dead code elimination took 0.66579702 seconds
[main] INFO soot.jimple.infoflow.android.SetupApplication$InPlaceInfoflow - Callgraph has 15311 edges
[main] INFO soot.jimple.infoflow.android.SetupApplication$InPlaceInfoflow - Starting Taint Analysis
[main] INFO soot.jimple.infoflow.android.SetupApplication$InPlaceInfoflow - Using fine-grained garbage-collecting solver
[main] INFO soot.jimple.infoflow.android.SetupApplication$InPlaceInfoflow - Using fine-grained garbage-collecting solver
[main] INFO soot.jimple.infoflow.memory.FlowDroidTimeoutWatcher - FlowDroid timeout watcher started
[main] WARN soot.jimple.infoflow.android.SetupApplication$InPlaceInfoflow - Running with limited join point abstractions can break context-sensitive path builders
[main] INFO soot.jimple.infoflow.android.SetupApplication$InPlaceInfoflow - Looking for sources and sinks...
[main] ERROR soot.jimple.infoflow.android.source.AccessPathBasedSourceSinkManager - Constant <nya.miku.wishmaster.api.models.UrlPageModel: int type> was of unexpected type
[main] INFO soot.jimple.infoflow.android.SetupApplication$InPlaceInfoflow - Source lookup done, found 19 sources and 265 sinks.
[FlowDroid] ERROR soot.jimple.infoflow.android.source.AccessPathBasedSourceSinkManager - Constant <nya.miku.wishmaster.api.models.UrlPageModel: int type> was of unexpected type
[FlowDroid Timeout Watcher] WARN soot.jimple.infoflow.memory.FlowDroidTimeoutWatcher - Timeout reached, stopping the solvers...
[FlowDroid Timeout Watcher] INFO soot.jimple.infoflow.memory.FlowDroidTimeoutWatcher - FlowDroid timeout watcher terminated
[main] INFO soot.jimple.infoflow.solver.gcSolver.finegrain.IFDSSolver - forward end Summary size: 1994396
[main] INFO soot.jimple.infoflow.solver.gcSolver.finegrain.FineGrainedReferenceCountingGarbageCollector - GC removes 257844 abstractions
[main] INFO soot.jimple.infoflow.solver.gcSolver.finegrain.FineGrainedReferenceCountingGarbageCollector - GC removes 88364994 path edges
[main] INFO soot.jimple.infoflow.solver.gcSolver.finegrain.FineGrainedReferenceCountingGarbageCollector - Remaining Path edges count is 2625
[main] INFO soot.jimple.infoflow.solver.gcSolver.finegrain.FineGrainedReferenceCountingGarbageCollector - Recorded Maximum Path edges count is 163803
[main] INFO soot.jimple.infoflow.solver.gcSolver.finegrain.FineGrainedReferenceCountingGarbageCollector - Recorded Maximum memory consumption is 116007
[main] INFO soot.jimple.infoflow.solver.gcSolver.finegrain.FineGrainedReferenceCountingGarbageCollector - GC removes 256609 abstractions
[main] INFO soot.jimple.infoflow.solver.gcSolver.finegrain.FineGrainedReferenceCountingGarbageCollector - GC removes 696469643 path edges
[main] INFO soot.jimple.infoflow.solver.gcSolver.finegrain.FineGrainedReferenceCountingGarbageCollector - Remaining Path edges count is 590834
[main] INFO soot.jimple.infoflow.solver.gcSolver.finegrain.FineGrainedReferenceCountingGarbageCollector - Recorded Maximum Path edges count is 144814
[main] INFO soot.jimple.infoflow.solver.gcSolver.finegrain.FineGrainedReferenceCountingGarbageCollector - Recorded Maximum memory consumption is 116023
[main] INFO soot.jimple.infoflow.android.SetupApplication$InPlaceInfoflow - Taint wrapper hits: 11084499
[main] INFO soot.jimple.infoflow.android.SetupApplication$InPlaceInfoflow - Taint wrapper misses: 10942512
[main] INFO soot.jimple.infoflow.android.SetupApplication$InPlaceInfoflow - IFDS problem with 88362135 forward and 697039404 backward edges solved in 7201 seconds, processing 16 results...
[main] INFO soot.jimple.infoflow.android.SetupApplication$InPlaceInfoflow - Current memory consumption: 45789 MB
[main] INFO soot.jimple.infoflow.android.SetupApplication$InPlaceInfoflow - Memory consumption after cleanup: 807 MB
[main] INFO soot.jimple.infoflow.memory.FlowDroidTimeoutWatcher - FlowDroid timeout watcher started
[main] INFO soot.jimple.infoflow.data.pathBuilders.DefaultPathBuilderFactory$ShutdownBatchPathBuilder - Running path reconstruction batch 1 with 5 elements
[main] INFO soot.jimple.infoflow.data.pathBuilders.DefaultPathBuilderFactory$RepeatableContextSensitivePathBuilder - Obtainted 5 connections between sources and sinks
[main] INFO soot.jimple.infoflow.data.pathBuilders.DefaultPathBuilderFactory$RepeatableContextSensitivePathBuilder - Building path 1...
[main] INFO soot.jimple.infoflow.data.pathBuilders.DefaultPathBuilderFactory$RepeatableContextSensitivePathBuilder - Building path 2...
[main] INFO soot.jimple.infoflow.data.pathBuilders.DefaultPathBuilderFactory$RepeatableContextSensitivePathBuilder - Building path 3...
[main] INFO soot.jimple.infoflow.data.pathBuilders.DefaultPathBuilderFactory$RepeatableContextSensitivePathBuilder - Building path 4...
[main] INFO soot.jimple.infoflow.data.pathBuilders.DefaultPathBuilderFactory$RepeatableContextSensitivePathBuilder - Building path 5...
[main] ERROR soot.jimple.infoflow.data.pathBuilders.DefaultPathBuilderFactory$RepeatableContextSensitivePathBuilder - Could not wait for executor termination
java.lang.InterruptedException
	at java.base/java.util.concurrent.locks.AbstractQueuedSynchronizer.tryAcquireSharedNanos(AbstractQueuedSynchronizer.java:1080)
	at heros.solver.CountLatch.awaitZero(CountLatch.java:79)
	at heros.solver.CountingThreadPoolExecutor.awaitCompletion(CountingThreadPoolExecutor.java:86)
	at soot.jimple.infoflow.solver.executors.InterruptableExecutor.awaitCompletion(InterruptableExecutor.java:88)
	at soot.jimple.infoflow.data.pathBuilders.ContextSensitivePathBuilder.computeTaintPaths(ContextSensitivePathBuilder.java:232)
	at soot.jimple.infoflow.data.pathBuilders.BatchPathBuilder.computeTaintPaths(BatchPathBuilder.java:47)
	at soot.jimple.infoflow.data.pathBuilders.DefaultPathBuilderFactory$ShutdownBatchPathBuilder.computeTaintPaths(DefaultPathBuilderFactory.java:57)
	at soot.jimple.infoflow.Infoflow.runTaintAnalysis(Infoflow.java:666)
	at soot.jimple.infoflow.Infoflow.runAnalysis(Infoflow.java:316)
	at soot.jimple.infoflow.Infoflow.runAnalysis(Infoflow.java:252)
	at soot.jimple.infoflow.android.SetupApplication$InPlaceInfoflow.runAnalysis(SetupApplication.java:1292)
	at soot.jimple.infoflow.android.SetupApplication.processEntryPoint(SetupApplication.java:1542)
	at soot.jimple.infoflow.android.SetupApplication.runInfoflow(SetupApplication.java:1477)
	at soot.jimple.infoflow.android.SetupApplication.runInfoflow(SetupApplication.java:1424)
	at soot.jimple.infoflow.cmd.MainClass.run(MainClass.java:360)
	at soot.jimple.infoflow.cmd.MainClass.main(MainClass.java:254)
[main] INFO soot.jimple.infoflow.data.pathBuilders.DefaultPathBuilderFactory$ShutdownBatchPathBuilder - Running path reconstruction batch 2 with 5 elements
[main] INFO soot.jimple.infoflow.data.pathBuilders.DefaultPathBuilderFactory$RepeatableContextSensitivePathBuilder - Obtainted 5 connections between sources and sinks
[main] INFO soot.jimple.infoflow.data.pathBuilders.DefaultPathBuilderFactory$RepeatableContextSensitivePathBuilder - Building path 1...
[main] INFO soot.jimple.infoflow.data.pathBuilders.DefaultPathBuilderFactory$RepeatableContextSensitivePathBuilder - Building path 2...
[main] INFO soot.jimple.infoflow.data.pathBuilders.DefaultPathBuilderFactory$RepeatableContextSensitivePathBuilder - Building path 3...
[main] INFO soot.jimple.infoflow.data.pathBuilders.DefaultPathBuilderFactory$RepeatableContextSensitivePathBuilder - Building path 4...
[main] INFO soot.jimple.infoflow.data.pathBuilders.DefaultPathBuilderFactory$RepeatableContextSensitivePathBuilder - Building path 5...
[main] INFO soot.jimple.infoflow.data.pathBuilders.DefaultPathBuilderFactory$ShutdownBatchPathBuilder - Running path reconstruction batch 3 with 5 elements
[main] INFO soot.jimple.infoflow.data.pathBuilders.DefaultPathBuilderFactory$RepeatableContextSensitivePathBuilder - Obtainted 5 connections between sources and sinks
[main] INFO soot.jimple.infoflow.data.pathBuilders.DefaultPathBuilderFactory$RepeatableContextSensitivePathBuilder - Building path 1...
[main] INFO soot.jimple.infoflow.data.pathBuilders.DefaultPathBuilderFactory$RepeatableContextSensitivePathBuilder - Building path 2...
[main] INFO soot.jimple.infoflow.data.pathBuilders.DefaultPathBuilderFactory$RepeatableContextSensitivePathBuilder - Building path 3...
[main] INFO soot.jimple.infoflow.data.pathBuilders.DefaultPathBuilderFactory$RepeatableContextSensitivePathBuilder - Building path 4...
[main] INFO soot.jimple.infoflow.data.pathBuilders.DefaultPathBuilderFactory$RepeatableContextSensitivePathBuilder - Building path 5...
[main] INFO soot.jimple.infoflow.data.pathBuilders.DefaultPathBuilderFactory$ShutdownBatchPathBuilder - Running path reconstruction batch 4 with 1 elements
[main] INFO soot.jimple.infoflow.data.pathBuilders.DefaultPathBuilderFactory$RepeatableContextSensitivePathBuilder - Obtainted 1 connections between sources and sinks
[main] INFO soot.jimple.infoflow.data.pathBuilders.DefaultPathBuilderFactory$RepeatableContextSensitivePathBuilder - Building path 1...
[main] INFO soot.jimple.infoflow.memory.MemoryWarningSystem - Shutting down the memory warning system...
[main] INFO soot.jimple.infoflow.android.SetupApplication$InPlaceInfoflow - Memory consumption after path building: 1048 MB
[main] INFO soot.jimple.infoflow.android.SetupApplication$InPlaceInfoflow - Path reconstruction took 8 seconds
[main] INFO soot.jimple.infoflow.android.SetupApplication$InPlaceInfoflow - The sink virtualinvoke r0.<nya.miku.wishmaster.ui.posting.PostFormActivity: void startActivityForResult(android.content.Intent,int)>(r2, 2) in method <nya.miku.wishmaster.ui.posting.PostFormActivity: boolean onMenuItemSelected(int,android.view.MenuItem)> was called with values from the following sources:
[main] INFO soot.jimple.infoflow.android.SetupApplication$InPlaceInfoflow - - $r2 = interfaceinvoke $r7.<android.database.Cursor: java.lang.String getString(int)>($i0) in method <nya.miku.wishmaster.lib.UriFileUtils: java.lang.String getDataColumn(android.content.Context,android.net.Uri,java.lang.String,java.lang.String[])>
[main] INFO soot.jimple.infoflow.android.SetupApplication$InPlaceInfoflow - - $r3 = virtualinvoke r0.<nya.miku.wishmaster.ui.posting.PostFormActivity: android.view.View findViewById(int)>(2131361948) in method <nya.miku.wishmaster.ui.posting.PostFormActivity: void setViews()>
[main] INFO soot.jimple.infoflow.android.SetupApplication$InPlaceInfoflow - The sink virtualinvoke $r2.<java.io.OutputStream: void write(byte[],int,int)>($r3, 0, $i0) in method <com.esotericsoftware.kryo.io.Output: void flush()> was called with values from the following sources:
[main] INFO soot.jimple.infoflow.android.SetupApplication$InPlaceInfoflow - - $r7 = interfaceinvoke $r8.<android.database.Cursor: java.lang.String getString(int)>($i0) in method <nya.miku.wishmaster.ui.Database: nya.miku.wishmaster.ui.Database$IsHiddenDelegate getCachedIsHiddenDelegate(java.lang.String,java.lang.String,java.lang.String)>
[main] INFO soot.jimple.infoflow.android.SetupApplication$InPlaceInfoflow - The sink virtualinvoke r0.<nya.miku.wishmaster.ui.posting.PostFormActivity: android.content.ComponentName startService(android.content.Intent)>(r1) in method <nya.miku.wishmaster.ui.posting.PostFormActivity: void send()> was called with values from the following sources:
[main] INFO soot.jimple.infoflow.android.SetupApplication$InPlaceInfoflow - - $r2 = interfaceinvoke $r7.<android.database.Cursor: java.lang.String getString(int)>($i0) in method <nya.miku.wishmaster.lib.UriFileUtils: java.lang.String getDataColumn(android.content.Context,android.net.Uri,java.lang.String,java.lang.String[])>
[main] INFO soot.jimple.infoflow.android.SetupApplication$InPlaceInfoflow - - $r3 = virtualinvoke r0.<nya.miku.wishmaster.ui.posting.PostFormActivity: android.view.View findViewById(int)>(2131361948) in method <nya.miku.wishmaster.ui.posting.PostFormActivity: void setViews()>
[main] INFO soot.jimple.infoflow.android.SetupApplication$InPlaceInfoflow - The sink virtualinvoke $r5.<android.content.Context: android.content.Intent registerReceiver(android.content.BroadcastReceiver,android.content.IntentFilter)>($r1, $r2) in method <nya.miku.wishmaster.lib.ClickableToast: void show()> was called with values from the following sources:
[main] INFO soot.jimple.infoflow.android.SetupApplication$InPlaceInfoflow - - $r1 = interfaceinvoke $r7.<android.database.Cursor: java.lang.String getString(int)>($i1) in method <nya.miku.wishmaster.ui.presentation.Subscriptions$SubscriptionsDB: java.lang.String[] getSubscriptions(java.lang.String,java.lang.String,java.lang.String)>
[main] INFO soot.jimple.infoflow.android.SetupApplication$InPlaceInfoflow - The sink virtualinvoke r0.<nya.miku.wishmaster.ui.posting.PostFormActivity: void startActivityForResult(android.content.Intent,int)>(r2, 1) in method <nya.miku.wishmaster.ui.posting.PostFormActivity: boolean onMenuItemSelected(int,android.view.MenuItem)> was called with values from the following sources:
[main] INFO soot.jimple.infoflow.android.SetupApplication$InPlaceInfoflow - - $r2 = interfaceinvoke $r7.<android.database.Cursor: java.lang.String getString(int)>($i0) in method <nya.miku.wishmaster.lib.UriFileUtils: java.lang.String getDataColumn(android.content.Context,android.net.Uri,java.lang.String,java.lang.String[])>
[main] INFO soot.jimple.infoflow.android.SetupApplication$InPlaceInfoflow - - $r3 = virtualinvoke r0.<nya.miku.wishmaster.ui.posting.PostFormActivity: android.view.View findViewById(int)>(2131361948) in method <nya.miku.wishmaster.ui.posting.PostFormActivity: void setViews()>
[main] INFO soot.jimple.infoflow.android.SetupApplication$InPlaceInfoflow - Data flow solver took 7210 seconds. Maximum memory consumption: 45789 MB
[main] INFO soot.jimple.infoflow.android.SetupApplication - Found 5 leaks
