[main] INFO soot.jimple.infoflow.cmd.MainClass - Analyzing app /home/dongjie/CleanPathEdge/artifacts/benchmarks/sparsedroidBenchmark/com.nianticlabs.pokemongo_0.139.3.apk (1 of 1)...
[main] INFO soot.jimple.infoflow.android.SetupApplication - Initializing Soot...
[main] INFO soot.jimple.infoflow.android.SetupApplication - Loading dex files...
[main] INFO soot.jimple.infoflow.android.SetupApplication - ARSC file parsing took 0.047243798 seconds
[main] INFO soot.jimple.infoflow.memory.MemoryWarningSystem - Registered a memory warning system for 184,320 MiB
[main] INFO soot.jimple.infoflow.android.entryPointCreators.AndroidEntryPointCreator - Creating Android entry point for 36 components...
[main] WARN soot.jimple.infoflow.android.entryPointCreators.AndroidEntryPointCreator - Cannot generate constructor for phantom class android.support.multidex.MultiDexApplication
[main] INFO soot.jimple.infoflow.android.SetupApplication - Constructing the callgraph...
[main] WARN soot.jimple.infoflow.android.resources.LayoutFileParser - Layout class com.appboy.ui.inappmessage.AppboyInAppMessageSimpleDraweeView is not derived from android.view.View
[main] INFO soot.jimple.infoflow.android.callbacks.DefaultCallbackAnalyzer - Collecting callbacks in DEFAULT mode...
[main] INFO soot.jimple.infoflow.android.callbacks.DefaultCallbackAnalyzer - Callback analysis done.
[main] WARN soot.jimple.infoflow.android.resources.LayoutFileParser - Layout class com.appboy.ui.inappmessage.AppboyInAppMessageSimpleDraweeView is not derived from android.view.View
[main] INFO soot.jimple.infoflow.android.entryPointCreators.AndroidEntryPointCreator - Creating Android entry point for 36 components...
[main] WARN soot.jimple.infoflow.android.entryPointCreators.components.ActivityEntryPointCreator - Cannot create valid constructor for com.appboy.models.IInAppMessage, because it is an interface and cannot substitute with subclass
[main] WARN soot.jimple.infoflow.android.entryPointCreators.components.ActivityEntryPointCreator - Cannot create valid constructor for com.appboy.ui.inappmessage.listeners.IInAppMessageViewLifecycleListener, because it is an interface and cannot substitute with subclass
[main] WARN soot.jimple.infoflow.android.entryPointCreators.components.ActivityEntryPointCreator - Cannot create valid constructor for com.appboy.ui.inappmessage.listeners.SwipeDismissTouchListener$DismissCallbacks, because it is an interface and cannot substitute with subclass
[main] WARN soot.jimple.infoflow.android.entryPointCreators.components.ActivityEntryPointCreator - Cannot create valid constructor for com.appboy.ui.inappmessage.listeners.SwipeDismissTouchListener$DismissCallbacks, because it is an interface and cannot substitute with subclass
[main] WARN soot.jimple.infoflow.android.entryPointCreators.components.ActivityEntryPointCreator - Cannot create valid constructor for com.appboy.models.IInAppMessage, because it is an interface and cannot substitute with subclass
[main] WARN soot.jimple.infoflow.android.entryPointCreators.components.ActivityEntryPointCreator - Cannot create valid constructor for com.appboy.ui.inappmessage.listeners.IInAppMessageViewLifecycleListener, because it is an interface and cannot substitute with subclass
[main] WARN soot.jimple.infoflow.android.entryPointCreators.components.ActivityEntryPointCreator - Cannot create valid constructor for com.appboy.models.IInAppMessage, because it is an interface and cannot substitute with subclass
[main] WARN soot.jimple.infoflow.android.entryPointCreators.components.ActivityEntryPointCreator - Cannot create valid constructor for com.appboy.ui.inappmessage.listeners.IInAppMessageViewLifecycleListener, because it is an interface and cannot substitute with subclass
[main] WARN soot.jimple.infoflow.android.entryPointCreators.components.ActivityEntryPointCreator - Cannot create valid constructor for com.appboy.ui.inappmessage.listeners.SwipeDismissTouchListener$DismissCallbacks, because it is an interface and cannot substitute with subclass
[main] WARN soot.jimple.infoflow.android.entryPointCreators.components.ActivityEntryPointCreator - Cannot create valid constructor for com.appboy.models.IInAppMessage, because it is an interface and cannot substitute with subclass
[main] WARN soot.jimple.infoflow.android.entryPointCreators.components.ActivityEntryPointCreator - Cannot create valid constructor for com.appboy.ui.inappmessage.listeners.IInAppMessageViewLifecycleListener, because it is an interface and cannot substitute with subclass
[main] WARN soot.jimple.infoflow.android.entryPointCreators.components.ActivityEntryPointCreator - Cannot create valid constructor for com.appboy.ui.inappmessage.listeners.SwipeDismissTouchListener$DismissCallbacks, because it is an interface and cannot substitute with subclass
[main] INFO soot.jimple.infoflow.android.SetupApplication - Constructing the callgraph...
[main] WARN soot.jimple.infoflow.android.resources.LayoutFileParser - Layout class com.appboy.ui.inappmessage.AppboyInAppMessageSimpleDraweeView is not derived from android.view.View
[main] INFO soot.jimple.infoflow.android.callbacks.DefaultCallbackAnalyzer - Running incremental callback analysis for 39 components...
[main] INFO soot.jimple.infoflow.android.callbacks.DefaultCallbackAnalyzer - Incremental callback analysis done.
[main] INFO soot.jimple.infoflow.android.entryPointCreators.AndroidEntryPointCreator - Creating Android entry point for 36 components...
[main] WARN soot.jimple.infoflow.android.entryPointCreators.components.ActivityEntryPointCreator - Cannot create valid constructor for com.appboy.models.IInAppMessage, because it is an interface and cannot substitute with subclass
[main] WARN soot.jimple.infoflow.android.entryPointCreators.components.ActivityEntryPointCreator - Cannot create valid constructor for com.appboy.ui.inappmessage.listeners.IInAppMessageViewLifecycleListener, because it is an interface and cannot substitute with subclass
[main] WARN soot.jimple.infoflow.android.entryPointCreators.components.ActivityEntryPointCreator - Cannot create valid constructor for com.appboy.ui.inappmessage.listeners.SwipeDismissTouchListener$DismissCallbacks, because it is an interface and cannot substitute with subclass
[main] WARN soot.jimple.infoflow.android.entryPointCreators.components.ActivityEntryPointCreator - Cannot create valid constructor for com.appboy.models.IInAppMessage, because it is an interface and cannot substitute with subclass
[main] WARN soot.jimple.infoflow.android.entryPointCreators.components.ActivityEntryPointCreator - Cannot create valid constructor for com.appboy.ui.inappmessage.listeners.IInAppMessageViewLifecycleListener, because it is an interface and cannot substitute with subclass
[main] WARN soot.jimple.infoflow.android.entryPointCreators.components.ActivityEntryPointCreator - Cannot create valid constructor for com.appboy.ui.inappmessage.listeners.SwipeDismissTouchListener$DismissCallbacks, because it is an interface and cannot substitute with subclass
[main] WARN soot.jimple.infoflow.android.entryPointCreators.components.ActivityEntryPointCreator - Cannot create valid constructor for com.appboy.models.IInAppMessage, because it is an interface and cannot substitute with subclass
[main] WARN soot.jimple.infoflow.android.entryPointCreators.components.ActivityEntryPointCreator - Cannot create valid constructor for com.appboy.ui.inappmessage.listeners.IInAppMessageViewLifecycleListener, because it is an interface and cannot substitute with subclass
[main] WARN soot.jimple.infoflow.android.entryPointCreators.components.ActivityEntryPointCreator - Cannot create valid constructor for com.appboy.ui.inappmessage.listeners.SwipeDismissTouchListener$DismissCallbacks, because it is an interface and cannot substitute with subclass
[main] WARN soot.jimple.infoflow.android.entryPointCreators.components.ActivityEntryPointCreator - Cannot create valid constructor for com.appboy.models.IInAppMessage, because it is an interface and cannot substitute with subclass
[main] WARN soot.jimple.infoflow.android.entryPointCreators.components.ActivityEntryPointCreator - Cannot create valid constructor for com.appboy.ui.inappmessage.listeners.IInAppMessageViewLifecycleListener, because it is an interface and cannot substitute with subclass
[main] WARN soot.jimple.infoflow.android.entryPointCreators.components.ActivityEntryPointCreator - Cannot create valid constructor for com.appboy.ui.inappmessage.listeners.SwipeDismissTouchListener$DismissCallbacks, because it is an interface and cannot substitute with subclass
[main] INFO soot.jimple.infoflow.android.SetupApplication - Constructing the callgraph...
[main] WARN soot.jimple.infoflow.android.resources.LayoutFileParser - Layout class com.appboy.ui.inappmessage.AppboyInAppMessageSimpleDraweeView is not derived from android.view.View
[main] INFO soot.jimple.infoflow.android.callbacks.DefaultCallbackAnalyzer - Running incremental callback analysis for 15 components...
[main] INFO soot.jimple.infoflow.android.callbacks.DefaultCallbackAnalyzer - Incremental callback analysis done.
[main] INFO soot.jimple.infoflow.android.entryPointCreators.AndroidEntryPointCreator - Creating Android entry point for 36 components...
[main] WARN soot.jimple.infoflow.android.entryPointCreators.components.ActivityEntryPointCreator - Cannot create valid constructor for com.appboy.models.IInAppMessage, because it is an interface and cannot substitute with subclass
[main] WARN soot.jimple.infoflow.android.entryPointCreators.components.ActivityEntryPointCreator - Cannot create valid constructor for com.appboy.ui.inappmessage.listeners.IInAppMessageViewLifecycleListener, because it is an interface and cannot substitute with subclass
[main] WARN soot.jimple.infoflow.android.entryPointCreators.components.ActivityEntryPointCreator - Cannot create valid constructor for com.appboy.ui.inappmessage.listeners.SwipeDismissTouchListener$DismissCallbacks, because it is an interface and cannot substitute with subclass
[main] WARN soot.jimple.infoflow.android.entryPointCreators.components.ActivityEntryPointCreator - Cannot create valid constructor for com.appboy.models.IInAppMessage, because it is an interface and cannot substitute with subclass
[main] WARN soot.jimple.infoflow.android.entryPointCreators.components.ActivityEntryPointCreator - Cannot create valid constructor for com.appboy.ui.inappmessage.listeners.IInAppMessageViewLifecycleListener, because it is an interface and cannot substitute with subclass
[main] WARN soot.jimple.infoflow.android.entryPointCreators.components.ActivityEntryPointCreator - Cannot create valid constructor for com.appboy.ui.inappmessage.listeners.SwipeDismissTouchListener$DismissCallbacks, because it is an interface and cannot substitute with subclass
[main] WARN soot.jimple.infoflow.android.entryPointCreators.components.ActivityEntryPointCreator - Cannot create valid constructor for com.appboy.models.IInAppMessage, because it is an interface and cannot substitute with subclass
[main] WARN soot.jimple.infoflow.android.entryPointCreators.components.ActivityEntryPointCreator - Cannot create valid constructor for com.appboy.ui.inappmessage.listeners.IInAppMessageViewLifecycleListener, because it is an interface and cannot substitute with subclass
[main] WARN soot.jimple.infoflow.android.entryPointCreators.components.ActivityEntryPointCreator - Cannot create valid constructor for com.appboy.ui.inappmessage.listeners.SwipeDismissTouchListener$DismissCallbacks, because it is an interface and cannot substitute with subclass
[main] WARN soot.jimple.infoflow.android.entryPointCreators.components.ActivityEntryPointCreator - Cannot create valid constructor for com.appboy.models.IInAppMessage, because it is an interface and cannot substitute with subclass
[main] WARN soot.jimple.infoflow.android.entryPointCreators.components.ActivityEntryPointCreator - Cannot create valid constructor for com.appboy.ui.inappmessage.listeners.IInAppMessageViewLifecycleListener, because it is an interface and cannot substitute with subclass
[main] WARN soot.jimple.infoflow.android.entryPointCreators.components.ActivityEntryPointCreator - Cannot create valid constructor for com.appboy.ui.inappmessage.listeners.SwipeDismissTouchListener$DismissCallbacks, because it is an interface and cannot substitute with subclass
[main] INFO soot.jimple.infoflow.android.SetupApplication - Constructing the callgraph...
[main] WARN soot.jimple.infoflow.android.resources.LayoutFileParser - Layout class com.appboy.ui.inappmessage.AppboyInAppMessageSimpleDraweeView is not derived from android.view.View
[main] INFO soot.jimple.infoflow.android.callbacks.DefaultCallbackAnalyzer - Running incremental callback analysis for 3 components...
[main] INFO soot.jimple.infoflow.android.callbacks.DefaultCallbackAnalyzer - Incremental callback analysis done.
[main] INFO soot.jimple.infoflow.android.entryPointCreators.AndroidEntryPointCreator - Creating Android entry point for 36 components...
[main] WARN soot.jimple.infoflow.android.entryPointCreators.components.ActivityEntryPointCreator - Cannot create valid constructor for com.appboy.models.IInAppMessage, because it is an interface and cannot substitute with subclass
[main] WARN soot.jimple.infoflow.android.entryPointCreators.components.ActivityEntryPointCreator - Cannot create valid constructor for com.appboy.ui.inappmessage.listeners.IInAppMessageViewLifecycleListener, because it is an interface and cannot substitute with subclass
[main] WARN soot.jimple.infoflow.android.entryPointCreators.components.ActivityEntryPointCreator - Cannot create valid constructor for com.appboy.ui.inappmessage.listeners.SwipeDismissTouchListener$DismissCallbacks, because it is an interface and cannot substitute with subclass
[main] WARN soot.jimple.infoflow.android.entryPointCreators.components.ActivityEntryPointCreator - Cannot create valid constructor for com.appboy.models.IInAppMessage, because it is an interface and cannot substitute with subclass
[main] WARN soot.jimple.infoflow.android.entryPointCreators.components.ActivityEntryPointCreator - Cannot create valid constructor for com.appboy.ui.inappmessage.listeners.IInAppMessageViewLifecycleListener, because it is an interface and cannot substitute with subclass
[main] WARN soot.jimple.infoflow.android.entryPointCreators.components.ActivityEntryPointCreator - Cannot create valid constructor for com.appboy.ui.inappmessage.listeners.SwipeDismissTouchListener$DismissCallbacks, because it is an interface and cannot substitute with subclass
[main] WARN soot.jimple.infoflow.android.entryPointCreators.components.ActivityEntryPointCreator - Cannot create valid constructor for com.appboy.models.IInAppMessage, because it is an interface and cannot substitute with subclass
[main] WARN soot.jimple.infoflow.android.entryPointCreators.components.ActivityEntryPointCreator - Cannot create valid constructor for com.appboy.ui.inappmessage.listeners.IInAppMessageViewLifecycleListener, because it is an interface and cannot substitute with subclass
[main] WARN soot.jimple.infoflow.android.entryPointCreators.components.ActivityEntryPointCreator - Cannot create valid constructor for com.appboy.ui.inappmessage.listeners.SwipeDismissTouchListener$DismissCallbacks, because it is an interface and cannot substitute with subclass
[main] WARN soot.jimple.infoflow.android.entryPointCreators.components.ActivityEntryPointCreator - Cannot create valid constructor for com.appboy.models.IInAppMessage, because it is an interface and cannot substitute with subclass
[main] WARN soot.jimple.infoflow.android.entryPointCreators.components.ActivityEntryPointCreator - Cannot create valid constructor for com.appboy.ui.inappmessage.listeners.IInAppMessageViewLifecycleListener, because it is an interface and cannot substitute with subclass
[main] WARN soot.jimple.infoflow.android.entryPointCreators.components.ActivityEntryPointCreator - Cannot create valid constructor for com.appboy.ui.inappmessage.listeners.SwipeDismissTouchListener$DismissCallbacks, because it is an interface and cannot substitute with subclass
[main] INFO soot.jimple.infoflow.android.SetupApplication - Constructing the callgraph...
[main] WARN soot.jimple.infoflow.android.resources.LayoutFileParser - Layout class com.appboy.ui.inappmessage.AppboyInAppMessageSimpleDraweeView is not derived from android.view.View
[main] INFO soot.jimple.infoflow.android.callbacks.DefaultCallbackAnalyzer - Running incremental callback analysis for 0 components...
[main] INFO soot.jimple.infoflow.android.callbacks.DefaultCallbackAnalyzer - Incremental callback analysis done.
[main] INFO soot.jimple.infoflow.memory.MemoryWarningSystem - Shutting down the memory warning system...
[main] INFO soot.jimple.infoflow.android.SetupApplication - Callback analysis terminated normally
[main] INFO soot.jimple.infoflow.android.SetupApplication - Entry point calculation done.
[main] WARN soot.jimple.infoflow.android.data.parsers.PermissionMethodParser - Line does not match: <org.springframework.web.servlet.tags.UrlTag: java.lang.String createUrl)> -> _SINK_
[main] WARN soot.jimple.infoflow.android.data.parsers.PermissionMethodParser - Line does not match: <org.springframework.orm.hibernate3.support.ClobStringType: int[] sqlTypes)> -> _SINK_
[main] WARN soot.jimple.infoflow.android.data.parsers.PermissionMethodParser - Line does not match: <org.springframework.security.config.http.CsrfBeanDefinitionParser: org.springframework.beans.factory.config.BeanDefinition getCsrfLogoutHandler)> -> _SOURCE_
[main] WARN soot.jimple.infoflow.android.data.parsers.PermissionMethodParser - Line does not match: <java.io.File: java.io.File getAbsoluteFile)> -> _SOURCE_
[main] WARN soot.jimple.infoflow.android.data.parsers.PermissionMethodParser - Line does not match: <org.springframework.security.config.http.FormLoginBeanDefinitionParser: java.lang.String getLoginPage)> -> _SOURCE_
[main] WARN soot.jimple.infoflow.android.data.parsers.PermissionMethodParser - Line does not match: <com.google.auth.oauth2.UserCredentials: java.lang.String getClientSecret)> -> _SOURCE_
[main] WARN soot.jimple.infoflow.android.data.parsers.PermissionMethodParser - Line does not match: <org.springframework.web.servlet.tags.UrlTag: java.lang.String createUrl)> -> _SOURCE_
[main] WARN soot.jimple.infoflow.android.data.parsers.PermissionMethodParser - Line does not match: <java.io.File: java.io.File getCanonicalFile)> -> _SOURCE_
[main] WARN soot.jimple.infoflow.android.data.parsers.PermissionMethodParser - Line does not match: <org.apache.xmlrpc.webserver.RequestData: java.lang.String getMethod)> -> _SOURCE_
[main] WARN soot.jimple.infoflow.android.data.parsers.PermissionMethodParser - Line does not match: <org.dmfs.oauth2.client.http.requests.ResourceOwnerPasswordTokenRequest: org.dmfs.httpclient.HttpRequestEntity requestEntity)> -> _SOURCE_
[main] WARN soot.jimple.infoflow.android.data.parsers.PermissionMethodParser - Line does not match: <org.springframework.security.concurrent.DelegatingSecurityContextExecutorService: java.util.concurrent.ExecutorService getDelegate)> -> _SOURCE_
[main] WARN soot.jimple.infoflow.android.data.parsers.PermissionMethodParser - Line does not match: <org.springframework.security.config.annotation.web.builders.HttpSecurity: org.springframework.security.config.'annotation'.web.configurers.HeadersConfigurer headers)> -> _SOURCE_
[main] WARN soot.jimple.infoflow.android.data.parsers.PermissionMethodParser - Line does not match: <org.springframework.web.servlet.tags.EscapeBodyTag: java.lang.String readBodyContent)> -> _SOURCE_
[main] WARN soot.jimple.infoflow.android.data.parsers.PermissionMethodParser - Line does not match: <org.springframework.security.config.http.FormLoginBeanDefinitionParser: java.lang.String getLoginProcessingUrl)> -> _SOURCE_
[main] WARN soot.jimple.infoflow.android.data.parsers.PermissionMethodParser - Line does not match: <org.springframework.security.config.annotation.web.configurers.LogoutConfigurer: java.util.List getLogoutHandlers)> -> _SOURCE_
[main] WARN soot.jimple.infoflow.android.data.parsers.PermissionMethodParser - Line does not match: <org.apache.xmlrpc.webserver.RequestData: java.lang.String getHttpVersion)> -> _SOURCE_
[main] WARN soot.jimple.infoflow.android.data.parsers.PermissionMethodParser - Line does not match: <com.google.auth.oauth2.DefaultCredentialsProvider: java.io.File getWellKnownCredentialsFile)> -> _SOURCE_
[main] WARN soot.jimple.infoflow.android.data.parsers.PermissionMethodParser - Line does not match: <org.apache.xmlrpc.webserver.HttpServletRequestImpl: void parseParameters)> -> _SOURCE_
[main] WARN soot.jimple.infoflow.android.data.parsers.PermissionMethodParser - Line does not match:     
[main] INFO soot.jimple.infoflow.android.source.AccessPathBasedSourceSinkManager - Created a SourceSinkManager with 68 sources, 194 sinks, and 185 callback methods.
[main] INFO soot.jimple.infoflow.android.SetupApplication - Collecting callbacks and building a callgraph took 42 seconds
[main] INFO soot.jimple.infoflow.android.SetupApplication - Running data flow analysis on /home/dongjie/CleanPathEdge/artifacts/benchmarks/sparsedroidBenchmark/com.nianticlabs.pokemongo_0.139.3.apk with 68 sources and 194 sinks...
[main] INFO soot.jimple.infoflow.InfoflowConfiguration - Implicit flow tracking is NOT enabled
[main] INFO soot.jimple.infoflow.InfoflowConfiguration - Exceptional flow tracking is enabled
[main] INFO soot.jimple.infoflow.InfoflowConfiguration - Running with a maximum access path length of 5
[main] INFO soot.jimple.infoflow.InfoflowConfiguration - Using path-agnostic result collection
[main] INFO soot.jimple.infoflow.InfoflowConfiguration - Recursive access path shortening is enabled
[main] INFO soot.jimple.infoflow.InfoflowConfiguration - Taint analysis enabled: true
[main] INFO soot.jimple.infoflow.InfoflowConfiguration - Using alias algorithm FlowSensitive
[main] INFO soot.jimple.infoflow.memory.MemoryWarningSystem - Registered a memory warning system for 184,320 MiB
[main] INFO soot.jimple.infoflow.android.SetupApplication$InPlaceInfoflow - Callgraph construction took 0 seconds
[main] INFO soot.jimple.infoflow.codeOptimization.InterproceduralConstantValuePropagator - Removing side-effect free methods is disabled
[main] INFO soot.jimple.infoflow.android.SetupApplication$InPlaceInfoflow - Dead code elimination took 0.94776473 seconds
[main] INFO soot.jimple.infoflow.android.SetupApplication$InPlaceInfoflow - Callgraph has 24566 edges
[main] INFO soot.jimple.infoflow.android.SetupApplication$InPlaceInfoflow - Starting Taint Analysis
[main] INFO soot.jimple.infoflow.android.SetupApplication$InPlaceInfoflow - Using context- and flow-sensitive solver
[main] INFO soot.jimple.infoflow.android.SetupApplication$InPlaceInfoflow - Using context- and flow-sensitive solver
[main] INFO soot.jimple.infoflow.memory.FlowDroidTimeoutWatcher - FlowDroid timeout watcher started
[main] WARN soot.jimple.infoflow.android.SetupApplication$InPlaceInfoflow - Running with limited join point abstractions can break context-sensitive path builders
[main] INFO soot.jimple.infoflow.android.SetupApplication$InPlaceInfoflow - Looking for sources and sinks...
[main] INFO soot.jimple.infoflow.android.SetupApplication$InPlaceInfoflow - Source lookup done, found 85 sources and 350 sinks.
[FlowDroid Timeout Watcher] WARN soot.jimple.infoflow.memory.FlowDroidTimeoutWatcher - Timeout reached, stopping the solvers...
[main] INFO soot.jimple.infoflow.android.SetupApplication$InPlaceInfoflow - Taint wrapper hits: 28989065
[main] INFO soot.jimple.infoflow.android.SetupApplication$InPlaceInfoflow - Taint wrapper misses: 28912929
[main] INFO soot.jimple.infoflow.android.SetupApplication$InPlaceInfoflow - IFDS problem with 165124756 forward and 133107129 backward edges solved in 7201 seconds, processing 22 results...
[main] INFO soot.jimple.infoflow.android.SetupApplication$InPlaceInfoflow - Current memory consumption: 90757 MB
[FlowDroid Timeout Watcher] INFO soot.jimple.infoflow.memory.FlowDroidTimeoutWatcher - FlowDroid timeout watcher terminated
[main] INFO soot.jimple.infoflow.android.SetupApplication$InPlaceInfoflow - Memory consumption after cleanup: 877 MB
[main] INFO soot.jimple.infoflow.memory.FlowDroidTimeoutWatcher - FlowDroid timeout watcher started
[main] INFO soot.jimple.infoflow.data.pathBuilders.DefaultPathBuilderFactory$ShutdownBatchPathBuilder - Running path reconstruction batch 1 with 5 elements
[main] INFO soot.jimple.infoflow.data.pathBuilders.DefaultPathBuilderFactory$RepeatableContextSensitivePathBuilder - Obtainted 5 connections between sources and sinks
[main] INFO soot.jimple.infoflow.data.pathBuilders.DefaultPathBuilderFactory$RepeatableContextSensitivePathBuilder - Building path 1...
[main] INFO soot.jimple.infoflow.data.pathBuilders.DefaultPathBuilderFactory$RepeatableContextSensitivePathBuilder - Building path 2...
[main] INFO soot.jimple.infoflow.data.pathBuilders.DefaultPathBuilderFactory$RepeatableContextSensitivePathBuilder - Building path 3...
[main] INFO soot.jimple.infoflow.data.pathBuilders.DefaultPathBuilderFactory$RepeatableContextSensitivePathBuilder - Building path 4...
[main] INFO soot.jimple.infoflow.data.pathBuilders.DefaultPathBuilderFactory$RepeatableContextSensitivePathBuilder - Building path 5...
[main] ERROR soot.jimple.infoflow.data.pathBuilders.DefaultPathBuilderFactory$RepeatableContextSensitivePathBuilder - Could not wait for executor termination
java.lang.InterruptedException
	at java.base/java.util.concurrent.locks.AbstractQueuedSynchronizer.tryAcquireSharedNanos(AbstractQueuedSynchronizer.java:1367)
	at heros.solver.CountLatch.awaitZero(CountLatch.java:79)
	at heros.solver.CountingThreadPoolExecutor.awaitCompletion(CountingThreadPoolExecutor.java:86)
	at soot.jimple.infoflow.solver.executors.InterruptableExecutor.awaitCompletion(InterruptableExecutor.java:88)
	at soot.jimple.infoflow.data.pathBuilders.ContextSensitivePathBuilder.computeTaintPaths(ContextSensitivePathBuilder.java:232)
	at soot.jimple.infoflow.data.pathBuilders.BatchPathBuilder.computeTaintPaths(BatchPathBuilder.java:47)
	at soot.jimple.infoflow.data.pathBuilders.DefaultPathBuilderFactory$ShutdownBatchPathBuilder.computeTaintPaths(DefaultPathBuilderFactory.java:57)
	at soot.jimple.infoflow.Infoflow.runTaintAnalysis(Infoflow.java:666)
	at soot.jimple.infoflow.Infoflow.runAnalysis(Infoflow.java:316)
	at soot.jimple.infoflow.Infoflow.runAnalysis(Infoflow.java:252)
	at soot.jimple.infoflow.android.SetupApplication$InPlaceInfoflow.runAnalysis(SetupApplication.java:1292)
	at soot.jimple.infoflow.android.SetupApplication.processEntryPoint(SetupApplication.java:1542)
	at soot.jimple.infoflow.android.SetupApplication.runInfoflow(SetupApplication.java:1477)
	at soot.jimple.infoflow.android.SetupApplication.runInfoflow(SetupApplication.java:1424)
	at soot.jimple.infoflow.cmd.MainClass.run(MainClass.java:360)
	at soot.jimple.infoflow.cmd.MainClass.main(MainClass.java:254)
[main] INFO soot.jimple.infoflow.data.pathBuilders.DefaultPathBuilderFactory$ShutdownBatchPathBuilder - Running path reconstruction batch 2 with 5 elements
[main] INFO soot.jimple.infoflow.data.pathBuilders.DefaultPathBuilderFactory$RepeatableContextSensitivePathBuilder - Obtainted 5 connections between sources and sinks
[main] INFO soot.jimple.infoflow.data.pathBuilders.DefaultPathBuilderFactory$RepeatableContextSensitivePathBuilder - Building path 1...
[main] INFO soot.jimple.infoflow.data.pathBuilders.DefaultPathBuilderFactory$RepeatableContextSensitivePathBuilder - Building path 2...
[main] INFO soot.jimple.infoflow.data.pathBuilders.DefaultPathBuilderFactory$RepeatableContextSensitivePathBuilder - Building path 3...
[main] INFO soot.jimple.infoflow.data.pathBuilders.DefaultPathBuilderFactory$RepeatableContextSensitivePathBuilder - Building path 4...
[main] INFO soot.jimple.infoflow.data.pathBuilders.DefaultPathBuilderFactory$RepeatableContextSensitivePathBuilder - Building path 5...
[main] INFO soot.jimple.infoflow.data.pathBuilders.DefaultPathBuilderFactory$ShutdownBatchPathBuilder - Running path reconstruction batch 3 with 5 elements
[main] INFO soot.jimple.infoflow.data.pathBuilders.DefaultPathBuilderFactory$RepeatableContextSensitivePathBuilder - Obtainted 5 connections between sources and sinks
[main] INFO soot.jimple.infoflow.data.pathBuilders.DefaultPathBuilderFactory$RepeatableContextSensitivePathBuilder - Building path 1...
[main] INFO soot.jimple.infoflow.data.pathBuilders.DefaultPathBuilderFactory$RepeatableContextSensitivePathBuilder - Building path 2...
[main] INFO soot.jimple.infoflow.data.pathBuilders.DefaultPathBuilderFactory$RepeatableContextSensitivePathBuilder - Building path 3...
[main] INFO soot.jimple.infoflow.data.pathBuilders.DefaultPathBuilderFactory$RepeatableContextSensitivePathBuilder - Building path 4...
[main] INFO soot.jimple.infoflow.data.pathBuilders.DefaultPathBuilderFactory$RepeatableContextSensitivePathBuilder - Building path 5...
[main] INFO soot.jimple.infoflow.data.pathBuilders.DefaultPathBuilderFactory$ShutdownBatchPathBuilder - Running path reconstruction batch 4 with 5 elements
[main] INFO soot.jimple.infoflow.data.pathBuilders.DefaultPathBuilderFactory$RepeatableContextSensitivePathBuilder - Obtainted 5 connections between sources and sinks
[main] INFO soot.jimple.infoflow.data.pathBuilders.DefaultPathBuilderFactory$RepeatableContextSensitivePathBuilder - Building path 1...
[main] INFO soot.jimple.infoflow.data.pathBuilders.DefaultPathBuilderFactory$RepeatableContextSensitivePathBuilder - Building path 2...
[main] INFO soot.jimple.infoflow.data.pathBuilders.DefaultPathBuilderFactory$RepeatableContextSensitivePathBuilder - Building path 3...
[main] INFO soot.jimple.infoflow.data.pathBuilders.DefaultPathBuilderFactory$RepeatableContextSensitivePathBuilder - Building path 4...
[main] INFO soot.jimple.infoflow.data.pathBuilders.DefaultPathBuilderFactory$RepeatableContextSensitivePathBuilder - Building path 5...
[main] INFO soot.jimple.infoflow.data.pathBuilders.DefaultPathBuilderFactory$ShutdownBatchPathBuilder - Running path reconstruction batch 5 with 2 elements
[main] INFO soot.jimple.infoflow.data.pathBuilders.DefaultPathBuilderFactory$RepeatableContextSensitivePathBuilder - Obtainted 2 connections between sources and sinks
[main] INFO soot.jimple.infoflow.data.pathBuilders.DefaultPathBuilderFactory$RepeatableContextSensitivePathBuilder - Building path 1...
[main] INFO soot.jimple.infoflow.data.pathBuilders.DefaultPathBuilderFactory$RepeatableContextSensitivePathBuilder - Building path 2...
[main] INFO soot.jimple.infoflow.memory.MemoryWarningSystem - Shutting down the memory warning system...
[main] INFO soot.jimple.infoflow.android.SetupApplication$InPlaceInfoflow - Memory consumption after path building: 1461 MB
[main] INFO soot.jimple.infoflow.android.SetupApplication$InPlaceInfoflow - Path reconstruction took 7 seconds
[main] INFO soot.jimple.infoflow.android.SetupApplication$InPlaceInfoflow - The sink virtualinvoke r7.<java.io.FileOutputStream: void write(byte[],int,int)>(r1, 0, $i3) in method <com.helpshift.android.commons.downloader.DownloadRunnable: void run()> was called with values from the following sources:
[main] INFO soot.jimple.infoflow.android.SetupApplication$InPlaceInfoflow - - $r39 = virtualinvoke $r66.<java.net.HttpURLConnection: java.io.InputStream getInputStream()>() in method <com.helpshift.android.commons.downloader.DownloadRunnable: void run()>
[main] INFO soot.jimple.infoflow.android.SetupApplication$InPlaceInfoflow - The sink staticinvoke <android.util.Log: int e(java.lang.String,java.lang.String)>($r1, $r6) in method <com.helpshift.logger.Logger: void e(java.lang.String,java.lang.String,java.lang.Throwable[],com.helpshift.logger.logmodels.ILogExtrasModel[])> was called with values from the following sources:
[main] INFO soot.jimple.infoflow.android.SetupApplication$InPlaceInfoflow - - $d0 = virtualinvoke $r1.<android.location.Location: double getLongitude()>() in method <com.helpshift.util.LocationUtil: android.location.Location sanitizeLocation(android.location.Location)>
[main] INFO soot.jimple.infoflow.android.SetupApplication$InPlaceInfoflow - - $r8 = interfaceinvoke $r7.<android.database.Cursor: java.lang.String getString(int)>($i0) in method <com.helpshift.support.widget.ImagePicker: java.io.File getImageFileFromMediaStorage(android.net.Uri)>
[main] INFO soot.jimple.infoflow.android.SetupApplication$InPlaceInfoflow - - $r8 = interfaceinvoke $r5.<android.database.Cursor: java.lang.String getString(int)>($i0) in method <com.helpshift.support.widget.ImagePicker: com.helpshift.conversation.dto.ImagePickerFile createImagePickerFileFromUri(android.net.Uri)>
[main] INFO soot.jimple.infoflow.android.SetupApplication$InPlaceInfoflow - - $d0 = virtualinvoke $r1.<android.location.Location: double getLatitude()>() in method <com.helpshift.util.LocationUtil: android.location.Location sanitizeLocation(android.location.Location)>
[main] INFO soot.jimple.infoflow.android.SetupApplication$InPlaceInfoflow - The sink staticinvoke <android.util.Log: int e(java.lang.String,java.lang.String)>($r1, $r7) in method <com.helpshift.logger.Logger: void f(java.lang.String,java.lang.String,java.lang.Throwable[],com.helpshift.logger.logmodels.ILogExtrasModel[])> was called with values from the following sources:
[main] INFO soot.jimple.infoflow.android.SetupApplication$InPlaceInfoflow - - $d0 = virtualinvoke $r1.<android.location.Location: double getLongitude()>() in method <com.helpshift.util.LocationUtil: android.location.Location sanitizeLocation(android.location.Location)>
[main] INFO soot.jimple.infoflow.android.SetupApplication$InPlaceInfoflow - - $r1 = interfaceinvoke $r7.<android.database.Cursor: java.lang.String getString(int)>($i0) in method <com.helpshift.account.dao.UserDB: java.lang.String fetchLegacyAnalyticsEventId(java.lang.String)>
[main] INFO soot.jimple.infoflow.android.SetupApplication$InPlaceInfoflow - - $r8 = interfaceinvoke $r7.<android.database.Cursor: java.lang.String getString(int)>($i0) in method <com.helpshift.support.widget.ImagePicker: java.io.File getImageFileFromMediaStorage(android.net.Uri)>
[main] INFO soot.jimple.infoflow.android.SetupApplication$InPlaceInfoflow - - $r9 = interfaceinvoke $r1.<android.database.Cursor: java.lang.String getString(int)>($i3) in method <com.helpshift.common.conversation.ConversationDB: com.helpshift.conversation.dto.dao.ConversationInboxRecord cursorToConversationInboxRecord(android.database.Cursor)>
[main] INFO soot.jimple.infoflow.android.SetupApplication$InPlaceInfoflow - - $r8 = interfaceinvoke $r5.<android.database.Cursor: java.lang.String getString(int)>($i0) in method <com.helpshift.support.widget.ImagePicker: com.helpshift.conversation.dto.ImagePickerFile createImagePickerFileFromUri(android.net.Uri)>
[main] INFO soot.jimple.infoflow.android.SetupApplication$InPlaceInfoflow - - $d0 = virtualinvoke $r1.<android.location.Location: double getLatitude()>() in method <com.helpshift.util.LocationUtil: android.location.Location sanitizeLocation(android.location.Location)>
[main] INFO soot.jimple.infoflow.android.SetupApplication$InPlaceInfoflow - The sink virtualinvoke $r11.<android.content.Intent: android.content.Intent setComponent(android.content.ComponentName)>($r2) in method <com.appboy.support.IntentUtils: void addComponentAndSendBroadcast(android.content.Context,android.content.Intent)> was called with values from the following sources:
[main] INFO soot.jimple.infoflow.android.SetupApplication$InPlaceInfoflow - - $r4 = virtualinvoke $r3.<android.content.pm.PackageManager: java.util.List queryBroadcastReceivers(android.content.Intent,int)>($r1, 0) in method <com.appboy.support.IntentUtils: void addComponentAndSendBroadcast(android.content.Context,android.content.Intent)>
[main] INFO soot.jimple.infoflow.android.SetupApplication$InPlaceInfoflow - The sink $r25 = virtualinvoke $r21.<java.net.HttpURLConnection: java.io.OutputStream getOutputStream()>() in method <com.helpshift.common.platform.AndroidHTTPTransport: com.helpshift.common.platform.network.Response makeNetworkRequest(com.helpshift.common.platform.network.Request)> was called with values from the following sources:
[main] INFO soot.jimple.infoflow.android.SetupApplication$InPlaceInfoflow - - $r1 = interfaceinvoke $r7.<android.database.Cursor: java.lang.String getString(int)>($i0) in method <com.helpshift.account.dao.UserDB: java.lang.String fetchLegacyAnalyticsEventId(java.lang.String)>
[main] INFO soot.jimple.infoflow.android.SetupApplication$InPlaceInfoflow - - $r9 = interfaceinvoke $r1.<android.database.Cursor: java.lang.String getString(int)>($i3) in method <com.helpshift.common.conversation.ConversationDB: com.helpshift.conversation.dto.dao.ConversationInboxRecord cursorToConversationInboxRecord(android.database.Cursor)>
[main] INFO soot.jimple.infoflow.android.SetupApplication$InPlaceInfoflow - - $r6 = interfaceinvoke $r13.<android.database.Cursor: java.lang.String getString(int)>($i1) in method <com.helpshift.common.conversation.ConversationDB: java.lang.String getOldestMessageCursor(long)>
[main] INFO soot.jimple.infoflow.android.SetupApplication$InPlaceInfoflow - - $r7 = interfaceinvoke $r1.<android.database.Cursor: java.lang.String getString(int)>($i0) in method <com.helpshift.account.dao.UserDB: com.helpshift.account.domainmodel.UserDM cursorToUserDM(android.database.Cursor)>
[main] INFO soot.jimple.infoflow.android.SetupApplication$InPlaceInfoflow - - $r6 = interfaceinvoke $r1.<android.database.Cursor: java.lang.String getString(int)>($i0) in method <com.helpshift.account.dao.UserDB: com.helpshift.account.domainmodel.UserDM cursorToUserDM(android.database.Cursor)>
[main] INFO soot.jimple.infoflow.android.SetupApplication$InPlaceInfoflow - - $r3 = interfaceinvoke $r1.<android.database.Cursor: java.lang.String getString(int)>($i0) in method <com.helpshift.account.dao.UserDB: com.helpshift.account.domainmodel.UserDM cursorToUserDM(android.database.Cursor)>
[main] INFO soot.jimple.infoflow.android.SetupApplication$InPlaceInfoflow - - $r5 = interfaceinvoke $r1.<android.database.Cursor: java.lang.String getString(int)>($i0) in method <com.helpshift.account.dao.UserDB: com.helpshift.account.domainmodel.UserDM cursorToUserDM(android.database.Cursor)>
[main] INFO soot.jimple.infoflow.android.SetupApplication$InPlaceInfoflow - - $r4 = interfaceinvoke $r1.<android.database.Cursor: java.lang.String getString(int)>($i0) in method <com.helpshift.account.dao.UserDB: com.helpshift.account.domainmodel.UserDM cursorToUserDM(android.database.Cursor)>
[main] INFO soot.jimple.infoflow.android.SetupApplication$InPlaceInfoflow - - $r5 = interfaceinvoke $r1.<android.database.Cursor: java.lang.String getString(int)>($i0) in method <com.helpshift.account.dao.UserDB: com.helpshift.migration.legacyUser.LegacyProfile cursorToLegacyProfile(android.database.Cursor)>
[main] INFO soot.jimple.infoflow.android.SetupApplication$InPlaceInfoflow - The sink $r0 = virtualinvoke $r0.<java.lang.String: java.lang.String replace(java.lang.CharSequence,java.lang.CharSequence)>($r6, $r7) in method <com.facebook.internal.Logger: java.lang.String replaceStrings(java.lang.String)> was called with values from the following sources:
[main] INFO soot.jimple.infoflow.android.SetupApplication$InPlaceInfoflow - - $r5 = virtualinvoke $r0.<java.net.HttpURLConnection: java.io.InputStream getInputStream()>() in method <com.facebook.GraphResponse: java.util.List fromHttpConnection(java.net.HttpURLConnection,com.facebook.GraphRequestBatch)>
[main] INFO soot.jimple.infoflow.android.SetupApplication$InPlaceInfoflow - The sink virtualinvoke $r12.<java.io.BufferedOutputStream: void write(byte[],int,int)>($r9, 0, $i0) in method <com.appboy.support.AppboyFileUtils: java.io.File downloadFileToPath(java.lang.String,java.lang.String,java.lang.String,java.lang.String)> was called with values from the following sources:
[main] INFO soot.jimple.infoflow.android.SetupApplication$InPlaceInfoflow - - $r11 = virtualinvoke $r8.<java.net.HttpURLConnection: java.io.InputStream getInputStream()>() in method <com.appboy.support.AppboyFileUtils: java.io.File downloadFileToPath(java.lang.String,java.lang.String,java.lang.String,java.lang.String)>
[main] INFO soot.jimple.infoflow.android.SetupApplication$InPlaceInfoflow - The sink staticinvoke <android.util.Log: int d(java.lang.String,java.lang.String)>($r1, $r2) in method <com.helpshift.logger.Logger: void d(java.lang.String,java.lang.String,java.lang.Throwable[],com.helpshift.logger.logmodels.ILogExtrasModel[])> was called with values from the following sources:
[main] INFO soot.jimple.infoflow.android.SetupApplication$InPlaceInfoflow - - $d0 = virtualinvoke $r1.<android.location.Location: double getLongitude()>() in method <com.helpshift.util.LocationUtil: android.location.Location sanitizeLocation(android.location.Location)>
[main] INFO soot.jimple.infoflow.android.SetupApplication$InPlaceInfoflow - - $r8 = interfaceinvoke $r7.<android.database.Cursor: java.lang.String getString(int)>($i0) in method <com.helpshift.support.widget.ImagePicker: java.io.File getImageFileFromMediaStorage(android.net.Uri)>
[main] INFO soot.jimple.infoflow.android.SetupApplication$InPlaceInfoflow - - $r8 = interfaceinvoke $r5.<android.database.Cursor: java.lang.String getString(int)>($i0) in method <com.helpshift.support.widget.ImagePicker: com.helpshift.conversation.dto.ImagePickerFile createImagePickerFileFromUri(android.net.Uri)>
[main] INFO soot.jimple.infoflow.android.SetupApplication$InPlaceInfoflow - - $d0 = virtualinvoke $r1.<android.location.Location: double getLatitude()>() in method <com.helpshift.util.LocationUtil: android.location.Location sanitizeLocation(android.location.Location)>
[main] INFO soot.jimple.infoflow.android.SetupApplication$InPlaceInfoflow - The sink staticinvoke <android.util.Log: int d(java.lang.String,java.lang.String)>($r10, $r11) in method <com.appboy.ui.actions.UriAction: android.content.Intent getActionViewIntent(android.content.Context,android.net.Uri,android.os.Bundle)> was called with values from the following sources:
[main] INFO soot.jimple.infoflow.android.SetupApplication$InPlaceInfoflow - - $r5 = virtualinvoke $r4.<android.content.pm.PackageManager: java.util.List queryIntentActivities(android.content.Intent,int)>(r3, 0) in method <com.appboy.ui.actions.UriAction: android.content.Intent getActionViewIntent(android.content.Context,android.net.Uri,android.os.Bundle)>
[main] INFO soot.jimple.infoflow.android.SetupApplication$InPlaceInfoflow - The sink staticinvoke <android.util.Log: int w(java.lang.String,java.lang.String)>($r1, $r6) in method <com.helpshift.logger.Logger: void w(java.lang.String,java.lang.String,java.lang.Throwable[],com.helpshift.logger.logmodels.ILogExtrasModel[])> was called with values from the following sources:
[main] INFO soot.jimple.infoflow.android.SetupApplication$InPlaceInfoflow - - $r31 = virtualinvoke $r21.<java.net.HttpURLConnection: java.io.InputStream getInputStream()>() in method <com.helpshift.common.platform.AndroidHTTPTransport: com.helpshift.common.platform.network.Response makeNetworkRequest(com.helpshift.common.platform.network.Request)>
[main] INFO soot.jimple.infoflow.android.SetupApplication$InPlaceInfoflow - - $r8 = interfaceinvoke $r7.<android.database.Cursor: java.lang.String getString(int)>($i0) in method <com.helpshift.support.widget.ImagePicker: java.io.File getImageFileFromMediaStorage(android.net.Uri)>
[main] INFO soot.jimple.infoflow.android.SetupApplication$InPlaceInfoflow - - $r9 = interfaceinvoke $r1.<android.database.Cursor: java.lang.String getString(int)>($i3) in method <com.helpshift.common.conversation.ConversationDB: com.helpshift.conversation.dto.dao.ConversationInboxRecord cursorToConversationInboxRecord(android.database.Cursor)>
[main] INFO soot.jimple.infoflow.android.SetupApplication$InPlaceInfoflow - - $r9 = interfaceinvoke $r1.<android.database.Cursor: java.lang.String getString(int)>($i0) in method <com.helpshift.common.conversation.ConversationDB: com.helpshift.conversation.activeconversation.ConversationDM cursorToReadableConversation(android.database.Cursor)>
[main] INFO soot.jimple.infoflow.android.SetupApplication$InPlaceInfoflow - - $r6 = interfaceinvoke $r1.<android.database.Cursor: java.lang.String getString(int)>($i0) in method <com.helpshift.common.conversation.ConversationDB: com.helpshift.conversation.activeconversation.ConversationDM cursorToReadableConversation(android.database.Cursor)>
[main] INFO soot.jimple.infoflow.android.SetupApplication$InPlaceInfoflow - - $r12 = interfaceinvoke $r1.<android.database.Cursor: java.lang.String getString(int)>($i0) in method <com.helpshift.common.conversation.ConversationDB: com.helpshift.conversation.activeconversation.ConversationDM cursorToReadableConversation(android.database.Cursor)>
[main] INFO soot.jimple.infoflow.android.SetupApplication$InPlaceInfoflow - - $r30 = virtualinvoke $r25.<java.net.HttpURLConnection: java.io.InputStream getInputStream()>() in method <com.helpshift.common.platform.AndroidHTTPTransport: com.helpshift.common.platform.network.Response upload(com.helpshift.common.platform.network.UploadRequest)>
[main] INFO soot.jimple.infoflow.android.SetupApplication$InPlaceInfoflow - - $r13 = interfaceinvoke $r1.<android.database.Cursor: java.lang.String getString(int)>($i0) in method <com.helpshift.common.conversation.ConversationDB: com.helpshift.conversation.activeconversation.ConversationDM cursorToReadableConversation(android.database.Cursor)>
[main] INFO soot.jimple.infoflow.android.SetupApplication$InPlaceInfoflow - - $r10 = interfaceinvoke $r1.<android.database.Cursor: java.lang.String getString(int)>($i0) in method <com.helpshift.common.conversation.ConversationDB: com.helpshift.conversation.activeconversation.ConversationDM cursorToReadableConversation(android.database.Cursor)>
[main] INFO soot.jimple.infoflow.android.SetupApplication$InPlaceInfoflow - - $r5 = interfaceinvoke $r1.<android.database.Cursor: java.lang.String getString(int)>($i0) in method <com.helpshift.account.dao.UserDB: com.helpshift.migration.legacyUser.LegacyProfile cursorToLegacyProfile(android.database.Cursor)>
[main] INFO soot.jimple.infoflow.android.SetupApplication$InPlaceInfoflow - - $d0 = virtualinvoke $r1.<android.location.Location: double getLongitude()>() in method <com.helpshift.util.LocationUtil: android.location.Location sanitizeLocation(android.location.Location)>
[main] INFO soot.jimple.infoflow.android.SetupApplication$InPlaceInfoflow - - $r1 = interfaceinvoke $r7.<android.database.Cursor: java.lang.String getString(int)>($i0) in method <com.helpshift.account.dao.UserDB: java.lang.String fetchLegacyAnalyticsEventId(java.lang.String)>
[main] INFO soot.jimple.infoflow.android.SetupApplication$InPlaceInfoflow - - $r5 = interfaceinvoke $r1.<android.database.Cursor: java.lang.String getString(int)>($i0) in method <com.helpshift.common.conversation.ConversationDB: com.helpshift.conversation.activeconversation.ConversationDM cursorToReadableConversation(android.database.Cursor)>
[main] INFO soot.jimple.infoflow.android.SetupApplication$InPlaceInfoflow - - $r6 = interfaceinvoke $r13.<android.database.Cursor: java.lang.String getString(int)>($i1) in method <com.helpshift.common.conversation.ConversationDB: java.lang.String getOldestMessageCursor(long)>
[main] INFO soot.jimple.infoflow.android.SetupApplication$InPlaceInfoflow - - $r11 = interfaceinvoke $r1.<android.database.Cursor: java.lang.String getString(int)>($i0) in method <com.helpshift.common.conversation.ConversationDB: com.helpshift.conversation.activeconversation.ConversationDM cursorToReadableConversation(android.database.Cursor)>
[main] INFO soot.jimple.infoflow.android.SetupApplication$InPlaceInfoflow - - $r8 = interfaceinvoke $r5.<android.database.Cursor: java.lang.String getString(int)>($i0) in method <com.helpshift.support.widget.ImagePicker: com.helpshift.conversation.dto.ImagePickerFile createImagePickerFileFromUri(android.net.Uri)>
[main] INFO soot.jimple.infoflow.android.SetupApplication$InPlaceInfoflow - - $r8 = interfaceinvoke $r1.<android.database.Cursor: java.lang.String getString(int)>($i0) in method <com.helpshift.common.conversation.ConversationDB: com.helpshift.conversation.activeconversation.ConversationDM cursorToReadableConversation(android.database.Cursor)>
[main] INFO soot.jimple.infoflow.android.SetupApplication$InPlaceInfoflow - - $r14 = interfaceinvoke $r1.<android.database.Cursor: java.lang.String getString(int)>($i0) in method <com.helpshift.common.conversation.ConversationDB: com.helpshift.conversation.activeconversation.ConversationDM cursorToReadableConversation(android.database.Cursor)>
[main] INFO soot.jimple.infoflow.android.SetupApplication$InPlaceInfoflow - - $r7 = interfaceinvoke $r1.<android.database.Cursor: java.lang.String getString(int)>($i0) in method <com.helpshift.common.conversation.ConversationDB: com.helpshift.conversation.activeconversation.ConversationDM cursorToReadableConversation(android.database.Cursor)>
[main] INFO soot.jimple.infoflow.android.SetupApplication$InPlaceInfoflow - - $d0 = virtualinvoke $r1.<android.location.Location: double getLatitude()>() in method <com.helpshift.util.LocationUtil: android.location.Location sanitizeLocation(android.location.Location)>
[main] INFO soot.jimple.infoflow.android.SetupApplication$InPlaceInfoflow - The sink virtualinvoke $r0.<android.content.Context: void sendBroadcast(android.content.Intent)>($r11) in method <com.appboy.support.IntentUtils: void addComponentAndSendBroadcast(android.content.Context,android.content.Intent)> was called with values from the following sources:
[main] INFO soot.jimple.infoflow.android.SetupApplication$InPlaceInfoflow - - $r4 = virtualinvoke $r3.<android.content.pm.PackageManager: java.util.List queryBroadcastReceivers(android.content.Intent,int)>($r1, 0) in method <com.appboy.support.IntentUtils: void addComponentAndSendBroadcast(android.content.Context,android.content.Intent)>
[main] INFO soot.jimple.infoflow.android.SetupApplication$InPlaceInfoflow - Data flow solver took 7218 seconds. Maximum memory consumption: 90757 MB
[main] INFO soot.jimple.infoflow.android.SetupApplication - Found 11 leaks
