[main] INFO soot.jimple.infoflow.cmd.MainClass - Analyzing app /home/hedj/Work/CleanPathEdge/artifacts/benchmarks/diskDroidBenchmarks/group1/org.gateshipone.odyssey_30.apk (1 of 1)...
[main] INFO soot.jimple.infoflow.android.SetupApplication - Initializing Soot...
[main] INFO soot.jimple.infoflow.android.SetupApplication - Loading dex files...
[main] INFO soot.jimple.infoflow.android.SetupApplication - ARSC file parsing took 0.028775986 seconds
[main] INFO soot.jimple.infoflow.memory.MemoryWarningSystem - Registered a memory warning system for 184,320 MiB
[main] INFO soot.jimple.infoflow.android.entryPointCreators.AndroidEntryPointCreator - Creating Android entry point for 10 components...
[main] WARN soot.jimple.infoflow.android.entryPointCreators.AndroidEntryPointCreator - Cannot generate constructor for phantom class androidx.lifecycle.ProcessLifecycleOwnerInitializer
[main] INFO soot.jimple.infoflow.android.SetupApplication - Constructing the callgraph...
[main] WARN soot.jimple.infoflow.android.resources.LayoutFileParser - Invalid target node for include tag in layout XML, was soot.jimple.infoflow.android.resources.ARSCFileParser$ReferenceResource
[main] INFO soot.jimple.infoflow.android.callbacks.DefaultCallbackAnalyzer - Collecting callbacks in DEFAULT mode...
[main] INFO soot.jimple.infoflow.android.callbacks.DefaultCallbackAnalyzer - Callback analysis done.
[main] WARN soot.jimple.infoflow.android.resources.LayoutFileParser - Invalid target node for include tag in layout XML, was soot.jimple.infoflow.android.resources.ARSCFileParser$ReferenceResource
[main] INFO soot.jimple.infoflow.android.entryPointCreators.AndroidEntryPointCreator - Creating Android entry point for 16 components...
[main] WARN soot.jimple.infoflow.android.entryPointCreators.components.FragmentEntryPointCreator - Cannot generate constructor for phantom class androidx.fragment.app.Fragment
[main] WARN soot.jimple.infoflow.android.entryPointCreators.components.BroadcastReceiverEntryPointCreator - Cannot create valid constructor for org.gateshipone.odyssey.activities.GenericActivity, because it is abstract and cannot substitute with subclass
[main] INFO soot.jimple.infoflow.android.SetupApplication - Constructing the callgraph...
[main] WARN soot.jimple.infoflow.android.resources.LayoutFileParser - Invalid target node for include tag in layout XML, was soot.jimple.infoflow.android.resources.ARSCFileParser$ReferenceResource
[main] INFO soot.jimple.infoflow.android.callbacks.DefaultCallbackAnalyzer - Running incremental callback analysis for 11 components...
[main] INFO soot.jimple.infoflow.android.callbacks.DefaultCallbackAnalyzer - Incremental callback analysis done.
[main] INFO soot.jimple.infoflow.android.entryPointCreators.AndroidEntryPointCreator - Creating Android entry point for 16 components...
[main] WARN soot.jimple.infoflow.android.entryPointCreators.components.FragmentEntryPointCreator - Cannot generate constructor for phantom class androidx.fragment.app.Fragment
[main] WARN soot.jimple.infoflow.android.entryPointCreators.components.BroadcastReceiverEntryPointCreator - Cannot create valid constructor for org.gateshipone.odyssey.activities.GenericActivity, because it is abstract and cannot substitute with subclass
[main] INFO soot.jimple.infoflow.android.SetupApplication - Constructing the callgraph...
[main] WARN soot.jimple.infoflow.android.resources.LayoutFileParser - Invalid target node for include tag in layout XML, was soot.jimple.infoflow.android.resources.ARSCFileParser$ReferenceResource
[main] INFO soot.jimple.infoflow.android.callbacks.DefaultCallbackAnalyzer - Running incremental callback analysis for 10 components...
[main] INFO soot.jimple.infoflow.android.callbacks.DefaultCallbackAnalyzer - Incremental callback analysis done.
[main] INFO soot.jimple.infoflow.android.entryPointCreators.AndroidEntryPointCreator - Creating Android entry point for 16 components...
[main] WARN soot.jimple.infoflow.android.entryPointCreators.components.FragmentEntryPointCreator - Cannot generate constructor for phantom class androidx.fragment.app.Fragment
[main] WARN soot.jimple.infoflow.android.entryPointCreators.components.BroadcastReceiverEntryPointCreator - Cannot create valid constructor for org.gateshipone.odyssey.activities.GenericActivity, because it is abstract and cannot substitute with subclass
[main] INFO soot.jimple.infoflow.android.SetupApplication - Constructing the callgraph...
[main] WARN soot.jimple.infoflow.android.resources.LayoutFileParser - Invalid target node for include tag in layout XML, was soot.jimple.infoflow.android.resources.ARSCFileParser$ReferenceResource
[main] INFO soot.jimple.infoflow.android.callbacks.DefaultCallbackAnalyzer - Running incremental callback analysis for 8 components...
[main] INFO soot.jimple.infoflow.android.callbacks.DefaultCallbackAnalyzer - Incremental callback analysis done.
[main] INFO soot.jimple.infoflow.android.entryPointCreators.AndroidEntryPointCreator - Creating Android entry point for 16 components...
[main] WARN soot.jimple.infoflow.android.entryPointCreators.components.FragmentEntryPointCreator - Cannot generate constructor for phantom class androidx.fragment.app.Fragment
[main] WARN soot.jimple.infoflow.android.entryPointCreators.components.BroadcastReceiverEntryPointCreator - Cannot create valid constructor for org.gateshipone.odyssey.activities.GenericActivity, because it is abstract and cannot substitute with subclass
[main] INFO soot.jimple.infoflow.android.SetupApplication - Constructing the callgraph...
[main] WARN soot.jimple.infoflow.android.resources.LayoutFileParser - Invalid target node for include tag in layout XML, was soot.jimple.infoflow.android.resources.ARSCFileParser$ReferenceResource
[main] INFO soot.jimple.infoflow.android.callbacks.DefaultCallbackAnalyzer - Running incremental callback analysis for 5 components...
[main] INFO soot.jimple.infoflow.android.callbacks.DefaultCallbackAnalyzer - Incremental callback analysis done.
[main] INFO soot.jimple.infoflow.android.entryPointCreators.AndroidEntryPointCreator - Creating Android entry point for 16 components...
[main] WARN soot.jimple.infoflow.android.entryPointCreators.components.FragmentEntryPointCreator - Cannot generate constructor for phantom class androidx.fragment.app.Fragment
[main] WARN soot.jimple.infoflow.android.entryPointCreators.components.BroadcastReceiverEntryPointCreator - Cannot create valid constructor for org.gateshipone.odyssey.activities.GenericActivity, because it is abstract and cannot substitute with subclass
[main] INFO soot.jimple.infoflow.android.SetupApplication - Constructing the callgraph...
[main] WARN soot.jimple.infoflow.android.resources.LayoutFileParser - Invalid target node for include tag in layout XML, was soot.jimple.infoflow.android.resources.ARSCFileParser$ReferenceResource
[main] INFO soot.jimple.infoflow.android.callbacks.DefaultCallbackAnalyzer - Running incremental callback analysis for 3 components...
[main] INFO soot.jimple.infoflow.android.callbacks.DefaultCallbackAnalyzer - Incremental callback analysis done.
[main] INFO soot.jimple.infoflow.memory.MemoryWarningSystem - Shutting down the memory warning system...
[main] INFO soot.jimple.infoflow.android.SetupApplication - Callback analysis terminated normally
[main] INFO soot.jimple.infoflow.android.SetupApplication - Entry point calculation done.
[main] WARN soot.jimple.infoflow.android.data.parsers.PermissionMethodParser - Line does not match: <org.springframework.web.servlet.tags.UrlTag: java.lang.String createUrl)> -> _SINK_
[main] WARN soot.jimple.infoflow.android.data.parsers.PermissionMethodParser - Line does not match: <org.springframework.orm.hibernate3.support.ClobStringType: int[] sqlTypes)> -> _SINK_
[main] WARN soot.jimple.infoflow.android.data.parsers.PermissionMethodParser - Line does not match: <org.springframework.security.config.http.CsrfBeanDefinitionParser: org.springframework.beans.factory.config.BeanDefinition getCsrfLogoutHandler)> -> _SOURCE_
[main] WARN soot.jimple.infoflow.android.data.parsers.PermissionMethodParser - Line does not match: <java.io.File: java.io.File getAbsoluteFile)> -> _SOURCE_
[main] WARN soot.jimple.infoflow.android.data.parsers.PermissionMethodParser - Line does not match: <org.springframework.security.config.http.FormLoginBeanDefinitionParser: java.lang.String getLoginPage)> -> _SOURCE_
[main] WARN soot.jimple.infoflow.android.data.parsers.PermissionMethodParser - Line does not match: <com.google.auth.oauth2.UserCredentials: java.lang.String getClientSecret)> -> _SOURCE_
[main] WARN soot.jimple.infoflow.android.data.parsers.PermissionMethodParser - Line does not match: <org.springframework.web.servlet.tags.UrlTag: java.lang.String createUrl)> -> _SOURCE_
[main] WARN soot.jimple.infoflow.android.data.parsers.PermissionMethodParser - Line does not match: <java.io.File: java.io.File getCanonicalFile)> -> _SOURCE_
[main] WARN soot.jimple.infoflow.android.data.parsers.PermissionMethodParser - Line does not match: <org.apache.xmlrpc.webserver.RequestData: java.lang.String getMethod)> -> _SOURCE_
[main] WARN soot.jimple.infoflow.android.data.parsers.PermissionMethodParser - Line does not match: <org.dmfs.oauth2.client.http.requests.ResourceOwnerPasswordTokenRequest: org.dmfs.httpclient.HttpRequestEntity requestEntity)> -> _SOURCE_
[main] WARN soot.jimple.infoflow.android.data.parsers.PermissionMethodParser - Line does not match: <org.springframework.security.concurrent.DelegatingSecurityContextExecutorService: java.util.concurrent.ExecutorService getDelegate)> -> _SOURCE_
[main] WARN soot.jimple.infoflow.android.data.parsers.PermissionMethodParser - Line does not match: <org.springframework.security.config.annotation.web.builders.HttpSecurity: org.springframework.security.config.'annotation'.web.configurers.HeadersConfigurer headers)> -> _SOURCE_
[main] WARN soot.jimple.infoflow.android.data.parsers.PermissionMethodParser - Line does not match: <org.springframework.web.servlet.tags.EscapeBodyTag: java.lang.String readBodyContent)> -> _SOURCE_
[main] WARN soot.jimple.infoflow.android.data.parsers.PermissionMethodParser - Line does not match: <org.springframework.security.config.http.FormLoginBeanDefinitionParser: java.lang.String getLoginProcessingUrl)> -> _SOURCE_
[main] WARN soot.jimple.infoflow.android.data.parsers.PermissionMethodParser - Line does not match: <org.springframework.security.config.annotation.web.configurers.LogoutConfigurer: java.util.List getLogoutHandlers)> -> _SOURCE_
[main] WARN soot.jimple.infoflow.android.data.parsers.PermissionMethodParser - Line does not match: <org.apache.xmlrpc.webserver.RequestData: java.lang.String getHttpVersion)> -> _SOURCE_
[main] WARN soot.jimple.infoflow.android.data.parsers.PermissionMethodParser - Line does not match: <com.google.auth.oauth2.DefaultCredentialsProvider: java.io.File getWellKnownCredentialsFile)> -> _SOURCE_
[main] WARN soot.jimple.infoflow.android.data.parsers.PermissionMethodParser - Line does not match: <org.apache.xmlrpc.webserver.HttpServletRequestImpl: void parseParameters)> -> _SOURCE_
[main] WARN soot.jimple.infoflow.android.data.parsers.PermissionMethodParser - Line does not match:     
[main] INFO soot.jimple.infoflow.android.source.AccessPathBasedSourceSinkManager - Created a SourceSinkManager with 68 sources, 194 sinks, and 126 callback methods.
[main] INFO soot.jimple.infoflow.android.SetupApplication - Collecting callbacks and building a callgraph took 6 seconds
[main] INFO soot.jimple.infoflow.android.SetupApplication - Running data flow analysis on /home/hedj/Work/CleanPathEdge/artifacts/benchmarks/diskDroidBenchmarks/group1/org.gateshipone.odyssey_30.apk with 68 sources and 194 sinks...
[main] INFO soot.jimple.infoflow.InfoflowConfiguration - Implicit flow tracking is NOT enabled
[main] INFO soot.jimple.infoflow.InfoflowConfiguration - Exceptional flow tracking is enabled
[main] INFO soot.jimple.infoflow.InfoflowConfiguration - Running with a maximum access path length of 5
[main] INFO soot.jimple.infoflow.InfoflowConfiguration - Using path-agnostic result collection
[main] INFO soot.jimple.infoflow.InfoflowConfiguration - Recursive access path shortening is enabled
[main] INFO soot.jimple.infoflow.InfoflowConfiguration - Taint analysis enabled: true
[main] INFO soot.jimple.infoflow.InfoflowConfiguration - Using alias algorithm FlowSensitive
[main] INFO soot.jimple.infoflow.memory.MemoryWarningSystem - Registered a memory warning system for 184,320 MiB
[main] INFO soot.jimple.infoflow.android.SetupApplication$InPlaceInfoflow - Callgraph construction took 0 seconds
[main] INFO soot.jimple.infoflow.codeOptimization.InterproceduralConstantValuePropagator - Removing side-effect free methods is disabled
[main] INFO soot.jimple.infoflow.android.SetupApplication$InPlaceInfoflow - Dead code elimination took 0.26754266 seconds
[main] INFO soot.jimple.infoflow.android.SetupApplication$InPlaceInfoflow - Callgraph has 4278 edges
[main] INFO soot.jimple.infoflow.android.SetupApplication$InPlaceInfoflow - Starting Taint Analysis
[main] INFO soot.jimple.infoflow.android.SetupApplication$InPlaceInfoflow - Using fine-grained garbage-collecting solver
[main] INFO soot.jimple.infoflow.android.SetupApplication$InPlaceInfoflow - Using fine-grained garbage-collecting solver
[main] INFO soot.jimple.infoflow.memory.FlowDroidTimeoutWatcher - FlowDroid timeout watcher started
[main] WARN soot.jimple.infoflow.android.SetupApplication$InPlaceInfoflow - Running with limited join point abstractions can break context-sensitive path builders
[main] INFO soot.jimple.infoflow.android.SetupApplication$InPlaceInfoflow - Looking for sources and sinks...
[main] INFO soot.jimple.infoflow.android.SetupApplication$InPlaceInfoflow - Source lookup done, found 19 sources and 114 sinks.
[main] INFO soot.jimple.infoflow.solver.gcSolver.finegrain.IFDSSolver - sleep time is 4
[FlowDroid] INFO soot.jimple.infoflow.solver.gcSolver.finegrain.IFDSSolver - sleep time is 4
[main] INFO soot.jimple.infoflow.solver.gcSolver.finegrain.IFDSSolver - forward end Summary size: 123378
[main] INFO soot.jimple.infoflow.solver.gcSolver.finegrain.FineGrainedReferenceCountingGarbageCollector - GC removes 36287 abstractions
[main] INFO soot.jimple.infoflow.solver.gcSolver.finegrain.FineGrainedReferenceCountingGarbageCollector - GC removes 2300571 path edges
[main] INFO soot.jimple.infoflow.solver.gcSolver.finegrain.FineGrainedReferenceCountingGarbageCollector - Remaining Path edges count is 1185
[main] INFO soot.jimple.infoflow.solver.gcSolver.finegrain.FineGrainedReferenceCountingGarbageCollector - Recorded Maximum Path edges count is 1516
[main] INFO soot.jimple.infoflow.solver.gcSolver.finegrain.FineGrainedReferenceCountingGarbageCollector - Recorded Maximum memory consumption is 1358
[main] INFO soot.jimple.infoflow.solver.gcSolver.finegrain.NormalGarbageCollector - class soot.jimple.infoflow.solver.cfg.InfoflowCFG
[main] INFO soot.jimple.infoflow.solver.gcSolver.finegrain.NormalGarbageCollector - #nodes of forward Abstraction Dependency Graph: 31385
[main] INFO soot.jimple.infoflow.solver.gcSolver.finegrain.NormalGarbageCollector - #edges of forward Abstraction Dependency Graph: 29740
[main] INFO soot.jimple.infoflow.solver.gcSolver.finegrain.NormalGarbageCollector - #dummy end summary edges of forward: 35398
[main] INFO soot.jimple.infoflow.solver.gcSolver.finegrain.NormalGarbageCollector - #end summary edges of forward: 123378
[main] INFO soot.jimple.infoflow.solver.gcSolver.finegrain.FineGrainedReferenceCountingGarbageCollector - GC removes 16909 abstractions
[main] INFO soot.jimple.infoflow.solver.gcSolver.finegrain.FineGrainedReferenceCountingGarbageCollector - GC removes 1198056 path edges
[main] INFO soot.jimple.infoflow.solver.gcSolver.finegrain.FineGrainedReferenceCountingGarbageCollector - Remaining Path edges count is 16
[main] INFO soot.jimple.infoflow.solver.gcSolver.finegrain.FineGrainedReferenceCountingGarbageCollector - Recorded Maximum Path edges count is 1338
[main] INFO soot.jimple.infoflow.solver.gcSolver.finegrain.FineGrainedReferenceCountingGarbageCollector - Recorded Maximum memory consumption is 1392
[main] INFO soot.jimple.infoflow.solver.gcSolver.finegrain.NormalGarbageCollector - class soot.jimple.infoflow.solver.cfg.BackwardsInfoflowCFG
[main] INFO soot.jimple.infoflow.solver.gcSolver.finegrain.NormalGarbageCollector - #nodes of backward Abstraction Dependency Graph: 7539
[main] INFO soot.jimple.infoflow.solver.gcSolver.finegrain.NormalGarbageCollector - #edges of backward Abstraction Dependency Graph: 6982
[main] INFO soot.jimple.infoflow.solver.gcSolver.finegrain.NormalGarbageCollector - #dummy end summary edges of backward: 16257
[main] INFO soot.jimple.infoflow.solver.gcSolver.finegrain.NormalGarbageCollector - #end summary edges of backward: 52806
[main] INFO soot.jimple.infoflow.android.SetupApplication$InPlaceInfoflow - Taint wrapper hits: 208221
[main] INFO soot.jimple.infoflow.android.SetupApplication$InPlaceInfoflow - Taint wrapper misses: 205754
[main] INFO soot.jimple.infoflow.android.SetupApplication$InPlaceInfoflow - IFDS problem with 2300566 forward and 1196250 backward edges solved in 11 seconds, processing 38 results...
[main] INFO soot.jimple.infoflow.android.SetupApplication$InPlaceInfoflow - Current memory consumption: 1395 MB
[main] INFO soot.jimple.infoflow.android.SetupApplication$InPlaceInfoflow - Memory consumption after cleanup: 279 MB
[main] INFO soot.jimple.infoflow.memory.FlowDroidTimeoutWatcher - FlowDroid timeout watcher started
[main] INFO soot.jimple.infoflow.data.pathBuilders.DefaultPathBuilderFactory$ShutdownBatchPathBuilder - Running path reconstruction batch 1 with 5 elements
[main] INFO soot.jimple.infoflow.data.pathBuilders.DefaultPathBuilderFactory$RepeatableContextSensitivePathBuilder - Obtainted 5 connections between sources and sinks
[main] INFO soot.jimple.infoflow.data.pathBuilders.DefaultPathBuilderFactory$RepeatableContextSensitivePathBuilder - Building path 1...
[main] INFO soot.jimple.infoflow.data.pathBuilders.DefaultPathBuilderFactory$RepeatableContextSensitivePathBuilder - Building path 2...
[main] INFO soot.jimple.infoflow.data.pathBuilders.DefaultPathBuilderFactory$RepeatableContextSensitivePathBuilder - Building path 3...
[main] INFO soot.jimple.infoflow.data.pathBuilders.DefaultPathBuilderFactory$RepeatableContextSensitivePathBuilder - Building path 4...
[main] INFO soot.jimple.infoflow.data.pathBuilders.DefaultPathBuilderFactory$RepeatableContextSensitivePathBuilder - Building path 5...
[main] INFO soot.jimple.infoflow.data.pathBuilders.DefaultPathBuilderFactory$ShutdownBatchPathBuilder - Running path reconstruction batch 2 with 5 elements
[main] INFO soot.jimple.infoflow.data.pathBuilders.DefaultPathBuilderFactory$RepeatableContextSensitivePathBuilder - Obtainted 5 connections between sources and sinks
[main] INFO soot.jimple.infoflow.data.pathBuilders.DefaultPathBuilderFactory$RepeatableContextSensitivePathBuilder - Building path 1...
[main] INFO soot.jimple.infoflow.data.pathBuilders.DefaultPathBuilderFactory$RepeatableContextSensitivePathBuilder - Building path 2...
[main] INFO soot.jimple.infoflow.data.pathBuilders.DefaultPathBuilderFactory$RepeatableContextSensitivePathBuilder - Building path 3...
[main] INFO soot.jimple.infoflow.data.pathBuilders.DefaultPathBuilderFactory$RepeatableContextSensitivePathBuilder - Building path 4...
[main] INFO soot.jimple.infoflow.data.pathBuilders.DefaultPathBuilderFactory$RepeatableContextSensitivePathBuilder - Building path 5...
[FlowDroid Timeout Watcher] INFO soot.jimple.infoflow.memory.FlowDroidTimeoutWatcher - FlowDroid timeout watcher terminated
[main] INFO soot.jimple.infoflow.data.pathBuilders.DefaultPathBuilderFactory$ShutdownBatchPathBuilder - Running path reconstruction batch 3 with 5 elements
[main] INFO soot.jimple.infoflow.data.pathBuilders.DefaultPathBuilderFactory$RepeatableContextSensitivePathBuilder - Obtainted 5 connections between sources and sinks
[main] INFO soot.jimple.infoflow.data.pathBuilders.DefaultPathBuilderFactory$RepeatableContextSensitivePathBuilder - Building path 1...
[main] INFO soot.jimple.infoflow.data.pathBuilders.DefaultPathBuilderFactory$RepeatableContextSensitivePathBuilder - Building path 2...
[main] INFO soot.jimple.infoflow.data.pathBuilders.DefaultPathBuilderFactory$RepeatableContextSensitivePathBuilder - Building path 3...
[main] INFO soot.jimple.infoflow.data.pathBuilders.DefaultPathBuilderFactory$RepeatableContextSensitivePathBuilder - Building path 4...
[main] INFO soot.jimple.infoflow.data.pathBuilders.DefaultPathBuilderFactory$RepeatableContextSensitivePathBuilder - Building path 5...
[main] INFO soot.jimple.infoflow.data.pathBuilders.DefaultPathBuilderFactory$ShutdownBatchPathBuilder - Running path reconstruction batch 4 with 5 elements
[main] INFO soot.jimple.infoflow.data.pathBuilders.DefaultPathBuilderFactory$RepeatableContextSensitivePathBuilder - Obtainted 5 connections between sources and sinks
[main] INFO soot.jimple.infoflow.data.pathBuilders.DefaultPathBuilderFactory$RepeatableContextSensitivePathBuilder - Building path 1...
[main] INFO soot.jimple.infoflow.data.pathBuilders.DefaultPathBuilderFactory$RepeatableContextSensitivePathBuilder - Building path 2...
[main] INFO soot.jimple.infoflow.data.pathBuilders.DefaultPathBuilderFactory$RepeatableContextSensitivePathBuilder - Building path 3...
[main] INFO soot.jimple.infoflow.data.pathBuilders.DefaultPathBuilderFactory$RepeatableContextSensitivePathBuilder - Building path 4...
[main] INFO soot.jimple.infoflow.data.pathBuilders.DefaultPathBuilderFactory$RepeatableContextSensitivePathBuilder - Building path 5...
[main] INFO soot.jimple.infoflow.data.pathBuilders.DefaultPathBuilderFactory$ShutdownBatchPathBuilder - Running path reconstruction batch 5 with 5 elements
[main] INFO soot.jimple.infoflow.data.pathBuilders.DefaultPathBuilderFactory$RepeatableContextSensitivePathBuilder - Obtainted 5 connections between sources and sinks
[main] INFO soot.jimple.infoflow.data.pathBuilders.DefaultPathBuilderFactory$RepeatableContextSensitivePathBuilder - Building path 1...
[main] INFO soot.jimple.infoflow.data.pathBuilders.DefaultPathBuilderFactory$RepeatableContextSensitivePathBuilder - Building path 2...
[main] INFO soot.jimple.infoflow.data.pathBuilders.DefaultPathBuilderFactory$RepeatableContextSensitivePathBuilder - Building path 3...
[main] INFO soot.jimple.infoflow.data.pathBuilders.DefaultPathBuilderFactory$RepeatableContextSensitivePathBuilder - Building path 4...
[main] INFO soot.jimple.infoflow.data.pathBuilders.DefaultPathBuilderFactory$RepeatableContextSensitivePathBuilder - Building path 5...
[main] INFO soot.jimple.infoflow.data.pathBuilders.DefaultPathBuilderFactory$ShutdownBatchPathBuilder - Running path reconstruction batch 6 with 5 elements
[main] INFO soot.jimple.infoflow.data.pathBuilders.DefaultPathBuilderFactory$RepeatableContextSensitivePathBuilder - Obtainted 5 connections between sources and sinks
[main] INFO soot.jimple.infoflow.data.pathBuilders.DefaultPathBuilderFactory$RepeatableContextSensitivePathBuilder - Building path 1...
[main] INFO soot.jimple.infoflow.data.pathBuilders.DefaultPathBuilderFactory$RepeatableContextSensitivePathBuilder - Building path 2...
[main] INFO soot.jimple.infoflow.data.pathBuilders.DefaultPathBuilderFactory$RepeatableContextSensitivePathBuilder - Building path 3...
[main] INFO soot.jimple.infoflow.data.pathBuilders.DefaultPathBuilderFactory$RepeatableContextSensitivePathBuilder - Building path 4...
[main] INFO soot.jimple.infoflow.data.pathBuilders.DefaultPathBuilderFactory$RepeatableContextSensitivePathBuilder - Building path 5...
[main] INFO soot.jimple.infoflow.data.pathBuilders.DefaultPathBuilderFactory$ShutdownBatchPathBuilder - Running path reconstruction batch 7 with 5 elements
[main] INFO soot.jimple.infoflow.data.pathBuilders.DefaultPathBuilderFactory$RepeatableContextSensitivePathBuilder - Obtainted 5 connections between sources and sinks
[main] INFO soot.jimple.infoflow.data.pathBuilders.DefaultPathBuilderFactory$RepeatableContextSensitivePathBuilder - Building path 1...
[main] INFO soot.jimple.infoflow.data.pathBuilders.DefaultPathBuilderFactory$RepeatableContextSensitivePathBuilder - Building path 2...
[main] INFO soot.jimple.infoflow.data.pathBuilders.DefaultPathBuilderFactory$RepeatableContextSensitivePathBuilder - Building path 3...
[main] INFO soot.jimple.infoflow.data.pathBuilders.DefaultPathBuilderFactory$RepeatableContextSensitivePathBuilder - Building path 4...
[main] INFO soot.jimple.infoflow.data.pathBuilders.DefaultPathBuilderFactory$RepeatableContextSensitivePathBuilder - Building path 5...
[main] INFO soot.jimple.infoflow.data.pathBuilders.DefaultPathBuilderFactory$ShutdownBatchPathBuilder - Running path reconstruction batch 8 with 3 elements
[main] INFO soot.jimple.infoflow.data.pathBuilders.DefaultPathBuilderFactory$RepeatableContextSensitivePathBuilder - Obtainted 3 connections between sources and sinks
[main] INFO soot.jimple.infoflow.data.pathBuilders.DefaultPathBuilderFactory$RepeatableContextSensitivePathBuilder - Building path 1...
[main] INFO soot.jimple.infoflow.data.pathBuilders.DefaultPathBuilderFactory$RepeatableContextSensitivePathBuilder - Building path 2...
[main] INFO soot.jimple.infoflow.data.pathBuilders.DefaultPathBuilderFactory$RepeatableContextSensitivePathBuilder - Building path 3...
[main] INFO soot.jimple.infoflow.memory.MemoryWarningSystem - Shutting down the memory warning system...
[main] INFO soot.jimple.infoflow.android.SetupApplication$InPlaceInfoflow - Memory consumption after path building: 374 MB
[main] INFO soot.jimple.infoflow.android.SetupApplication$InPlaceInfoflow - Path reconstruction took 1 seconds
[main] INFO soot.jimple.infoflow.android.SetupApplication$InPlaceInfoflow - The sink virtualinvoke r0.<org.gateshipone.odyssey.playbackservice.PlaybackService: android.content.ComponentName startService(android.content.Intent)>($r3) in method <org.gateshipone.odyssey.playbackservice.PlaybackService: void resume()> was called with values from the following sources:
[main] INFO soot.jimple.infoflow.android.SetupApplication$InPlaceInfoflow - - $r9 = interfaceinvoke $r7.<android.database.Cursor: java.lang.String getString(int)>($i2) in method <org.gateshipone.odyssey.playbackservice.statemanager.OdysseyDatabaseManager: java.util.List readPlaylist()>
[main] INFO soot.jimple.infoflow.android.SetupApplication$InPlaceInfoflow - - $r11 = interfaceinvoke $r7.<android.database.Cursor: java.lang.String getString(int)>($i2) in method <org.gateshipone.odyssey.playbackservice.statemanager.OdysseyDatabaseManager: java.util.List readPlaylist()>
[main] INFO soot.jimple.infoflow.android.SetupApplication$InPlaceInfoflow - - $r6 = interfaceinvoke $r7.<android.database.Cursor: java.lang.String getString(int)>($i0) in method <org.gateshipone.odyssey.playbackservice.statemanager.OdysseyDatabaseManager: java.util.List readPlaylist()>
[main] INFO soot.jimple.infoflow.android.SetupApplication$InPlaceInfoflow - - $r10 = interfaceinvoke $r7.<android.database.Cursor: java.lang.String getString(int)>($i2) in method <org.gateshipone.odyssey.playbackservice.statemanager.OdysseyDatabaseManager: java.util.List readPlaylist()>
[main] INFO soot.jimple.infoflow.android.SetupApplication$InPlaceInfoflow - - $r8 = interfaceinvoke $r7.<android.database.Cursor: java.lang.String getString(int)>($i2) in method <org.gateshipone.odyssey.playbackservice.statemanager.OdysseyDatabaseManager: java.util.List readPlaylist()>
[main] INFO soot.jimple.infoflow.android.SetupApplication$InPlaceInfoflow - The sink virtualinvoke $r5.<org.gateshipone.odyssey.playbackservice.PlaybackService: void sendBroadcast(android.content.Intent)>($r1) in method <org.gateshipone.odyssey.playbackservice.managers.PlaybackServiceStatusHelper: void notifyLastFM(org.gateshipone.odyssey.models.TrackModel,org.gateshipone.odyssey.playbackservice.managers.PlaybackServiceStatusHelper$SLS_STATES)> was called with values from the following sources:
[main] INFO soot.jimple.infoflow.android.SetupApplication$InPlaceInfoflow - - $r9 = interfaceinvoke $r7.<android.database.Cursor: java.lang.String getString(int)>($i2) in method <org.gateshipone.odyssey.playbackservice.statemanager.OdysseyDatabaseManager: java.util.List readPlaylist()>
[main] INFO soot.jimple.infoflow.android.SetupApplication$InPlaceInfoflow - - $r11 = interfaceinvoke $r7.<android.database.Cursor: java.lang.String getString(int)>($i2) in method <org.gateshipone.odyssey.playbackservice.statemanager.OdysseyDatabaseManager: java.util.List readPlaylist()>
[main] INFO soot.jimple.infoflow.android.SetupApplication$InPlaceInfoflow - - $r6 = interfaceinvoke $r7.<android.database.Cursor: java.lang.String getString(int)>($i0) in method <org.gateshipone.odyssey.playbackservice.statemanager.OdysseyDatabaseManager: java.util.List readPlaylist()>
[main] INFO soot.jimple.infoflow.android.SetupApplication$InPlaceInfoflow - - $r10 = interfaceinvoke $r7.<android.database.Cursor: java.lang.String getString(int)>($i2) in method <org.gateshipone.odyssey.playbackservice.statemanager.OdysseyDatabaseManager: java.util.List readPlaylist()>
[main] INFO soot.jimple.infoflow.android.SetupApplication$InPlaceInfoflow - - $r8 = interfaceinvoke $r7.<android.database.Cursor: java.lang.String getString(int)>($i2) in method <org.gateshipone.odyssey.playbackservice.statemanager.OdysseyDatabaseManager: java.util.List readPlaylist()>
[main] INFO soot.jimple.infoflow.android.SetupApplication$InPlaceInfoflow - The sink virtualinvoke $r4.<org.gateshipone.odyssey.playbackservice.PlaybackService: void sendBroadcast(android.content.Intent)>($r1) in method <org.gateshipone.odyssey.playbackservice.managers.PlaybackServiceStatusHelper: void broadcastPlaybackInformation(org.gateshipone.odyssey.playbackservice.NowPlayingInformation)> was called with values from the following sources:
[main] INFO soot.jimple.infoflow.android.SetupApplication$InPlaceInfoflow - - $r9 = interfaceinvoke $r7.<android.database.Cursor: java.lang.String getString(int)>($i2) in method <org.gateshipone.odyssey.playbackservice.statemanager.OdysseyDatabaseManager: java.util.List readPlaylist()>
[main] INFO soot.jimple.infoflow.android.SetupApplication$InPlaceInfoflow - - $r11 = interfaceinvoke $r7.<android.database.Cursor: java.lang.String getString(int)>($i2) in method <org.gateshipone.odyssey.playbackservice.statemanager.OdysseyDatabaseManager: java.util.List readPlaylist()>
[main] INFO soot.jimple.infoflow.android.SetupApplication$InPlaceInfoflow - - $r6 = interfaceinvoke $r7.<android.database.Cursor: java.lang.String getString(int)>($i0) in method <org.gateshipone.odyssey.playbackservice.statemanager.OdysseyDatabaseManager: java.util.List readPlaylist()>
[main] INFO soot.jimple.infoflow.android.SetupApplication$InPlaceInfoflow - - $r10 = interfaceinvoke $r7.<android.database.Cursor: java.lang.String getString(int)>($i2) in method <org.gateshipone.odyssey.playbackservice.statemanager.OdysseyDatabaseManager: java.util.List readPlaylist()>
[main] INFO soot.jimple.infoflow.android.SetupApplication$InPlaceInfoflow - - $r8 = interfaceinvoke $r7.<android.database.Cursor: java.lang.String getString(int)>($i2) in method <org.gateshipone.odyssey.playbackservice.statemanager.OdysseyDatabaseManager: java.util.List readPlaylist()>
[main] INFO soot.jimple.infoflow.android.SetupApplication$InPlaceInfoflow - The sink virtualinvoke r0.<org.gateshipone.odyssey.playbackservice.PlaybackService: android.content.Intent registerReceiver(android.content.BroadcastReceiver,android.content.IntentFilter)>($r11, $r12) in method <org.gateshipone.odyssey.playbackservice.PlaybackService: void onCreate()> was called with values from the following sources:
[main] INFO soot.jimple.infoflow.android.SetupApplication$InPlaceInfoflow - - $r9 = interfaceinvoke $r7.<android.database.Cursor: java.lang.String getString(int)>($i2) in method <org.gateshipone.odyssey.playbackservice.statemanager.OdysseyDatabaseManager: java.util.List readPlaylist()>
[main] INFO soot.jimple.infoflow.android.SetupApplication$InPlaceInfoflow - - $r11 = interfaceinvoke $r7.<android.database.Cursor: java.lang.String getString(int)>($i2) in method <org.gateshipone.odyssey.playbackservice.statemanager.OdysseyDatabaseManager: java.util.List readPlaylist()>
[main] INFO soot.jimple.infoflow.android.SetupApplication$InPlaceInfoflow - - $r6 = interfaceinvoke $r7.<android.database.Cursor: java.lang.String getString(int)>($i0) in method <org.gateshipone.odyssey.playbackservice.statemanager.OdysseyDatabaseManager: java.util.List readPlaylist()>
[main] INFO soot.jimple.infoflow.android.SetupApplication$InPlaceInfoflow - - $r10 = interfaceinvoke $r7.<android.database.Cursor: java.lang.String getString(int)>($i2) in method <org.gateshipone.odyssey.playbackservice.statemanager.OdysseyDatabaseManager: java.util.List readPlaylist()>
[main] INFO soot.jimple.infoflow.android.SetupApplication$InPlaceInfoflow - - $r8 = interfaceinvoke $r7.<android.database.Cursor: java.lang.String getString(int)>($i2) in method <org.gateshipone.odyssey.playbackservice.statemanager.OdysseyDatabaseManager: java.util.List readPlaylist()>
[main] INFO soot.jimple.infoflow.android.SetupApplication$InPlaceInfoflow - The sink virtualinvoke $r7.<org.gateshipone.odyssey.playbackservice.PlaybackService: void sendBroadcast(android.content.Intent)>($r6) in method <org.gateshipone.odyssey.playbackservice.GaplessPlayer$1: void onPrepared(android.media.MediaPlayer)> was called with values from the following sources:
[main] INFO soot.jimple.infoflow.android.SetupApplication$InPlaceInfoflow - - $r9 = interfaceinvoke $r7.<android.database.Cursor: java.lang.String getString(int)>($i2) in method <org.gateshipone.odyssey.playbackservice.statemanager.OdysseyDatabaseManager: java.util.List readPlaylist()>
[main] INFO soot.jimple.infoflow.android.SetupApplication$InPlaceInfoflow - - $r11 = interfaceinvoke $r7.<android.database.Cursor: java.lang.String getString(int)>($i2) in method <org.gateshipone.odyssey.playbackservice.statemanager.OdysseyDatabaseManager: java.util.List readPlaylist()>
[main] INFO soot.jimple.infoflow.android.SetupApplication$InPlaceInfoflow - - $r6 = interfaceinvoke $r7.<android.database.Cursor: java.lang.String getString(int)>($i0) in method <org.gateshipone.odyssey.playbackservice.statemanager.OdysseyDatabaseManager: java.util.List readPlaylist()>
[main] INFO soot.jimple.infoflow.android.SetupApplication$InPlaceInfoflow - - $r10 = interfaceinvoke $r7.<android.database.Cursor: java.lang.String getString(int)>($i2) in method <org.gateshipone.odyssey.playbackservice.statemanager.OdysseyDatabaseManager: java.util.List readPlaylist()>
[main] INFO soot.jimple.infoflow.android.SetupApplication$InPlaceInfoflow - - $r8 = interfaceinvoke $r7.<android.database.Cursor: java.lang.String getString(int)>($i2) in method <org.gateshipone.odyssey.playbackservice.statemanager.OdysseyDatabaseManager: java.util.List readPlaylist()>
[main] INFO soot.jimple.infoflow.android.SetupApplication$InPlaceInfoflow - The sink virtualinvoke $r14.<org.gateshipone.odyssey.playbackservice.PlaybackService: void sendBroadcast(android.content.Intent)>($r13) in method <org.gateshipone.odyssey.playbackservice.GaplessPlayer$TrackCompletionListener: void onCompletion(android.media.MediaPlayer)> was called with values from the following sources:
[main] INFO soot.jimple.infoflow.android.SetupApplication$InPlaceInfoflow - - $r9 = interfaceinvoke $r7.<android.database.Cursor: java.lang.String getString(int)>($i2) in method <org.gateshipone.odyssey.playbackservice.statemanager.OdysseyDatabaseManager: java.util.List readPlaylist()>
[main] INFO soot.jimple.infoflow.android.SetupApplication$InPlaceInfoflow - - $r11 = interfaceinvoke $r7.<android.database.Cursor: java.lang.String getString(int)>($i2) in method <org.gateshipone.odyssey.playbackservice.statemanager.OdysseyDatabaseManager: java.util.List readPlaylist()>
[main] INFO soot.jimple.infoflow.android.SetupApplication$InPlaceInfoflow - - $r6 = interfaceinvoke $r7.<android.database.Cursor: java.lang.String getString(int)>($i0) in method <org.gateshipone.odyssey.playbackservice.statemanager.OdysseyDatabaseManager: java.util.List readPlaylist()>
[main] INFO soot.jimple.infoflow.android.SetupApplication$InPlaceInfoflow - - $r10 = interfaceinvoke $r7.<android.database.Cursor: java.lang.String getString(int)>($i2) in method <org.gateshipone.odyssey.playbackservice.statemanager.OdysseyDatabaseManager: java.util.List readPlaylist()>
[main] INFO soot.jimple.infoflow.android.SetupApplication$InPlaceInfoflow - - $r8 = interfaceinvoke $r7.<android.database.Cursor: java.lang.String getString(int)>($i2) in method <org.gateshipone.odyssey.playbackservice.statemanager.OdysseyDatabaseManager: java.util.List readPlaylist()>
[main] INFO soot.jimple.infoflow.android.SetupApplication$InPlaceInfoflow - The sink virtualinvoke $r1.<android.content.Context: void sendBroadcast(android.content.Intent)>($r2) in method <org.gateshipone.odyssey.artwork.ArtworkManager: void broadcastNewArtwokInfo(org.gateshipone.odyssey.artwork.network.ArtworkRequestModel,android.content.Context)> was called with values from the following sources:
[main] INFO soot.jimple.infoflow.android.SetupApplication$InPlaceInfoflow - - $r8 = interfaceinvoke $r5.<android.database.Cursor: java.lang.String getString(int)>($i2) in method <org.gateshipone.odyssey.utils.MusicLibraryHelper: java.util.List getAllAlbums(android.content.Context)>
[main] INFO soot.jimple.infoflow.android.SetupApplication$InPlaceInfoflow - - $r6 = interfaceinvoke $r5.<android.database.Cursor: java.lang.String getString(int)>($i0) in method <org.gateshipone.odyssey.utils.MusicLibraryHelper: java.util.List getAllAlbums(android.content.Context)>
[main] INFO soot.jimple.infoflow.android.SetupApplication$InPlaceInfoflow - - $r7 = interfaceinvoke $r5.<android.database.Cursor: java.lang.String getString(int)>($i1) in method <org.gateshipone.odyssey.utils.MusicLibraryHelper: java.util.List getAllAlbums(android.content.Context)>
[main] INFO soot.jimple.infoflow.android.SetupApplication$InPlaceInfoflow - - $r5 = interfaceinvoke $r4.<android.database.Cursor: java.lang.String getString(int)>($i0) in method <org.gateshipone.odyssey.utils.MusicLibraryHelper: java.util.List getAllArtists(boolean,android.content.Context)>
[main] INFO soot.jimple.infoflow.android.SetupApplication$InPlaceInfoflow - - $r9 = interfaceinvoke $r5.<android.database.Cursor: java.lang.String getString(int)>($i3) in method <org.gateshipone.odyssey.utils.MusicLibraryHelper: java.util.List getAllAlbums(android.content.Context)>
[main] INFO soot.jimple.infoflow.android.SetupApplication$InPlaceInfoflow - The sink virtualinvoke r0.<org.gateshipone.odyssey.playbackservice.PlaybackService: android.content.ComponentName startService(android.content.Intent)>($r3) in method <org.gateshipone.odyssey.playbackservice.PlaybackService: void jumpToIndex(int,int)> was called with values from the following sources:
[main] INFO soot.jimple.infoflow.android.SetupApplication$InPlaceInfoflow - - $r9 = interfaceinvoke $r7.<android.database.Cursor: java.lang.String getString(int)>($i2) in method <org.gateshipone.odyssey.playbackservice.statemanager.OdysseyDatabaseManager: java.util.List readPlaylist()>
[main] INFO soot.jimple.infoflow.android.SetupApplication$InPlaceInfoflow - - $r11 = interfaceinvoke $r7.<android.database.Cursor: java.lang.String getString(int)>($i2) in method <org.gateshipone.odyssey.playbackservice.statemanager.OdysseyDatabaseManager: java.util.List readPlaylist()>
[main] INFO soot.jimple.infoflow.android.SetupApplication$InPlaceInfoflow - - $r6 = interfaceinvoke $r7.<android.database.Cursor: java.lang.String getString(int)>($i0) in method <org.gateshipone.odyssey.playbackservice.statemanager.OdysseyDatabaseManager: java.util.List readPlaylist()>
[main] INFO soot.jimple.infoflow.android.SetupApplication$InPlaceInfoflow - - $r8 = interfaceinvoke $r7.<android.database.Cursor: java.lang.String getString(int)>($i2) in method <org.gateshipone.odyssey.playbackservice.statemanager.OdysseyDatabaseManager: java.util.List readPlaylist()>
[main] INFO soot.jimple.infoflow.android.SetupApplication$InPlaceInfoflow - - $r10 = interfaceinvoke $r7.<android.database.Cursor: java.lang.String getString(int)>($i2) in method <org.gateshipone.odyssey.playbackservice.statemanager.OdysseyDatabaseManager: java.util.List readPlaylist()>
[main] INFO soot.jimple.infoflow.android.SetupApplication$InPlaceInfoflow - The sink virtualinvoke $r1.<android.os.Bundle: void putParcelable(java.lang.String,android.os.Parcelable)>("albummodel", $r2) in method <org.gateshipone.odyssey.fragments.AlbumTracksFragment: org.gateshipone.odyssey.fragments.AlbumTracksFragment newInstance(org.gateshipone.odyssey.models.AlbumModel,android.graphics.Bitmap)> was called with values from the following sources:
[main] INFO soot.jimple.infoflow.android.SetupApplication$InPlaceInfoflow - - $r7 = interfaceinvoke $r5.<android.database.Cursor: java.lang.String getString(int)>($i0) in method <org.gateshipone.odyssey.utils.MusicLibraryHelper: org.gateshipone.odyssey.models.AlbumModel createAlbumModelFromKey(java.lang.String,android.content.Context)>
[main] INFO soot.jimple.infoflow.android.SetupApplication$InPlaceInfoflow - - $r8 = interfaceinvoke $r5.<android.database.Cursor: java.lang.String getString(int)>($i0) in method <org.gateshipone.odyssey.utils.MusicLibraryHelper: org.gateshipone.odyssey.models.AlbumModel createAlbumModelFromKey(java.lang.String,android.content.Context)>
[main] INFO soot.jimple.infoflow.android.SetupApplication$InPlaceInfoflow - - $r9 = interfaceinvoke $r5.<android.database.Cursor: java.lang.String getString(int)>($i0) in method <org.gateshipone.odyssey.utils.MusicLibraryHelper: org.gateshipone.odyssey.models.AlbumModel createAlbumModelFromKey(java.lang.String,android.content.Context)>
[main] INFO soot.jimple.infoflow.android.SetupApplication$InPlaceInfoflow - The sink virtualinvoke r0.<org.gateshipone.odyssey.artwork.BulkDownloadService: android.content.Intent registerReceiver(android.content.BroadcastReceiver,android.content.IntentFilter)>($r1, $r2) in method <org.gateshipone.odyssey.artwork.BulkDownloadService: void runAsForeground()> was called with values from the following sources:
[main] INFO soot.jimple.infoflow.android.SetupApplication$InPlaceInfoflow - - $r8 = interfaceinvoke $r5.<android.database.Cursor: java.lang.String getString(int)>($i2) in method <org.gateshipone.odyssey.utils.MusicLibraryHelper: java.util.List getAllAlbums(android.content.Context)>
[main] INFO soot.jimple.infoflow.android.SetupApplication$InPlaceInfoflow - - $r7 = interfaceinvoke $r5.<android.database.Cursor: java.lang.String getString(int)>($i1) in method <org.gateshipone.odyssey.utils.MusicLibraryHelper: java.util.List getAllAlbums(android.content.Context)>
[main] INFO soot.jimple.infoflow.android.SetupApplication$InPlaceInfoflow - - $r6 = interfaceinvoke $r5.<android.database.Cursor: java.lang.String getString(int)>($i0) in method <org.gateshipone.odyssey.utils.MusicLibraryHelper: java.util.List getAllAlbums(android.content.Context)>
[main] INFO soot.jimple.infoflow.android.SetupApplication$InPlaceInfoflow - - $r5 = interfaceinvoke $r4.<android.database.Cursor: java.lang.String getString(int)>($i0) in method <org.gateshipone.odyssey.utils.MusicLibraryHelper: java.util.List getAllArtists(boolean,android.content.Context)>
[main] INFO soot.jimple.infoflow.android.SetupApplication$InPlaceInfoflow - - $r9 = interfaceinvoke $r5.<android.database.Cursor: java.lang.String getString(int)>($i3) in method <org.gateshipone.odyssey.utils.MusicLibraryHelper: java.util.List getAllAlbums(android.content.Context)>
[main] INFO soot.jimple.infoflow.android.SetupApplication$InPlaceInfoflow - Data flow solver took 14 seconds. Maximum memory consumption: 1395 MB
[main] INFO soot.jimple.infoflow.android.SetupApplication - Found 10 leaks
